#
# There is insufficient memory for the Java Runtime Environment to continue.
# Native memory allocation (malloc) failed to allocate 1352736 bytes for Chunk::new
# Possible reasons:
#   The system is out of physical RAM or swap space
#   In 32 bit mode, the process size limit was hit
# Possible solutions:
#   Reduce memory load on the system
#   Increase physical memory or swap space
#   Check if swap backing store is full
#   Use 64 bit Java on a 64 bit OS
#   Decrease Java heap size (-Xmx/-Xms)
#   Decrease number of Java threads
#   Decrease Java thread stack sizes (-Xss)
#   Set larger code cache with -XX:ReservedCodeCacheSize=
# This output file may be truncated or incomplete.
#
#  Out of Memory Error (allocation.cpp:390), pid=4240, tid=8992
#
# JRE version: Java(TM) SE Runtime Environment (8.0_31-b13) (build 1.8.0_31-b13)
# Java VM: Java HotSpot(TM) 64-Bit Server VM (25.31-b07 mixed mode windows-amd64 compressed oops)
# Failed to write core dump. Minidumps are not enabled by default on client versions of Windows
#

---------------  T H R E A D  ---------------

Current thread (0x0000000017cf7800):  JavaThread "C2 CompilerThread0" daemon [_thread_in_native, id=8992, stack(0x00000000182d0000,0x00000000183d0000)]

Stack: [0x00000000182d0000,0x00000000183d0000]
Native frames: (J=compiled Java code, j=interpreted, Vv=VM code, C=native code)
V  [jvm.dll+0x3169ba]
V  [jvm.dll+0x2674c3]
V  [jvm.dll+0x268103]
V  [jvm.dll+0x25f8f5]
V  [jvm.dll+0xbf025]
V  [jvm.dll+0xbf4cc]
V  [jvm.dll+0x45df82]
V  [jvm.dll+0x49f21f]
V  [jvm.dll+0x452b35]
V  [jvm.dll+0x454124]
V  [jvm.dll+0x437c62]
V  [jvm.dll+0x988e2]
V  [jvm.dll+0x990d3]
V  [jvm.dll+0x22c194]
V  [jvm.dll+0x28576a]
C  [msvcr100.dll+0x21d9f]
C  [msvcr100.dll+0x21e3b]
C  [KERNEL32.DLL+0x18102]
C  [ntdll.dll+0x5c5b4]


Current CompileTask:
C2:   6485 2177       4       com.android.dx.dex.code.OutputFinisher::addConstants (93 bytes)


---------------  P R O C E S S  ---------------

Java Threads: ( => current thread )
  0x00000000188de800 JavaThread "pool-1-thread-1" [_thread_in_Java, id=9760, stack(0x000000001c660000,0x000000001c760000)]
  0x0000000017d0c800 JavaThread "Service Thread" daemon [_thread_blocked, id=7528, stack(0x00000000186d0000,0x00000000187d0000)]
  0x0000000017d02800 JavaThread "C1 CompilerThread3" daemon [_thread_blocked, id=10988, stack(0x00000000185d0000,0x00000000186d0000)]
  0x0000000017cff800 JavaThread "C2 CompilerThread2" daemon [_thread_in_native, id=7404, stack(0x00000000184d0000,0x00000000185d0000)]
  0x0000000017cf9800 JavaThread "C2 CompilerThread1" daemon [_thread_in_native, id=5232, stack(0x00000000183d0000,0x00000000184d0000)]
=>0x0000000017cf7800 JavaThread "C2 CompilerThread0" daemon [_thread_in_native, id=8992, stack(0x00000000182d0000,0x00000000183d0000)]
  0x0000000017cf5800 JavaThread "Attach Listener" daemon [_thread_blocked, id=6960, stack(0x00000000181d0000,0x00000000182d0000)]
  0x0000000015cfe800 JavaThread "Signal Dispatcher" daemon [_thread_blocked, id=10904, stack(0x00000000180d0000,0x00000000181d0000)]
  0x0000000003198800 JavaThread "Finalizer" daemon [_thread_blocked, id=10524, stack(0x0000000017bc0000,0x0000000017cc0000)]
  0x0000000015cec000 JavaThread "Reference Handler" daemon [_thread_blocked, id=5428, stack(0x0000000017ac0000,0x0000000017bc0000)]
  0x0000000002f3e000 JavaThread "main" [_thread_blocked, id=4164, stack(0x0000000002fa0000,0x00000000030a0000)]

Other Threads:
  0x0000000015ce8000 VMThread [stack: 0x00000000179c0000,0x0000000017ac0000] [id=7896]
  0x0000000017d0d800 WatcherThread [stack: 0x00000000187d0000,0x00000000188d0000] [id=7564]

VM state:not at safepoint (normal execution)

VM Mutex/Monitor currently owned by a thread: None

Heap:
 PSYoungGen      total 138240K, used 18657K [0x00000000eab00000, 0x00000000fe300000, 0x0000000100000000)
  eden space 133120K, 10% used [0x00000000eab00000,0x00000000eb83a040,0x00000000f2d00000)
  from space 5120K, 99% used [0x00000000f2d00000,0x00000000f31fe3f8,0x00000000f3200000)
  to   space 26624K, 0% used [0x00000000fc900000,0x00000000fc900000,0x00000000fe300000)
 ParOldGen       total 87552K, used 44456K [0x00000000c0000000, 0x00000000c5580000, 0x00000000eab00000)
  object space 87552K, 50% used [0x00000000c0000000,0x00000000c2b6a210,0x00000000c5580000)
 Metaspace       used 6511K, capacity 7256K, committed 7424K, reserved 1056768K
  class space    used 620K, capacity 656K, committed 768K, reserved 1048576K

Card table byte_map: [0x0000000012570000,0x0000000012780000] byte_map_base: 0x0000000011f70000

Marking Bits: (ParMarkBitMap*) 0x0000000050d3d4f0
 Begin Bits: [0x00000000130e0000, 0x00000000140e0000)
 End Bits:   [0x00000000140e0000, 0x00000000150e0000)

Polling page: 0x0000000002f20000

CodeCache: size=245760Kb used=9305Kb max_used=9319Kb free=236454Kb
 bounds [0x00000000031b0000, 0x0000000003ae0000, 0x00000000121b0000]
 total_blobs=2376 nmethods=2110 adapters=179
 compilation: enabled

Compilation events (10 events):
Event: 6.433 Thread 0x0000000017d02800 2191       3       com.android.dx.rop.cst.CstMemberRef::hashCode (19 bytes)
Event: 6.433 Thread 0x0000000017d02800 nmethod 2191 0x0000000003abc610 code [0x0000000003abc7c0, 0x0000000003abcfe8]
Event: 6.443 Thread 0x0000000017d02800 2192 %     3       com.android.dx.dex.file.CodeItem::addContents @ 142 (174 bytes)
Event: 6.444 Thread 0x0000000017d02800 nmethod 2192% 0x0000000003ac2410 code [0x0000000003ac2720, 0x0000000003ac4128]
Event: 6.449 Thread 0x0000000017d02800 2194   !   3       com.android.dx.dex.file.MixedItemSection::add (49 bytes)
Event: 6.449 Thread 0x0000000017d02800 nmethod 2194 0x0000000003ac1350 code [0x0000000003ac1540, 0x0000000003ac1f58]
Event: 6.460 Thread 0x0000000017cf9800 nmethod 1961 0x0000000003ad0a50 code [0x0000000003ad0ce0, 0x0000000003ad26c0]
Event: 6.460 Thread 0x0000000017cf9800 2187       4       java.util.HashMap::putVal (300 bytes)
Event: 6.469 Thread 0x0000000017cf9800 nmethod 2187 0x0000000003acc890 code [0x0000000003acca40, 0x0000000003acd150]
Event: 6.469 Thread 0x0000000017cf9800 2188 %     4       com.android.dx.dex.code.OutputFinisher::getAllConstants @ 18 (47 bytes)

GC Heap History (10 events):
Event: 1.750 GC heap before
{Heap before GC invocations=1 (full 0):
 PSYoungGen      total 38400K, used 33280K [0x00000000eab00000, 0x00000000ed580000, 0x0000000100000000)
  eden space 33280K, 100% used [0x00000000eab00000,0x00000000ecb80000,0x00000000ecb80000)
  from space 5120K, 0% used [0x00000000ed080000,0x00000000ed080000,0x00000000ed580000)
  to   space 5120K, 0% used [0x00000000ecb80000,0x00000000ecb80000,0x00000000ed080000)
 ParOldGen       total 87552K, used 0K [0x00000000c0000000, 0x00000000c5580000, 0x00000000eab00000)
  object space 87552K, 0% used [0x00000000c0000000,0x00000000c0000000,0x00000000c5580000)
 Metaspace       used 5892K, capacity 6832K, committed 7040K, reserved 1056768K
  class space    used 592K, capacity 616K, committed 640K, reserved 1048576K
Event: 1.831 GC heap after
Heap after GC invocations=1 (full 0):
 PSYoungGen      total 38400K, used 5108K [0x00000000eab00000, 0x00000000ef600000, 0x0000000100000000)
  eden space 33280K, 0% used [0x00000000eab00000,0x00000000eab00000,0x00000000ecb80000)
  from space 5120K, 99% used [0x00000000ecb80000,0x00000000ed07d248,0x00000000ed080000)
  to   space 5120K, 0% used [0x00000000ef100000,0x00000000ef100000,0x00000000ef600000)
 ParOldGen       total 87552K, used 973K [0x00000000c0000000, 0x00000000c5580000, 0x00000000eab00000)
  object space 87552K, 1% used [0x00000000c0000000,0x00000000c00f34b8,0x00000000c5580000)
 Metaspace       used 5892K, capacity 6832K, committed 7040K, reserved 1056768K
  class space    used 592K, capacity 616K, committed 640K, reserved 1048576K
}
Event: 2.983 GC heap before
{Heap before GC invocations=2 (full 0):
 PSYoungGen      total 38400K, used 38388K [0x00000000eab00000, 0x00000000ef600000, 0x0000000100000000)
  eden space 33280K, 100% used [0x00000000eab00000,0x00000000ecb80000,0x00000000ecb80000)
  from space 5120K, 99% used [0x00000000ecb80000,0x00000000ed07d248,0x00000000ed080000)
  to   space 5120K, 0% used [0x00000000ef100000,0x00000000ef100000,0x00000000ef600000)
 ParOldGen       total 87552K, used 973K [0x00000000c0000000, 0x00000000c5580000, 0x00000000eab00000)
  object space 87552K, 1% used [0x00000000c0000000,0x00000000c00f34b8,0x00000000c5580000)
 Metaspace       used 6111K, capacity 7024K, committed 7296K, reserved 1056768K
  class space    used 593K, capacity 616K, committed 640K, reserved 1048576K
Event: 3.013 GC heap after
Heap after GC invocations=2 (full 0):
 PSYoungGen      total 71680K, used 5100K [0x00000000eab00000, 0x00000000ef600000, 0x0000000100000000)
  eden space 66560K, 0% used [0x00000000eab00000,0x00000000eab00000,0x00000000eec00000)
  from space 5120K, 99% used [0x00000000ef100000,0x00000000ef5fb3b0,0x00000000ef600000)
  to   space 5120K, 0% used [0x00000000eec00000,0x00000000eec00000,0x00000000ef100000)
 ParOldGen       total 87552K, used 4829K [0x00000000c0000000, 0x00000000c5580000, 0x00000000eab00000)
  object space 87552K, 5% used [0x00000000c0000000,0x00000000c04b7788,0x00000000c5580000)
 Metaspace       used 6111K, capacity 7024K, committed 7296K, reserved 1056768K
  class space    used 593K, capacity 616K, committed 640K, reserved 1048576K
}
Event: 4.104 GC heap before
{Heap before GC invocations=3 (full 0):
 PSYoungGen      total 71680K, used 71660K [0x00000000eab00000, 0x00000000ef600000, 0x0000000100000000)
  eden space 66560K, 100% used [0x00000000eab00000,0x00000000eec00000,0x00000000eec00000)
  from space 5120K, 99% used [0x00000000ef100000,0x00000000ef5fb3b0,0x00000000ef600000)
  to   space 5120K, 0% used [0x00000000eec00000,0x00000000eec00000,0x00000000ef100000)
 ParOldGen       total 87552K, used 4829K [0x00000000c0000000, 0x00000000c5580000, 0x00000000eab00000)
  object space 87552K, 5% used [0x00000000c0000000,0x00000000c04b7788,0x00000000c5580000)
 Metaspace       used 6240K, capacity 7152K, committed 7296K, reserved 1056768K
  class space    used 594K, capacity 616K, committed 640K, reserved 1048576K
Event: 4.124 GC heap after
Heap after GC invocations=3 (full 0):
 PSYoungGen      total 71680K, used 5088K [0x00000000eab00000, 0x00000000f3700000, 0x0000000100000000)
  eden space 66560K, 0% used [0x00000000eab00000,0x00000000eab00000,0x00000000eec00000)
  from space 5120K, 99% used [0x00000000eec00000,0x00000000ef0f82d8,0x00000000ef100000)
  to   space 5120K, 0% used [0x00000000f3200000,0x00000000f3200000,0x00000000f3700000)
 ParOldGen       total 87552K, used 15247K [0x00000000c0000000, 0x00000000c5580000, 0x00000000eab00000)
  object space 87552K, 17% used [0x00000000c0000000,0x00000000c0ee3ca8,0x00000000c5580000)
 Metaspace       used 6240K, capacity 7152K, committed 7296K, reserved 1056768K
  class space    used 594K, capacity 616K, committed 640K, reserved 1048576K
}
Event: 4.716 GC heap before
{Heap before GC invocations=4 (full 0):
 PSYoungGen      total 71680K, used 71648K [0x00000000eab00000, 0x00000000f3700000, 0x0000000100000000)
  eden space 66560K, 100% used [0x00000000eab00000,0x00000000eec00000,0x00000000eec00000)
  from space 5120K, 99% used [0x00000000eec00000,0x00000000ef0f82d8,0x00000000ef100000)
  to   space 5120K, 0% used [0x00000000f3200000,0x00000000f3200000,0x00000000f3700000)
 ParOldGen       total 87552K, used 15247K [0x00000000c0000000, 0x00000000c5580000, 0x00000000eab00000)
  object space 87552K, 17% used [0x00000000c0000000,0x00000000c0ee3ca8,0x00000000c5580000)
 Metaspace       used 6347K, capacity 7192K, committed 7424K, reserved 1056768K
  class space    used 614K, capacity 656K, committed 768K, reserved 1048576K
Event: 4.835 GC heap after
Heap after GC invocations=4 (full 0):
 PSYoungGen      total 138240K, used 5090K [0x00000000eab00000, 0x00000000f3700000, 0x0000000100000000)
  eden space 133120K, 0% used [0x00000000eab00000,0x00000000eab00000,0x00000000f2d00000)
  from space 5120K, 99% used [0x00000000f3200000,0x00000000f36f8af0,0x00000000f3700000)
  to   space 5120K, 0% used [0x00000000f2d00000,0x00000000f2d00000,0x00000000f3200000)
 ParOldGen       total 87552K, used 25165K [0x00000000c0000000, 0x00000000c5580000, 0x00000000eab00000)
  object space 87552K, 28% used [0x00000000c0000000,0x00000000c1893468,0x00000000c5580000)
 Metaspace       used 6347K, capacity 7192K, committed 7424K, reserved 1056768K
  class space    used 614K, capacity 656K, committed 768K, reserved 1048576K
}
Event: 6.128 GC heap before
{Heap before GC invocations=5 (full 0):
 PSYoungGen      total 138240K, used 138210K [0x00000000eab00000, 0x00000000f3700000, 0x0000000100000000)
  eden space 133120K, 100% used [0x00000000eab00000,0x00000000f2d00000,0x00000000f2d00000)
  from space 5120K, 99% used [0x00000000f3200000,0x00000000f36f8af0,0x00000000f3700000)
  to   space 5120K, 0% used [0x00000000f2d00000,0x00000000f2d00000,0x00000000f3200000)
 ParOldGen       total 87552K, used 25165K [0x00000000c0000000, 0x00000000c5580000, 0x00000000eab00000)
  object space 87552K, 28% used [0x00000000c0000000,0x00000000c1893468,0x00000000c5580000)
 Metaspace       used 6430K, capacity 7256K, committed 7424K, reserved 1056768K
  class space    used 616K, capacity 656K, committed 768K, reserved 1048576K
Event: 6.170 GC heap after
Heap after GC invocations=5 (full 0):
 PSYoungGen      total 138240K, used 5112K [0x00000000eab00000, 0x00000000fe300000, 0x0000000100000000)
  eden space 133120K, 0% used [0x00000000eab00000,0x00000000eab00000,0x00000000f2d00000)
  from space 5120K, 99% used [0x00000000f2d00000,0x00000000f31fe3f8,0x00000000f3200000)
  to   space 26624K, 0% used [0x00000000fc900000,0x00000000fc900000,0x00000000fe300000)
 ParOldGen       total 87552K, used 44456K [0x00000000c0000000, 0x00000000c5580000, 0x00000000eab00000)
  object space 87552K, 50% used [0x00000000c0000000,0x00000000c2b6a210,0x00000000c5580000)
 Metaspace       used 6430K, capacity 7256K, committed 7424K, reserved 1056768K
  class space    used 616K, capacity 656K, committed 768K, reserved 1048576K
}

Deoptimization events (10 events):
Event: 5.236 Thread 0x00000000188de800 Uncommon trap: reason=bimorphic action=maybe_recompile pc=0x00000000039d47dc method=com.android.dx.cf.code.BytecodeArray.parseInstruction(ILcom/android/dx/cf/code/BytecodeArray$Visitor;)I @ 987
Event: 5.236 Thread 0x00000000188de800 Uncommon trap: reason=bimorphic action=maybe_recompile pc=0x00000000039d4b88 method=com.android.dx.cf.code.BytecodeArray.parseInstruction(ILcom/android/dx/cf/code/BytecodeArray$Visitor;)I @ 1130
Event: 5.243 Thread 0x00000000180c8000 Uncommon trap: reason=unreached action=reinterpret pc=0x000000000365b34c method=com.android.dx.ssa.MoveParamCombiner$1.visitNonMoveInsn(Lcom/android/dx/ssa/NormalSsaInsn;)V @ 27
Event: 5.259 Thread 0x00000000188de800 Uncommon trap: reason=unreached action=reinterpret pc=0x00000000036e6f8c method=java.util.HashMap.resize()[Ljava/util/HashMap$Node; @ 206
Event: 5.469 Thread 0x0000000002f3e000 Uncommon trap: reason=unloaded action=reinterpret pc=0x0000000003912bb4 method=com.android.dx.cf.cst.ConstantPoolParser.parse0(ILjava/util/BitSet;)Lcom/android/dx/rop/cst/Constant; @ 220
Event: 6.244 Thread 0x00000000188de800 Uncommon trap: reason=class_check action=maybe_recompile pc=0x0000000003642c24 method=java.util.Arrays.hashCode([Ljava/lang/Object;)I @ 43
Event: 6.244 Thread 0x00000000188de800 Uncommon trap: reason=class_check action=maybe_recompile pc=0x0000000003642c24 method=java.util.Arrays.hashCode([Ljava/lang/Object;)I @ 43
Event: 6.244 Thread 0x00000000188de800 Uncommon trap: reason=class_check action=maybe_recompile pc=0x0000000003642c24 method=java.util.Arrays.hashCode([Ljava/lang/Object;)I @ 43
Event: 6.244 Thread 0x00000000188de800 Uncommon trap: reason=class_check action=maybe_recompile pc=0x0000000003642c24 method=java.util.Arrays.hashCode([Ljava/lang/Object;)I @ 43
Event: 6.246 Thread 0x00000000188de800 Uncommon trap: reason=class_check action=maybe_recompile pc=0x000000000363a448 method=java.util.Arrays.hashCode([Ljava/lang/Object;)I @ 43

Internal exceptions (10 events):
Event: 2.902 Thread 0x0000000002f3e000 Exception <a 'java/security/PrivilegedActionException'> (0x00000000ec7067f0) thrown at [C:\workspace\8-2-build-windows-amd64-cygwin\jdk8u31\2394\hotspot\src\share\vm\prims\jvm.cpp, line 1312]
Event: 3.151 Thread 0x00000000188e1000 Implicit null exception at 0x0000000003847dbb to 0x000000000384a245
Event: 3.937 Thread 0x00000000188de800 Exception <a 'java/security/PrivilegedActionException'> (0x00000000ed8089c0) thrown at [C:\workspace\8-2-build-windows-amd64-cygwin\jdk8u31\2394\hotspot\src\share\vm\prims\jvm.cpp, line 1312]
Event: 4.481 Thread 0x00000000180c9800 Exception <a 'java/security/PrivilegedActionException'> (0x00000000eb897550) thrown at [C:\workspace\8-2-build-windows-amd64-cygwin\jdk8u31\2394\hotspot\src\share\vm\prims\jvm.cpp, line 1312]
Event: 4.526 Thread 0x00000000180c9800 Exception <a 'java/lang/ArrayIndexOutOfBoundsException': 18> (0x00000000edc7cd70) thrown at [C:\workspace\8-2-build-windows-amd64-cygwin\jdk8u31\2394\hotspot\src\share\vm\interpreter\interpreterRuntime.cpp, line 366]
Event: 4.527 Thread 0x00000000180c9800 Exception <a 'java/lang/ArrayIndexOutOfBoundsException': 145> (0x00000000edc7e808) thrown at [C:\workspace\8-2-build-windows-amd64-cygwin\jdk8u31\2394\hotspot\src\share\vm\interpreter\interpreterRuntime.cpp, line 366]
Event: 4.528 Thread 0x00000000180c9800 Exception <a 'java/lang/ArrayIndexOutOfBoundsException'> (0x00000000edc7fa20) thrown at [C:\workspace\8-2-build-windows-amd64-cygwin\jdk8u31\2394\hotspot\src\share\vm\runtime\sharedRuntime.cpp, line 604]
Event: 6.232 Thread 0x0000000002f3e000 Exception <a 'java/security/PrivilegedActionException'> (0x00000000eb5149e0) thrown at [C:\workspace\8-2-build-windows-amd64-cygwin\jdk8u31\2394\hotspot\src\share\vm\prims\jvm.cpp, line 1312]
Event: 6.249 Thread 0x00000000188de800 Exception <a 'java/security/PrivilegedActionException'> (0x00000000eb5dc898) thrown at [C:\workspace\8-2-build-windows-amd64-cygwin\jdk8u31\2394\hotspot\src\share\vm\prims\jvm.cpp, line 1312]
Event: 6.282 Thread 0x00000000188de800 Exception <a 'java/security/PrivilegedActionException'> (0x00000000eb632f80) thrown at [C:\workspace\8-2-build-windows-amd64-cygwin\jdk8u31\2394\hotspot\src\share\vm\prims\jvm.cpp, line 1312]

Events (10 events):
Event: 6.246 Thread 0x00000000188de800 DEOPT PACKING pc=0x000000000363a448 sp=0x000000001c75eae0
Event: 6.246 Thread 0x00000000188de800 DEOPT UNPACKING pc=0x00000000031f556a sp=0x000000001c75ea68 mode 2
Event: 6.249 loading class com/android/dx/rop/cst/Zeroes
Event: 6.249 loading class com/android/dx/rop/cst/Zeroes done
Event: 6.282 loading class com/android/dx/dex/file/CatchStructs
Event: 6.282 loading class com/android/dx/dex/file/CatchStructs done
Event: 6.320 Thread 0x00000000188de800 DEOPT PACKING pc=0x0000000003a9e7d4 sp=0x000000001c75ec20
Event: 6.320 Thread 0x00000000188de800 DEOPT UNPACKING pc=0x00000000031f75bf sp=0x000000001c75e9b0 mode 0
Event: 6.425 Thread 0x00000000188de800 DEOPT PACKING pc=0x0000000003a9f204 sp=0x000000001c75ec50
Event: 6.425 Thread 0x00000000188de800 DEOPT UNPACKING pc=0x00000000031f75bf sp=0x000000001c75e9a0 mode 0


Dynamic libraries:
0x00007ff6ed6e0000 - 0x00007ff6ed714000 	C:\Program Files\Java\jdk1.8.0_31\bin\java.exe
0x00007ffc139a0000 - 0x00007ffc13b61000 	C:\WINDOWS\SYSTEM32\ntdll.dll
0x00007ffc13600000 - 0x00007ffc136ad000 	C:\WINDOWS\system32\KERNEL32.DLL
0x00007ffc10830000 - 0x00007ffc10a18000 	C:\WINDOWS\system32\KERNELBASE.dll
0x00007ffc10da0000 - 0x00007ffc10e47000 	C:\WINDOWS\system32\ADVAPI32.dll
0x00007ffc136d0000 - 0x00007ffc1376d000 	C:\WINDOWS\system32\msvcrt.dll
0x00007ffc12fd0000 - 0x00007ffc1302b000 	C:\WINDOWS\system32\sechost.dll
0x00007ffc137d0000 - 0x00007ffc138ec000 	C:\WINDOWS\system32\RPCRT4.dll
0x00007ffc12670000 - 0x00007ffc127c6000 	C:\WINDOWS\system32\USER32.dll
0x00007ffc131f0000 - 0x00007ffc13376000 	C:\WINDOWS\system32\GDI32.dll
0x00007ffc09990000 - 0x00007ffc09c04000 	C:\WINDOWS\WinSxS\amd64_microsoft.windows.common-controls_6595b64144ccf1df_6.0.10586.494_none_a2d8b04ea53e3145\COMCTL32.dll
0x00007ffc13380000 - 0x00007ffc135fd000 	C:\WINDOWS\system32\combase.dll
0x00007ffc10a20000 - 0x00007ffc10a8a000 	C:\WINDOWS\system32\bcryptPrimitives.dll
0x00007ffc12f10000 - 0x00007ffc12f4b000 	C:\WINDOWS\system32\IMM32.DLL
0x0000000050000000 - 0x00000000500d2000 	C:\Program Files\Java\jdk1.8.0_31\jre\bin\msvcr100.dll
0x0000000050560000 - 0x0000000050dba000 	C:\Program Files\Java\jdk1.8.0_31\jre\bin\server\jvm.dll
0x00007ffc12f50000 - 0x00007ffc12f58000 	C:\WINDOWS\system32\PSAPI.DLL
0x00007ffbf04b0000 - 0x00007ffbf04b9000 	C:\WINDOWS\SYSTEM32\WSOCK32.dll
0x00007ffc12f60000 - 0x00007ffc12fcb000 	C:\WINDOWS\system32\WS2_32.dll
0x00007ffc0e5e0000 - 0x00007ffc0e603000 	C:\WINDOWS\SYSTEM32\WINMM.dll
0x0000000002ef0000 - 0x0000000002f1c000 	C:\WINDOWS\SYSTEM32\WINMMBASE.dll
0x00007ffc107c0000 - 0x00007ffc10803000 	C:\WINDOWS\system32\cfgmgr32.dll
0x0000000050470000 - 0x000000005047f000 	C:\Program Files\Java\jdk1.8.0_31\jre\bin\verify.dll
0x0000000050440000 - 0x0000000050468000 	C:\Program Files\Java\jdk1.8.0_31\jre\bin\java.dll
0x0000000050420000 - 0x0000000050436000 	C:\Program Files\Java\jdk1.8.0_31\jre\bin\zip.dll
0x00007ffc10e50000 - 0x00007ffc123ac000 	C:\WINDOWS\system32\SHELL32.dll
0x00007ffc100b0000 - 0x00007ffc106f5000 	C:\WINDOWS\system32\windows.storage.dll
0x00007ffc12d50000 - 0x00007ffc12da2000 	C:\WINDOWS\system32\shlwapi.dll
0x00007ffc10010000 - 0x00007ffc1001f000 	C:\WINDOWS\system32\kernel.appcore.dll
0x00007ffc10700000 - 0x00007ffc107b5000 	C:\WINDOWS\system32\shcore.dll
0x00007ffc0ffc0000 - 0x00007ffc1000b000 	C:\WINDOWS\system32\powrprof.dll
0x00007ffc10020000 - 0x00007ffc10034000 	C:\WINDOWS\system32\profapi.dll
0x00007ffbdd300000 - 0x00007ffbdd48c000 	C:\WINDOWS\SYSTEM32\dbghelp.dll

VM Arguments:
jvm_args: -Djava.awt.headless=true -Xmx1024M -Dfile.encoding=windows-1252 -Duser.country=FR -Duser.language=fr -Duser.variant 
java_command: com.android.dx.command.Main --dex --force-jumbo --num-threads=4 --multi-dex --output C:\Users\Morgan\AndroidStudioProjects\BrainFuck\app\build\intermediates\transforms\dex\debug\folders\1000\10\com.android.support-appcompat-v7-24.2.1_38b85ba8be90ca557ff6af95b5c3e3178f52d2ff C:\Users\Morgan\AndroidStudioProjects\BrainFuck\app\build\intermediates\exploded-aar\com.android.support\appcompat-v7\24.2.1\jars\classes.jar
java_class_path (initial): C:\Users\Morgan\AppData\Local\Android\Sdk\build-tools\24.0.2\lib\dx.jar
Launcher Type: SUN_STANDARD

Environment Variables:
JAVA_HOME=C:\Program Files\Java\jdk1.8.0_31
PATH=C:\Program Files (x86)\Intel\iCLS Client\;C:\Program Files\Intel\iCLS Client\;C:\Windows\system32;C:\Windows;C:\Windows\System32\Wbem;C:\Windows\System32\WindowsPowerShell\v1.0\;C:\Program Files (x86)\Windows Live\Shared;C:\adb;C:\Program Files (x86)\NVIDIA Corporation\PhysX\Common;C:\WINDOWS\system32;C:\WINDOWS;C:\WINDOWS\System32\Wbem;C:\WINDOWS\System32\WindowsPowerShell\v1.0\;C:\MinGW\bin;C:\WINDOWS\system32\config\systemprofile\.dnx\bin;C:\Program Files\Microsoft DNX\Dnvm\;C:\Program Files\Microsoft SQL Server\120\Tools\Binn\;C:\Program Files\Microsoft SQL Server\130\Tools\Binn\;C:\Program Files (x86)\Windows Kits\10\Windows Performance Toolkit\;C:\Program Files\Microsoft\Web Platform Installer\;C:\Program Files (x86)\MySQL\MySQL Fabric 1.5 & MySQL Utilities 1.5\;C:\Program Files (x86)\MySQL\MySQL Fabric 1.5 & MySQL Utilities 1.5\Doctrine extensions for PHP\;C:\Program Files\Git\cmd;C:\Users\Morgan\AppData\Local\Programs\Python\Python35-32\Scripts\;C:\Users\Morgan\AppData\Local\Programs\Python\Python35-32\;C:\Users\Morgan\.dnx\bin;C:\Program Files\Java\jdk1.8.0_31;C:\Program Files (x86)\Java\jre7\bin
USERNAME=Morgan
OS=Windows_NT
PROCESSOR_IDENTIFIER=Intel64 Family 6 Model 60 Stepping 3, GenuineIntel



---------------  S Y S T E M  ---------------

OS: Windows 8.1 , 64 bit Build 9600 

CPU:total 8 (4 cores per cpu, 2 threads per core) family 6 model 60 stepping 3, cmov, cx8, fxsr, mmx, sse, sse2, sse3, ssse3, sse4.1, sse4.2, popcnt, avx, avx2, aes, clmul, erms, lzcnt, ht, tsc, tscinvbit, bmi1, bmi2

Memory: 4k page, physical 8304352k(1263244k free), swap 8304352k(4196k free)

vm_info: Java HotSpot(TM) 64-Bit Server VM (25.31-b07) for windows-amd64 JRE (1.8.0_31-b13), built on Dec 17 2014 21:00:28 by "java_re" with MS VC++ 10.0 (VS2010)

time: Tue Sep 13 22:32:30 2016
elapsed time: 6 seconds (0d 0h 0m 6s)

