#
# There is insufficient memory for the Java Runtime Environment to continue.
# Native memory allocation (malloc) failed to allocate 1453216 bytes for Chunk::new
# Possible reasons:
#   The system is out of physical RAM or swap space
#   In 32 bit mode, the process size limit was hit
# Possible solutions:
#   Reduce memory load on the system
#   Increase physical memory or swap space
#   Check if swap backing store is full
#   Use 64 bit Java on a 64 bit OS
#   Decrease Java heap size (-Xmx/-Xms)
#   Decrease number of Java threads
#   Decrease Java thread stack sizes (-Xss)
#   Set larger code cache with -XX:ReservedCodeCacheSize=
# This output file may be truncated or incomplete.
#
#  Out of Memory Error (allocation.cpp:390), pid=108, tid=7224
#
# JRE version: Java(TM) SE Runtime Environment (8.0_31-b13) (build 1.8.0_31-b13)
# Java VM: Java HotSpot(TM) 64-Bit Server VM (25.31-b07 mixed mode windows-amd64 compressed oops)
# Failed to write core dump. Minidumps are not enabled by default on client versions of Windows
#

---------------  T H R E A D  ---------------

Current thread (0x0000000017a68800):  JavaThread "C2 CompilerThread0" daemon [_thread_in_native, id=7224, stack(0x0000000018040000,0x0000000018140000)]

Stack: [0x0000000018040000,0x0000000018140000]
Native frames: (J=compiled Java code, j=interpreted, Vv=VM code, C=native code)
V  [jvm.dll+0x3169ba]
V  [jvm.dll+0x2674c3]
V  [jvm.dll+0x268103]
V  [jvm.dll+0x25f8f5]
V  [jvm.dll+0xbf025]
V  [jvm.dll+0xbf4cc]
V  [jvm.dll+0x45df82]
V  [jvm.dll+0x49f21f]
V  [jvm.dll+0x452f28]
V  [jvm.dll+0x454124]
V  [jvm.dll+0x437c62]
V  [jvm.dll+0x988e2]
V  [jvm.dll+0x990d3]
V  [jvm.dll+0x22c194]
V  [jvm.dll+0x28576a]
C  [msvcr100.dll+0x21d9f]
C  [msvcr100.dll+0x21e3b]
C  [KERNEL32.DLL+0x18102]
C  [ntdll.dll+0x5c5b4]


Current CompileTask:
C2:   1483 1457       4       com.android.dx.dex.code.OutputFinisher::addConstants (93 bytes)


---------------  P R O C E S S  ---------------

Java Threads: ( => current thread )
  0x0000000017c5c800 JavaThread "pool-1-thread-1" [_thread_in_Java, id=8216, stack(0x000000001b2e0000,0x000000001b3e0000)]
  0x0000000017b04800 JavaThread "Service Thread" daemon [_thread_blocked, id=8908, stack(0x0000000018440000,0x0000000018540000)]
  0x0000000017ab8000 JavaThread "C1 CompilerThread3" daemon [_thread_blocked, id=4140, stack(0x0000000018340000,0x0000000018440000)]
  0x0000000017ab4800 JavaThread "C2 CompilerThread2" daemon [_thread_in_native, id=5072, stack(0x0000000018240000,0x0000000018340000)]
  0x0000000017aa1000 JavaThread "C2 CompilerThread1" daemon [_thread_in_native, id=3808, stack(0x0000000018140000,0x0000000018240000)]
=>0x0000000017a68800 JavaThread "C2 CompilerThread0" daemon [_thread_in_native, id=7224, stack(0x0000000018040000,0x0000000018140000)]
  0x0000000017a66800 JavaThread "Attach Listener" daemon [_thread_blocked, id=4200, stack(0x0000000017f40000,0x0000000018040000)]
  0x0000000017a66000 JavaThread "Signal Dispatcher" daemon [_thread_blocked, id=8144, stack(0x0000000017e40000,0x0000000017f40000)]
  0x0000000002f49800 JavaThread "Finalizer" daemon [_thread_blocked, id=9560, stack(0x0000000017940000,0x0000000017a40000)]
  0x0000000015a6b800 JavaThread "Reference Handler" daemon [_thread_blocked, id=7448, stack(0x0000000017840000,0x0000000017940000)]
  0x0000000002d4e000 JavaThread "main" [_thread_blocked, id=4188, stack(0x0000000002d50000,0x0000000002e50000)]

Other Threads:
  0x0000000015a67800 VMThread [stack: 0x0000000017740000,0x0000000017840000] [id=7612]
  0x0000000017b07800 WatcherThread [stack: 0x0000000018540000,0x0000000018640000] [id=5636]

VM state:not at safepoint (normal execution)

VM Mutex/Monitor currently owned by a thread: None

Heap:
 PSYoungGen      total 38400K, used 33917K [0x00000000eab00000, 0x00000000ef600000, 0x0000000100000000)
  eden space 33280K, 86% used [0x00000000eab00000,0x00000000ec725848,0x00000000ecb80000)
  from space 5120K, 99% used [0x00000000ecb80000,0x00000000ed079c98,0x00000000ed080000)
  to   space 5120K, 0% used [0x00000000ef100000,0x00000000ef100000,0x00000000ef600000)
 ParOldGen       total 87552K, used 1665K [0x00000000c0000000, 0x00000000c5580000, 0x00000000eab00000)
  object space 87552K, 1% used [0x00000000c0000000,0x00000000c01a07c8,0x00000000c5580000)
 Metaspace       used 6197K, capacity 7152K, committed 7296K, reserved 1056768K
  class space    used 605K, capacity 616K, committed 640K, reserved 1048576K

Card table byte_map: [0x0000000012310000,0x0000000012520000] byte_map_base: 0x0000000011d10000

Marking Bits: (ParMarkBitMap*) 0x0000000057c8d4f0
 Begin Bits: [0x0000000012e80000, 0x0000000013e80000)
 End Bits:   [0x0000000013e80000, 0x0000000014e80000)

Polling page: 0x0000000001460000

CodeCache: size=245760Kb used=5917Kb max_used=5917Kb free=239842Kb
 bounds [0x0000000002f50000, 0x0000000003520000, 0x0000000011f50000]
 total_blobs=1799 nmethods=1535 adapters=178
 compilation: enabled

Compilation events (10 events):
Event: 1.454 Thread 0x0000000017ab8000 1546       3       com.android.dx.dex.code.PositionList::set (7 bytes)
Event: 1.454 Thread 0x0000000017ab8000 nmethod 1546 0x0000000003511f50 code [0x0000000003512120, 0x00000000035128c8]
Event: 1.455 Thread 0x0000000017ab8000 1547       3       com.android.dx.dex.code.form.Form21c::isCompatible (150 bytes)
Event: 1.456 Thread 0x0000000017ab8000 nmethod 1547 0x0000000003512dd0 code [0x0000000003513020, 0x0000000003514618]
Event: 1.460 Thread 0x0000000017ab8000 1548       3       com.android.dx.dex.code.form.Form11x::isCompatible (40 bytes)
Event: 1.460 Thread 0x0000000017ab8000 nmethod 1548 0x0000000003514ad0 code [0x0000000003514c80, 0x00000000035154e8]
Event: 1.462 Thread 0x0000000017ab8000 1549       1       com.android.dx.dex.code.LocalList$Entry::getAddress (5 bytes)
Event: 1.462 Thread 0x0000000017ab8000 nmethod 1549 0x00000000035156d0 code [0x0000000003515820, 0x0000000003515930]
Event: 1.464 Thread 0x0000000017ab8000 1550       3       com.android.dx.dex.code.form.Form35c::wordCount (74 bytes)
Event: 1.465 Thread 0x0000000017ab8000 nmethod 1550 0x0000000003515990 code [0x0000000003515b80, 0x00000000035167e8]

GC Heap History (2 events):
Event: 0.815 GC heap before
{Heap before GC invocations=1 (full 0):
 PSYoungGen      total 38400K, used 33280K [0x00000000eab00000, 0x00000000ed580000, 0x0000000100000000)
  eden space 33280K, 100% used [0x00000000eab00000,0x00000000ecb80000,0x00000000ecb80000)
  from space 5120K, 0% used [0x00000000ed080000,0x00000000ed080000,0x00000000ed580000)
  to   space 5120K, 0% used [0x00000000ecb80000,0x00000000ecb80000,0x00000000ed080000)
 ParOldGen       total 87552K, used 0K [0x00000000c0000000, 0x00000000c5580000, 0x00000000eab00000)
  object space 87552K, 0% used [0x00000000c0000000,0x00000000c0000000,0x00000000c5580000)
 Metaspace       used 5825K, capacity 6832K, committed 7040K, reserved 1056768K
  class space    used 585K, capacity 616K, committed 640K, reserved 1048576K
Event: 0.862 GC heap after
Heap after GC invocations=1 (full 0):
 PSYoungGen      total 38400K, used 5095K [0x00000000eab00000, 0x00000000ef600000, 0x0000000100000000)
  eden space 33280K, 0% used [0x00000000eab00000,0x00000000eab00000,0x00000000ecb80000)
  from space 5120K, 99% used [0x00000000ecb80000,0x00000000ed079c98,0x00000000ed080000)
  to   space 5120K, 0% used [0x00000000ef100000,0x00000000ef100000,0x00000000ef600000)
 ParOldGen       total 87552K, used 1665K [0x00000000c0000000, 0x00000000c5580000, 0x00000000eab00000)
  object space 87552K, 1% used [0x00000000c0000000,0x00000000c01a07c8,0x00000000c5580000)
 Metaspace       used 5825K, capacity 6832K, committed 7040K, reserved 1056768K
  class space    used 585K, capacity 616K, committed 640K, reserved 1048576K
}

Deoptimization events (10 events):
Event: 1.361 Thread 0x0000000017c5c800 Uncommon trap: reason=class_check action=maybe_recompile pc=0x0000000003278c60 method=java.util.HashMap.putVal(ILjava/lang/Object;Ljava/lang/Object;ZZ)Ljava/lang/Object; @ 203
Event: 1.373 Thread 0x0000000017c5c800 Uncommon trap: reason=class_check action=maybe_recompile pc=0x0000000003278c60 method=java.util.HashMap.putVal(ILjava/lang/Object;Ljava/lang/Object;ZZ)Ljava/lang/Object; @ 203
Event: 1.417 Thread 0x0000000017c5c800 Uncommon trap: reason=speculate_class_check action=maybe_recompile pc=0x00000000031ff150 method=com.android.dx.util.FixedSizeList.equals(Ljava/lang/Object;)Z @ 25
Event: 1.417 Thread 0x0000000017c5c800 Uncommon trap: reason=class_check action=maybe_recompile pc=0x00000000031f4810 method=java.util.Arrays.equals([Ljava/lang/Object;[Ljava/lang/Object;)Z @ 62
Event: 1.417 Thread 0x0000000017c5c800 Uncommon trap: reason=speculate_class_check action=maybe_recompile pc=0x00000000031ff150 method=com.android.dx.util.FixedSizeList.equals(Ljava/lang/Object;)Z @ 25
Event: 1.417 Thread 0x0000000017c5c800 Uncommon trap: reason=class_check action=maybe_recompile pc=0x00000000031f4810 method=java.util.Arrays.equals([Ljava/lang/Object;[Ljava/lang/Object;)Z @ 62
Event: 1.417 Thread 0x0000000017c5c800 Uncommon trap: reason=speculate_class_check action=maybe_recompile pc=0x00000000031ff150 method=com.android.dx.util.FixedSizeList.equals(Ljava/lang/Object;)Z @ 25
Event: 1.418 Thread 0x0000000017c5c800 Uncommon trap: reason=class_check action=maybe_recompile pc=0x00000000031f4810 method=java.util.Arrays.equals([Ljava/lang/Object;[Ljava/lang/Object;)Z @ 62
Event: 1.418 Thread 0x0000000017c5c800 Uncommon trap: reason=speculate_class_check action=maybe_recompile pc=0x00000000031ff150 method=com.android.dx.util.FixedSizeList.equals(Ljava/lang/Object;)Z @ 25
Event: 1.418 Thread 0x0000000017c5c800 Uncommon trap: reason=class_check action=maybe_recompile pc=0x00000000031f4810 method=java.util.Arrays.equals([Ljava/lang/Object;[Ljava/lang/Object;)Z @ 62

Internal exceptions (10 events):
Event: 1.405 Thread 0x0000000017c5c800 Exception <a 'java/security/PrivilegedActionException'> (0x00000000ec684a00) thrown at [C:\workspace\8-2-build-windows-amd64-cygwin\jdk8u31\2394\hotspot\src\share\vm\prims\jvm.cpp, line 1312]
Event: 1.407 Thread 0x0000000017c5c800 Exception <a 'java/security/PrivilegedActionException'> (0x00000000ec689cf0) thrown at [C:\workspace\8-2-build-windows-amd64-cygwin\jdk8u31\2394\hotspot\src\share\vm\prims\jvm.cpp, line 1312]
Event: 1.408 Thread 0x0000000017c5c800 Exception <a 'java/security/PrivilegedActionException'> (0x00000000ec690310) thrown at [C:\workspace\8-2-build-windows-amd64-cygwin\jdk8u31\2394\hotspot\src\share\vm\prims\jvm.cpp, line 1312]
Event: 1.408 Thread 0x0000000017c5c800 Exception <a 'java/security/PrivilegedActionException'> (0x00000000ec694a98) thrown at [C:\workspace\8-2-build-windows-amd64-cygwin\jdk8u31\2394\hotspot\src\share\vm\prims\jvm.cpp, line 1312]
Event: 1.409 Thread 0x0000000017c5c800 Exception <a 'java/security/PrivilegedActionException'> (0x00000000ec697c18) thrown at [C:\workspace\8-2-build-windows-amd64-cygwin\jdk8u31\2394\hotspot\src\share\vm\prims\jvm.cpp, line 1312]
Event: 1.409 Thread 0x0000000017c5c800 Exception <a 'java/security/PrivilegedActionException'> (0x00000000ec69ac40) thrown at [C:\workspace\8-2-build-windows-amd64-cygwin\jdk8u31\2394\hotspot\src\share\vm\prims\jvm.cpp, line 1312]
Event: 1.416 Thread 0x0000000017c5c800 Exception <a 'java/security/PrivilegedActionException'> (0x00000000ec6a29e8) thrown at [C:\workspace\8-2-build-windows-amd64-cygwin\jdk8u31\2394\hotspot\src\share\vm\prims\jvm.cpp, line 1312]
Event: 1.419 Thread 0x0000000017c5c800 Exception <a 'java/security/PrivilegedActionException'> (0x00000000ec6a6730) thrown at [C:\workspace\8-2-build-windows-amd64-cygwin\jdk8u31\2394\hotspot\src\share\vm\prims\jvm.cpp, line 1312]
Event: 1.420 Thread 0x0000000017c5c800 Exception <a 'java/security/PrivilegedActionException'> (0x00000000ec6a9998) thrown at [C:\workspace\8-2-build-windows-amd64-cygwin\jdk8u31\2394\hotspot\src\share\vm\prims\jvm.cpp, line 1312]
Event: 1.463 Thread 0x0000000017c5c800 Exception <a 'java/security/PrivilegedActionException'> (0x00000000ec6e6208) thrown at [C:\workspace\8-2-build-windows-amd64-cygwin\jdk8u31\2394\hotspot\src\share\vm\prims\jvm.cpp, line 1312]

Events (10 events):
Event: 1.418 Thread 0x0000000017c5c800 DEOPT UNPACKING pc=0x0000000002f9556a sp=0x000000001b3ded80 mode 2
Event: 1.418 Thread 0x0000000017c5c800 Uncommon trap: trap_request=0xffffffde fr.pc=0x00000000031f4810
Event: 1.418 Thread 0x0000000017c5c800 DEOPT PACKING pc=0x00000000031f4810 sp=0x000000001b3ded50
Event: 1.418 Thread 0x0000000017c5c800 DEOPT UNPACKING pc=0x0000000002f9556a sp=0x000000001b3decf0 mode 2
Event: 1.419 loading class com/android/dx/dex/code/CatchTable$Entry
Event: 1.419 loading class com/android/dx/dex/code/CatchTable$Entry done
Event: 1.420 loading class com/android/dx/util/ByteArrayAnnotatedOutput
Event: 1.420 loading class com/android/dx/util/ByteArrayAnnotatedOutput done
Event: 1.463 loading class com/android/dx/rop/code/RegisterSpecList$Expander
Event: 1.463 loading class com/android/dx/rop/code/RegisterSpecList$Expander done


Dynamic libraries:
0x00007ff65e8c0000 - 0x00007ff65e8f4000 	C:\Program Files\Java\jdk1.8.0_31\bin\java.exe
0x00007ffc3d8f0000 - 0x00007ffc3dab1000 	C:\WINDOWS\SYSTEM32\ntdll.dll
0x00007ffc3c650000 - 0x00007ffc3c6fd000 	C:\WINDOWS\system32\KERNEL32.DLL
0x00007ffc3a0c0000 - 0x00007ffc3a2a8000 	C:\WINDOWS\system32\KERNELBASE.dll
0x00007ffc3cb20000 - 0x00007ffc3cbc7000 	C:\WINDOWS\system32\ADVAPI32.dll
0x00007ffc3aec0000 - 0x00007ffc3af5d000 	C:\WINDOWS\system32\msvcrt.dll
0x00007ffc3cac0000 - 0x00007ffc3cb1b000 	C:\WINDOWS\system32\sechost.dll
0x00007ffc3d310000 - 0x00007ffc3d42c000 	C:\WINDOWS\system32\RPCRT4.dll
0x00007ffc3c960000 - 0x00007ffc3cab6000 	C:\WINDOWS\system32\USER32.dll
0x00007ffc3c4c0000 - 0x00007ffc3c646000 	C:\WINDOWS\system32\GDI32.dll
0x00007ffc348f0000 - 0x00007ffc34b64000 	C:\WINDOWS\WinSxS\amd64_microsoft.windows.common-controls_6595b64144ccf1df_6.0.10586.589_none_a2ddb3caa539acce\COMCTL32.dll
0x00007ffc3d090000 - 0x00007ffc3d30d000 	C:\WINDOWS\system32\combase.dll
0x00007ffc3a050000 - 0x00007ffc3a0ba000 	C:\WINDOWS\system32\bcryptPrimitives.dll
0x00007ffc3cc40000 - 0x00007ffc3cc7b000 	C:\WINDOWS\system32\IMM32.DLL
0x0000000057d10000 - 0x0000000057de2000 	C:\Program Files\Java\jdk1.8.0_31\jre\bin\msvcr100.dll
0x00000000574b0000 - 0x0000000057d0a000 	C:\Program Files\Java\jdk1.8.0_31\jre\bin\server\jvm.dll
0x00007ffc3d4a0000 - 0x00007ffc3d4a8000 	C:\WINDOWS\system32\PSAPI.DLL
0x00007ffc19850000 - 0x00007ffc19859000 	C:\WINDOWS\SYSTEM32\WSOCK32.dll
0x00007ffc38250000 - 0x00007ffc38273000 	C:\WINDOWS\SYSTEM32\WINMM.dll
0x00007ffc3cbd0000 - 0x00007ffc3cc3b000 	C:\WINDOWS\system32\WS2_32.dll
0x00007ffc38130000 - 0x00007ffc3815c000 	C:\WINDOWS\SYSTEM32\WINMMBASE.dll
0x00007ffc3a2b0000 - 0x00007ffc3a2f3000 	C:\WINDOWS\system32\cfgmgr32.dll
0x00000000574a0000 - 0x00000000574af000 	C:\Program Files\Java\jdk1.8.0_31\jre\bin\verify.dll
0x0000000057470000 - 0x0000000057498000 	C:\Program Files\Java\jdk1.8.0_31\jre\bin\java.dll
0x0000000057450000 - 0x0000000057466000 	C:\Program Files\Java\jdk1.8.0_31\jre\bin\zip.dll
0x00007ffc3af60000 - 0x00007ffc3c4bc000 	C:\WINDOWS\system32\SHELL32.dll
0x00007ffc3a5e0000 - 0x00007ffc3ac25000 	C:\WINDOWS\system32\windows.storage.dll
0x00007ffc3d030000 - 0x00007ffc3d082000 	C:\WINDOWS\system32\shlwapi.dll
0x00007ffc39f20000 - 0x00007ffc39f2f000 	C:\WINDOWS\system32\kernel.appcore.dll
0x00007ffc3ac30000 - 0x00007ffc3ace5000 	C:\WINDOWS\system32\shcore.dll
0x00007ffc39f30000 - 0x00007ffc39f7b000 	C:\WINDOWS\system32\powrprof.dll
0x00007ffc39f80000 - 0x00007ffc39f94000 	C:\WINDOWS\system32\profapi.dll
0x00007ffc082c0000 - 0x00007ffc0844c000 	C:\WINDOWS\SYSTEM32\dbghelp.dll

VM Arguments:
jvm_args: -Djava.awt.headless=true -Xmx1024M -Dfile.encoding=windows-1252 -Duser.country=FR -Duser.language=fr -Duser.variant 
java_command: com.android.dx.command.Main --dex --force-jumbo --num-threads=4 --multi-dex --output C:\Users\Morgan\AndroidStudioProjects\BrainFuck\app\build\intermediates\transforms\dex\debug\folders\1000\10\instant-run_43160ad30f0764c70117bd1f7428cbe78782ee90 C:\Users\Morgan\AndroidStudioProjects\BrainFuck\app\build\intermediates\incremental-runtime-classes\debug\instant-run.jar
java_class_path (initial): C:\Users\Morgan\AppData\Local\Android\Sdk\build-tools\24.0.2\lib\dx.jar
Launcher Type: SUN_STANDARD

Environment Variables:
JAVA_HOME=C:\Program Files\Java\jdk1.8.0_31
PATH=C:\Program Files (x86)\Intel\iCLS Client\;C:\Program Files\Intel\iCLS Client\;C:\Windows\system32;C:\Windows;C:\Windows\System32\Wbem;C:\Windows\System32\WindowsPowerShell\v1.0\;C:\Program Files (x86)\Windows Live\Shared;C:\adb;C:\Program Files (x86)\NVIDIA Corporation\PhysX\Common;C:\WINDOWS\system32;C:\WINDOWS;C:\WINDOWS\System32\Wbem;C:\WINDOWS\System32\WindowsPowerShell\v1.0\;C:\MinGW\bin;C:\WINDOWS\system32\config\systemprofile\.dnx\bin;C:\Program Files\Microsoft DNX\Dnvm\;C:\Program Files\Microsoft SQL Server\120\Tools\Binn\;C:\Program Files\Microsoft SQL Server\130\Tools\Binn\;C:\Program Files (x86)\Windows Kits\10\Windows Performance Toolkit\;C:\Program Files\Microsoft\Web Platform Installer\;C:\Program Files (x86)\MySQL\MySQL Fabric 1.5 & MySQL Utilities 1.5\;C:\Program Files (x86)\MySQL\MySQL Fabric 1.5 & MySQL Utilities 1.5\Doctrine extensions for PHP\;C:\Program Files\Git\cmd;C:\Users\Morgan\AppData\Local\Programs\Python\Python35-32\Scripts\;C:\Users\Morgan\AppData\Local\Programs\Python\Python35-32\;C:\Users\Morgan\.dnx\bin;C:\Program Files\Java\jdk1.8.0_31;C:\Program Files (x86)\Java\jre7\bin
USERNAME=Morgan
OS=Windows_NT
PROCESSOR_IDENTIFIER=Intel64 Family 6 Model 60 Stepping 3, GenuineIntel



---------------  S Y S T E M  ---------------

OS: Windows 8.1 , 64 bit Build 9600 

CPU:total 8 (4 cores per cpu, 2 threads per core) family 6 model 60 stepping 3, cmov, cx8, fxsr, mmx, sse, sse2, sse3, ssse3, sse4.1, sse4.2, popcnt, avx, avx2, aes, clmul, erms, lzcnt, ht, tsc, tscinvbit, bmi1, bmi2

Memory: 4k page, physical 8304352k(1122580k free), swap 8304352k(4468k free)

vm_info: Java HotSpot(TM) 64-Bit Server VM (25.31-b07) for windows-amd64 JRE (1.8.0_31-b13), built on Dec 17 2014 21:00:28 by "java_re" with MS VC++ 10.0 (VS2010)

time: Thu Sep 22 13:06:46 2016
elapsed time: 1 seconds (0d 0h 0m 1s)

