#
# There is insufficient memory for the Java Runtime Environment to continue.
# Native memory allocation (malloc) failed to allocate 1959504 bytes for Chunk::new
# Possible reasons:
#   The system is out of physical RAM or swap space
#   In 32 bit mode, the process size limit was hit
# Possible solutions:
#   Reduce memory load on the system
#   Increase physical memory or swap space
#   Check if swap backing store is full
#   Use 64 bit Java on a 64 bit OS
#   Decrease Java heap size (-Xmx/-Xms)
#   Decrease number of Java threads
#   Decrease Java thread stack sizes (-Xss)
#   Set larger code cache with -XX:ReservedCodeCacheSize=
# This output file may be truncated or incomplete.
#
#  Out of Memory Error (allocation.cpp:390), pid=7716, tid=4236
#
# JRE version: Java(TM) SE Runtime Environment (8.0_31-b13) (build 1.8.0_31-b13)
# Java VM: Java HotSpot(TM) 64-Bit Server VM (25.31-b07 mixed mode windows-amd64 compressed oops)
# Failed to write core dump. Minidumps are not enabled by default on client versions of Windows
#

---------------  T H R E A D  ---------------

Current thread (0x0000000017817800):  JavaThread "C2 CompilerThread0" daemon [_thread_in_native, id=4236, stack(0x0000000017df0000,0x0000000017ef0000)]

Stack: [0x0000000017df0000,0x0000000017ef0000]
Native frames: (J=compiled Java code, j=interpreted, Vv=VM code, C=native code)
V  [jvm.dll+0x3169ba]


Current CompileTask:
C2:   2873 1918 %     4       com.android.dx.ssa.SCCP::run @ 53 (298 bytes)


---------------  P R O C E S S  ---------------

Java Threads: ( => current thread )
  0x0000000017b15800 JavaThread "pool-2-thread-4" [_thread_in_Java, id=3988, stack(0x0000000018ff0000,0x00000000190f0000)]
  0x0000000017b15000 JavaThread "pool-2-thread-3" [_thread_blocked, id=6532, stack(0x0000000018ef0000,0x0000000018ff0000)]
  0x0000000017b1a000 JavaThread "pool-2-thread-2" [_thread_in_Java, id=5728, stack(0x0000000018df0000,0x0000000018ef0000)]
  0x0000000017ad5800 JavaThread "pool-3-thread-1" [_thread_blocked, id=7276, stack(0x0000000018cf0000,0x0000000018df0000)]
  0x0000000017ba8800 JavaThread "pool-2-thread-1" [_thread_blocked, id=2088, stack(0x0000000018bf0000,0x0000000018cf0000)]
  0x000000001782a800 JavaThread "Service Thread" daemon [_thread_blocked, id=3576, stack(0x00000000181f0000,0x00000000182f0000)]
  0x0000000017820800 JavaThread "C1 CompilerThread3" daemon [_thread_blocked, id=2256, stack(0x00000000180f0000,0x00000000181f0000)]
  0x000000001781b800 JavaThread "C2 CompilerThread2" daemon [_thread_in_native, id=8124, stack(0x0000000017ff0000,0x00000000180f0000)]
  0x0000000017819800 JavaThread "C2 CompilerThread1" daemon [_thread_in_native, id=8792, stack(0x0000000017ef0000,0x0000000017ff0000)]
=>0x0000000017817800 JavaThread "C2 CompilerThread0" daemon [_thread_in_native, id=4236, stack(0x0000000017df0000,0x0000000017ef0000)]
  0x0000000017815000 JavaThread "Attach Listener" daemon [_thread_blocked, id=5328, stack(0x0000000017cf0000,0x0000000017df0000)]
  0x0000000017814800 JavaThread "Signal Dispatcher" daemon [_thread_blocked, id=8908, stack(0x0000000017bf0000,0x0000000017cf0000)]
  0x0000000002cc2000 JavaThread "Finalizer" daemon [_thread_blocked, id=6604, stack(0x00000000176f0000,0x00000000177f0000)]
  0x000000001580b800 JavaThread "Reference Handler" daemon [_thread_blocked, id=6388, stack(0x00000000175f0000,0x00000000176f0000)]
  0x0000000002acd800 JavaThread "main" [_thread_blocked, id=5564, stack(0x00000000029a0000,0x0000000002aa0000)]

Other Threads:
  0x0000000015807800 VMThread [stack: 0x00000000174f0000,0x00000000175f0000] [id=1396]
  0x000000001782b800 WatcherThread [stack: 0x00000000182f0000,0x00000000183f0000] [id=9408]

VM state:not at safepoint (normal execution)

VM Mutex/Monitor currently owned by a thread: None

Heap:
 PSYoungGen      total 71680K, used 43451K [0x00000000eab00000, 0x00000000ef600000, 0x0000000100000000)
  eden space 66560K, 57% used [0x00000000eab00000,0x00000000ed06fed0,0x00000000eec00000)
  from space 5120K, 99% used [0x00000000ef100000,0x00000000ef5ff0a8,0x00000000ef600000)
  to   space 5120K, 0% used [0x00000000eec00000,0x00000000eec00000,0x00000000ef100000)
 ParOldGen       total 87552K, used 14529K [0x00000000c0000000, 0x00000000c5580000, 0x00000000eab00000)
  object space 87552K, 16% used [0x00000000c0000000,0x00000000c0e306d8,0x00000000c5580000)
 Metaspace       used 6313K, capacity 7216K, committed 7296K, reserved 1056768K
  class space    used 593K, capacity 616K, committed 640K, reserved 1048576K

Card table byte_map: [0x0000000012090000,0x00000000122a0000] byte_map_base: 0x0000000011a90000

Marking Bits: (ParMarkBitMap*) 0x000000005f5dd4f0
 Begin Bits: [0x0000000012c00000, 0x0000000013c00000)
 End Bits:   [0x0000000013c00000, 0x0000000014c00000)

Polling page: 0x0000000001210000

CodeCache: size=245760Kb used=7256Kb max_used=7256Kb free=238503Kb
 bounds [0x0000000002cd0000, 0x00000000033f0000, 0x0000000011cd0000]
 total_blobs=2173 nmethods=1907 adapters=179
 compilation: enabled

Compilation events (10 events):
Event: 2.839 Thread 0x000000001781b800 1960       4       com.android.dx.util.ByteArray::getInt (47 bytes)
Event: 2.839 Thread 0x0000000017820800 1961       3       com.android.dx.cf.direct.StdAttributeFactory::localVariableTypeTable (98 bytes)
Event: 2.840 Thread 0x0000000017819800 1962       4       java.io.DataInputStream::readUnsignedShort (39 bytes)
Event: 2.840 Thread 0x0000000017820800 nmethod 1961 0x000000000339e350 code [0x000000000339e600, 0x000000000339f718]
Event: 2.840 Thread 0x0000000017820800 1963       3       com.android.dx.cf.attrib.AttLineNumberTable::byteLength (13 bytes)
Event: 2.841 Thread 0x000000001781b800 nmethod 1960 0x000000000339df90 code [0x000000000339e0e0, 0x000000000339e218]
Event: 2.841 Thread 0x0000000017820800 nmethod 1963 0x000000000339da90 code [0x000000000339dc00, 0x000000000339de50]
Event: 2.841 Thread 0x000000001781b800 1964   !   4       com.android.dx.cf.direct.AttributeListParser::parse (323 bytes)
Event: 2.845 Thread 0x000000001781b800 nmethod 1964 0x00000000033a1cd0 code [0x00000000033a1e40, 0x00000000033a21a8]
Event: 2.845 Thread 0x000000001781b800 1966   !   4       com.android.dx.rop.type.Type::intern (319 bytes)

GC Heap History (8 events):
Event: 0.949 GC heap before
{Heap before GC invocations=1 (full 0):
 PSYoungGen      total 38400K, used 33280K [0x00000000eab00000, 0x00000000ed580000, 0x0000000100000000)
  eden space 33280K, 100% used [0x00000000eab00000,0x00000000ecb80000,0x00000000ecb80000)
  from space 5120K, 0% used [0x00000000ed080000,0x00000000ed080000,0x00000000ed580000)
  to   space 5120K, 0% used [0x00000000ecb80000,0x00000000ecb80000,0x00000000ed080000)
 ParOldGen       total 87552K, used 0K [0x00000000c0000000, 0x00000000c5580000, 0x00000000eab00000)
  object space 87552K, 0% used [0x00000000c0000000,0x00000000c0000000,0x00000000c5580000)
 Metaspace       used 5883K, capacity 6832K, committed 7040K, reserved 1056768K
  class space    used 593K, capacity 616K, committed 640K, reserved 1048576K
Event: 0.956 GC heap after
Heap after GC invocations=1 (full 0):
 PSYoungGen      total 38400K, used 5102K [0x00000000eab00000, 0x00000000ed580000, 0x0000000100000000)
  eden space 33280K, 0% used [0x00000000eab00000,0x00000000eab00000,0x00000000ecb80000)
  from space 5120K, 99% used [0x00000000ecb80000,0x00000000ed07ba98,0x00000000ed080000)
  to   space 5120K, 0% used [0x00000000ed080000,0x00000000ed080000,0x00000000ed580000)
 ParOldGen       total 87552K, used 604K [0x00000000c0000000, 0x00000000c5580000, 0x00000000eab00000)
  object space 87552K, 0% used [0x00000000c0000000,0x00000000c00970d8,0x00000000c5580000)
 Metaspace       used 5883K, capacity 6832K, committed 7040K, reserved 1056768K
  class space    used 593K, capacity 616K, committed 640K, reserved 1048576K
}
Event: 1.201 GC heap before
{Heap before GC invocations=2 (full 0):
 PSYoungGen      total 38400K, used 38382K [0x00000000eab00000, 0x00000000ed580000, 0x0000000100000000)
  eden space 33280K, 100% used [0x00000000eab00000,0x00000000ecb80000,0x00000000ecb80000)
  from space 5120K, 99% used [0x00000000ecb80000,0x00000000ed07ba98,0x00000000ed080000)
  to   space 5120K, 0% used [0x00000000ed080000,0x00000000ed080000,0x00000000ed580000)
 ParOldGen       total 87552K, used 604K [0x00000000c0000000, 0x00000000c5580000, 0x00000000eab00000)
  object space 87552K, 0% used [0x00000000c0000000,0x00000000c00970d8,0x00000000c5580000)
 Metaspace       used 6089K, capacity 7024K, committed 7296K, reserved 1056768K
  class space    used 593K, capacity 616K, committed 640K, reserved 1048576K
Event: 1.214 GC heap after
Heap after GC invocations=2 (full 0):
 PSYoungGen      total 38400K, used 5114K [0x00000000eab00000, 0x00000000ef600000, 0x0000000100000000)
  eden space 33280K, 0% used [0x00000000eab00000,0x00000000eab00000,0x00000000ecb80000)
  from space 5120K, 99% used [0x00000000ed080000,0x00000000ed57eaa8,0x00000000ed580000)
  to   space 5120K, 0% used [0x00000000ecb80000,0x00000000ecb80000,0x00000000ed080000)
 ParOldGen       total 87552K, used 4285K [0x00000000c0000000, 0x00000000c5580000, 0x00000000eab00000)
  object space 87552K, 4% used [0x00000000c0000000,0x00000000c042f4c0,0x00000000c5580000)
 Metaspace       used 6089K, capacity 7024K, committed 7296K, reserved 1056768K
  class space    used 593K, capacity 616K, committed 640K, reserved 1048576K
}
Event: 1.400 GC heap before
{Heap before GC invocations=3 (full 0):
 PSYoungGen      total 38400K, used 38394K [0x00000000eab00000, 0x00000000ef600000, 0x0000000100000000)
  eden space 33280K, 100% used [0x00000000eab00000,0x00000000ecb80000,0x00000000ecb80000)
  from space 5120K, 99% used [0x00000000ed080000,0x00000000ed57eaa8,0x00000000ed580000)
  to   space 5120K, 0% used [0x00000000ecb80000,0x00000000ecb80000,0x00000000ed080000)
 ParOldGen       total 87552K, used 4285K [0x00000000c0000000, 0x00000000c5580000, 0x00000000eab00000)
  object space 87552K, 4% used [0x00000000c0000000,0x00000000c042f4c0,0x00000000c5580000)
 Metaspace       used 6229K, capacity 7152K, committed 7296K, reserved 1056768K
  class space    used 593K, capacity 616K, committed 640K, reserved 1048576K
Event: 1.419 GC heap after
Heap after GC invocations=3 (full 0):
 PSYoungGen      total 38400K, used 5088K [0x00000000eab00000, 0x00000000ef600000, 0x0000000100000000)
  eden space 33280K, 0% used [0x00000000eab00000,0x00000000eab00000,0x00000000ecb80000)
  from space 5120K, 99% used [0x00000000ecb80000,0x00000000ed078018,0x00000000ed080000)
  to   space 5120K, 0% used [0x00000000ef100000,0x00000000ef100000,0x00000000ef600000)
 ParOldGen       total 87552K, used 9475K [0x00000000c0000000, 0x00000000c5580000, 0x00000000eab00000)
  object space 87552K, 10% used [0x00000000c0000000,0x00000000c0940f60,0x00000000c5580000)
 Metaspace       used 6229K, capacity 7152K, committed 7296K, reserved 1056768K
  class space    used 593K, capacity 616K, committed 640K, reserved 1048576K
}
Event: 1.612 GC heap before
{Heap before GC invocations=4 (full 0):
 PSYoungGen      total 38400K, used 38368K [0x00000000eab00000, 0x00000000ef600000, 0x0000000100000000)
  eden space 33280K, 100% used [0x00000000eab00000,0x00000000ecb80000,0x00000000ecb80000)
  from space 5120K, 99% used [0x00000000ecb80000,0x00000000ed078018,0x00000000ed080000)
  to   space 5120K, 0% used [0x00000000ef100000,0x00000000ef100000,0x00000000ef600000)
 ParOldGen       total 87552K, used 9475K [0x00000000c0000000, 0x00000000c5580000, 0x00000000eab00000)
  object space 87552K, 10% used [0x00000000c0000000,0x00000000c0940f60,0x00000000c5580000)
 Metaspace       used 6285K, capacity 7152K, committed 7296K, reserved 1056768K
  class space    used 593K, capacity 616K, committed 640K, reserved 1048576K
Event: 1.639 GC heap after
Heap after GC invocations=4 (full 0):
 PSYoungGen      total 71680K, used 5116K [0x00000000eab00000, 0x00000000ef600000, 0x0000000100000000)
  eden space 66560K, 0% used [0x00000000eab00000,0x00000000eab00000,0x00000000eec00000)
  from space 5120K, 99% used [0x00000000ef100000,0x00000000ef5ff0a8,0x00000000ef600000)
  to   space 5120K, 0% used [0x00000000eec00000,0x00000000eec00000,0x00000000ef100000)
 ParOldGen       total 87552K, used 14529K [0x00000000c0000000, 0x00000000c5580000, 0x00000000eab00000)
  object space 87552K, 16% used [0x00000000c0000000,0x00000000c0e306d8,0x00000000c5580000)
 Metaspace       used 6285K, capacity 7152K, committed 7296K, reserved 1056768K
  class space    used 593K, capacity 616K, committed 640K, reserved 1048576K
}

Deoptimization events (10 events):
Event: 0.915 Thread 0x0000000002acd800 Uncommon trap: reason=unreached action=reinterpret pc=0x0000000002fbf78c method=java.util.HashMap.putVal(ILjava/lang/Object;Ljava/lang/Object;ZZ)Ljava/lang/Object; @ 193
Event: 1.088 Thread 0x0000000017ba8800 Uncommon trap: reason=null_check action=make_not_entrant pc=0x0000000003036680 method=com.android.dx.ssa.SsaRenamer.getLocalForNewReg(I)Lcom/android/dx/rop/code/LocalItem; @ 19
Event: 1.088 Thread 0x0000000017ba8800 Uncommon trap: reason=null_check action=make_not_entrant pc=0x000000000309dea4 method=com.android.dx.ssa.SsaRenamer.getLocalForNewReg(I)Lcom/android/dx/rop/code/LocalItem; @ 19
Event: 1.226 Thread 0x0000000017b15000 Uncommon trap: reason=unreached action=reinterpret pc=0x0000000002f517dc method=com.android.dx.rop.cst.Constant.compareTo(Lcom/android/dx/rop/cst/Constant;)I @ 12
Event: 1.559 Thread 0x0000000017b15000 Uncommon trap: reason=bimorphic action=maybe_recompile pc=0x0000000002f1c0b8 method=java.util.HashMap.getNode(ILjava/lang/Object;)Ljava/util/HashMap$Node; @ 126
Event: 1.569 Thread 0x0000000017b15000 Uncommon trap: reason=bimorphic action=maybe_recompile pc=0x0000000002f1c0b8 method=java.util.HashMap.getNode(ILjava/lang/Object;)Ljava/util/HashMap$Node; @ 126
Event: 1.794 Thread 0x0000000017b1a000 Uncommon trap: reason=class_check action=maybe_recompile pc=0x0000000003364930 method=com.android.dx.cf.code.BytecodeArray.parseInstruction(ILcom/android/dx/cf/code/BytecodeArray$Visitor;)I @ 1417
Event: 1.794 Thread 0x0000000017b1a000 Uncommon trap: reason=class_check action=maybe_recompile pc=0x0000000003364930 method=com.android.dx.cf.code.BytecodeArray.parseInstruction(ILcom/android/dx/cf/code/BytecodeArray$Visitor;)I @ 1417
Event: 1.797 Thread 0x0000000017b15000 Uncommon trap: reason=class_check action=maybe_recompile pc=0x0000000003364930 method=com.android.dx.cf.code.BytecodeArray.parseInstruction(ILcom/android/dx/cf/code/BytecodeArray$Visitor;)I @ 1417
Event: 1.798 Thread 0x0000000017b15000 Uncommon trap: reason=class_check action=maybe_recompile pc=0x0000000003364930 method=com.android.dx.cf.code.BytecodeArray.parseInstruction(ILcom/android/dx/cf/code/BytecodeArray$Visitor;)I @ 1417

Internal exceptions (10 events):
Event: 0.797 Thread 0x0000000017ba8800 Exception <a 'java/security/PrivilegedActionException'> (0x00000000ebd5aa00) thrown at [C:\workspace\8-2-build-windows-amd64-cygwin\jdk8u31\2394\hotspot\src\share\vm\prims\jvm.cpp, line 1312]
Event: 0.798 Thread 0x0000000017b15800 Exception <a 'java/security/PrivilegedActionException'> (0x00000000ebc70980) thrown at [C:\workspace\8-2-build-windows-amd64-cygwin\jdk8u31\2394\hotspot\src\share\vm\prims\jvm.cpp, line 1312]
Event: 0.798 Thread 0x0000000017b15800 Exception <a 'java/security/PrivilegedActionException'> (0x00000000ebc76388) thrown at [C:\workspace\8-2-build-windows-amd64-cygwin\jdk8u31\2394\hotspot\src\share\vm\prims\jvm.cpp, line 1312]
Event: 0.799 Thread 0x0000000017b15000 Exception <a 'java/security/PrivilegedActionException'> (0x00000000ebbd9f20) thrown at [C:\workspace\8-2-build-windows-amd64-cygwin\jdk8u31\2394\hotspot\src\share\vm\prims\jvm.cpp, line 1312]
Event: 0.817 Thread 0x0000000002acd800 Exception <a 'java/security/PrivilegedActionException'> (0x00000000ec09ab20) thrown at [C:\workspace\8-2-build-windows-amd64-cygwin\jdk8u31\2394\hotspot\src\share\vm\prims\jvm.cpp, line 1312]
Event: 0.835 Thread 0x0000000002acd800 Exception <a 'java/security/PrivilegedActionException'> (0x00000000ec1d1798) thrown at [C:\workspace\8-2-build-windows-amd64-cygwin\jdk8u31\2394\hotspot\src\share\vm\prims\jvm.cpp, line 1312]
Event: 0.854 Thread 0x0000000017b15800 Exception <a 'java/security/PrivilegedActionException'> (0x00000000ec288d18) thrown at [C:\workspace\8-2-build-windows-amd64-cygwin\jdk8u31\2394\hotspot\src\share\vm\prims\jvm.cpp, line 1312]
Event: 0.859 Thread 0x0000000017ba8800 Exception <a 'java/security/PrivilegedActionException'> (0x00000000ec31b038) thrown at [C:\workspace\8-2-build-windows-amd64-cygwin\jdk8u31\2394\hotspot\src\share\vm\prims\jvm.cpp, line 1312]
Event: 1.088 Thread 0x0000000017ba8800 Implicit null exception at 0x0000000003033f99 to 0x0000000003036659
Event: 1.088 Thread 0x0000000017ba8800 Implicit null exception at 0x000000000309b567 to 0x000000000309de81

Events (10 events):
Event: 1.794 Thread 0x0000000017b1a000 DEOPT PACKING pc=0x0000000003364930 sp=0x0000000018eee9f0
Event: 1.794 Thread 0x0000000017b1a000 DEOPT UNPACKING pc=0x0000000002d1556a sp=0x0000000018eee988 mode 2
Event: 1.797 Thread 0x0000000017b15000 Uncommon trap: trap_request=0xffffffde fr.pc=0x0000000003364930
Event: 1.797 Thread 0x0000000017b15000 DEOPT PACKING pc=0x0000000003364930 sp=0x0000000018fee530
Event: 1.797 Thread 0x0000000017b15000 DEOPT UNPACKING pc=0x0000000002d1556a sp=0x0000000018fee4c8 mode 2
Event: 1.798 Thread 0x0000000017b15000 Uncommon trap: trap_request=0xffffffde fr.pc=0x0000000003364930
Event: 1.798 Thread 0x0000000017b15000 DEOPT PACKING pc=0x0000000003364930 sp=0x0000000018fee530
Event: 1.798 Thread 0x0000000017b15000 DEOPT UNPACKING pc=0x0000000002d1556a sp=0x0000000018fee4c8 mode 2
Event: 1.799 Thread 0x0000000017b1a000 DEOPT PACKING pc=0x00000000031cced5 sp=0x0000000018eeed10
Event: 1.799 Thread 0x0000000017b1a000 DEOPT UNPACKING pc=0x0000000002d175bf sp=0x0000000018eeea48 mode 0


Dynamic libraries:
0x00007ff7efb40000 - 0x00007ff7efb74000 	C:\Program Files\Java\jdk1.8.0_31\bin\java.exe
0x00007ffaccb40000 - 0x00007ffaccd01000 	C:\WINDOWS\SYSTEM32\ntdll.dll
0x00007ffaca320000 - 0x00007ffaca3cd000 	C:\WINDOWS\system32\KERNEL32.DLL
0x00007ffac92b0000 - 0x00007ffac9498000 	C:\WINDOWS\system32\KERNELBASE.dll
0x00007ffacaf00000 - 0x00007ffacafa7000 	C:\WINDOWS\system32\ADVAPI32.dll
0x00007ffacaba0000 - 0x00007ffacac3d000 	C:\WINDOWS\system32\msvcrt.dll
0x00007ffacc520000 - 0x00007ffacc57b000 	C:\WINDOWS\system32\sechost.dll
0x00007ffaca3d0000 - 0x00007ffaca4ec000 	C:\WINDOWS\system32\RPCRT4.dll
0x00007ffaca010000 - 0x00007ffaca166000 	C:\WINDOWS\system32\USER32.dll
0x00007ffaca190000 - 0x00007ffaca316000 	C:\WINDOWS\system32\GDI32.dll
0x00007ffac4e60000 - 0x00007ffac50d4000 	C:\WINDOWS\WinSxS\amd64_microsoft.windows.common-controls_6595b64144ccf1df_6.0.10586.589_none_a2ddb3caa539acce\COMCTL32.dll
0x00007ffacc7b0000 - 0x00007ffacca2d000 	C:\WINDOWS\system32\combase.dll
0x00007ffac94a0000 - 0x00007ffac950a000 	C:\WINDOWS\system32\bcryptPrimitives.dll
0x00007ffacae50000 - 0x00007ffacae8b000 	C:\WINDOWS\system32\IMM32.DLL
0x000000005f660000 - 0x000000005f732000 	C:\Program Files\Java\jdk1.8.0_31\jre\bin\msvcr100.dll
0x000000005ee00000 - 0x000000005f65a000 	C:\Program Files\Java\jdk1.8.0_31\jre\bin\server\jvm.dll
0x00007ffacae90000 - 0x00007ffacae98000 	C:\WINDOWS\system32\PSAPI.DLL
0x00007ffaaa340000 - 0x00007ffaaa349000 	C:\WINDOWS\SYSTEM32\WSOCK32.dll
0x00007ffaca4f0000 - 0x00007ffaca55b000 	C:\WINDOWS\system32\WS2_32.dll
0x00007ffac70f0000 - 0x00007ffac7113000 	C:\WINDOWS\SYSTEM32\WINMM.dll
0x00007ffac70a0000 - 0x00007ffac70cc000 	C:\WINDOWS\SYSTEM32\WINMMBASE.dll
0x00007ffac9510000 - 0x00007ffac9553000 	C:\WINDOWS\system32\cfgmgr32.dll
0x000000005edf0000 - 0x000000005edff000 	C:\Program Files\Java\jdk1.8.0_31\jre\bin\verify.dll
0x000000005edc0000 - 0x000000005ede8000 	C:\Program Files\Java\jdk1.8.0_31\jre\bin\java.dll
0x000000005eda0000 - 0x000000005edb6000 	C:\Program Files\Java\jdk1.8.0_31\jre\bin\zip.dll
0x00007ffacafb0000 - 0x00007ffacc50c000 	C:\WINDOWS\system32\SHELL32.dll
0x00007ffac9800000 - 0x00007ffac9e45000 	C:\WINDOWS\system32\windows.storage.dll
0x00007ffac9f40000 - 0x00007ffac9f92000 	C:\WINDOWS\system32\shlwapi.dll
0x00007ffac91e0000 - 0x00007ffac91ef000 	C:\WINDOWS\system32\kernel.appcore.dll
0x00007ffac91f0000 - 0x00007ffac92a5000 	C:\WINDOWS\system32\shcore.dll
0x00007ffac9160000 - 0x00007ffac91ab000 	C:\WINDOWS\system32\powrprof.dll
0x00007ffac91b0000 - 0x00007ffac91c4000 	C:\WINDOWS\system32\profapi.dll
0x00007ffaaffb0000 - 0x00007ffab013c000 	C:\WINDOWS\SYSTEM32\dbghelp.dll

VM Arguments:
jvm_args: -Djava.awt.headless=true -Xmx1024M -Dfile.encoding=windows-1252 -Duser.country=FR -Duser.language=fr -Duser.variant 
java_command: com.android.dx.command.Main --dex --force-jumbo --num-threads=4 --multi-dex --output C:\Users\Morgan\AndroidStudioProjects\BrainFuck\app\build\intermediates\transforms\dex\debug\folders\1000\10\com.android.support-support-compat-24.2.1_7967eb01068333a4e5bf313509fb47abb9c06de5 C:\Users\Morgan\AndroidStudioProjects\BrainFuck\app\build\intermediates\exploded-aar\com.android.support\support-compat\24.2.1\jars\classes.jar
java_class_path (initial): C:\Users\Morgan\AppData\Local\Android\Sdk\build-tools\24.0.2\lib\dx.jar
Launcher Type: SUN_STANDARD

Environment Variables:
JAVA_HOME=C:\Program Files\Java\jdk1.8.0_31
PATH=C:\Program Files (x86)\Intel\iCLS Client\;C:\Program Files\Intel\iCLS Client\;C:\Windows\system32;C:\Windows;C:\Windows\System32\Wbem;C:\Windows\System32\WindowsPowerShell\v1.0\;C:\Program Files (x86)\Windows Live\Shared;C:\adb;C:\Program Files (x86)\NVIDIA Corporation\PhysX\Common;C:\WINDOWS\system32;C:\WINDOWS;C:\WINDOWS\System32\Wbem;C:\WINDOWS\System32\WindowsPowerShell\v1.0\;C:\MinGW\bin;C:\WINDOWS\system32\config\systemprofile\.dnx\bin;C:\Program Files\Microsoft DNX\Dnvm\;C:\Program Files\Microsoft SQL Server\120\Tools\Binn\;C:\Program Files\Microsoft SQL Server\130\Tools\Binn\;C:\Program Files (x86)\Windows Kits\10\Windows Performance Toolkit\;C:\Program Files\Microsoft\Web Platform Installer\;C:\Program Files (x86)\MySQL\MySQL Fabric 1.5 & MySQL Utilities 1.5\;C:\Program Files (x86)\MySQL\MySQL Fabric 1.5 & MySQL Utilities 1.5\Doctrine extensions for PHP\;C:\Program Files\Git\cmd;C:\Users\Morgan\AppData\Local\Programs\Python\Python35-32\Scripts\;C:\Users\Morgan\AppData\Local\Programs\Python\Python35-32\;C:\Users\Morgan\.dnx\bin;C:\Program Files\Java\jdk1.8.0_31;C:\Program Files (x86)\Java\jre7\bin
USERNAME=Morgan
OS=Windows_NT
PROCESSOR_IDENTIFIER=Intel64 Family 6 Model 60 Stepping 3, GenuineIntel



---------------  S Y S T E M  ---------------

OS: Windows 8.1 , 64 bit Build 9600 

CPU:total 8 (4 cores per cpu, 2 threads per core) family 6 model 60 stepping 3, cmov, cx8, fxsr, mmx, sse, sse2, sse3, ssse3, sse4.1, sse4.2, popcnt, avx, avx2, aes, clmul, erms, lzcnt, ht, tsc, tscinvbit, bmi1, bmi2

Memory: 4k page, physical 8304352k(1352504k free), swap 8304352k(5108k free)

vm_info: Java HotSpot(TM) 64-Bit Server VM (25.31-b07) for windows-amd64 JRE (1.8.0_31-b13), built on Dec 17 2014 21:00:28 by "java_re" with MS VC++ 10.0 (VS2010)

time: Mon Sep 19 22:12:46 2016
elapsed time: 2 seconds (0d 0h 0m 2s)

