#
# There is insufficient memory for the Java Runtime Environment to continue.
# Native memory allocation (malloc) failed to allocate 469216 bytes for Chunk::new
# Possible reasons:
#   The system is out of physical RAM or swap space
#   In 32 bit mode, the process size limit was hit
# Possible solutions:
#   Reduce memory load on the system
#   Increase physical memory or swap space
#   Check if swap backing store is full
#   Use 64 bit Java on a 64 bit OS
#   Decrease Java heap size (-Xmx/-Xms)
#   Decrease number of Java threads
#   Decrease Java thread stack sizes (-Xss)
#   Set larger code cache with -XX:ReservedCodeCacheSize=
# This output file may be truncated or incomplete.
#
#  Out of Memory Error (allocation.cpp:390), pid=7896, tid=9744
#
# JRE version: Java(TM) SE Runtime Environment (8.0_31-b13) (build 1.8.0_31-b13)
# Java VM: Java HotSpot(TM) 64-Bit Server VM (25.31-b07 mixed mode windows-amd64 compressed oops)
# Failed to write core dump. Minidumps are not enabled by default on client versions of Windows
#

---------------  T H R E A D  ---------------

Current thread (0x0000000017317800):  JavaThread "C2 CompilerThread0" daemon [_thread_in_native, id=9744, stack(0x00000000178f0000,0x00000000179f0000)]

Stack: [0x00000000178f0000,0x00000000179f0000]
Native frames: (J=compiled Java code, j=interpreted, Vv=VM code, C=native code)
V  [jvm.dll+0x3169ba]
V  [jvm.dll+0x2674c3]
V  [jvm.dll+0x268103]
V  [jvm.dll+0x25f8f5]
V  [jvm.dll+0xbf025]
V  [jvm.dll+0xbf4cc]
V  [jvm.dll+0x45df82]
V  [jvm.dll+0x49f21f]
V  [jvm.dll+0x452daf]
V  [jvm.dll+0x454124]
V  [jvm.dll+0x437c62]
V  [jvm.dll+0x988e2]
V  [jvm.dll+0x990d3]
V  [jvm.dll+0x22c194]
V  [jvm.dll+0x28576a]
C  [msvcr100.dll+0x21d9f]
C  [msvcr100.dll+0x21e3b]
C  [KERNEL32.DLL+0x18102]
C  [ntdll.dll+0x5c5b4]


Current CompileTask:
C2:   1014 1076       4       com.android.dx.ssa.SCCP::simulateStmt (481 bytes)


---------------  P R O C E S S  ---------------

Java Threads: ( => current thread )
  0x00000000175a3800 JavaThread "pool-2-thread-4" [_thread_blocked, id=10476, stack(0x00000000182f0000,0x00000000183f0000)]
  0x00000000174da000 JavaThread "pool-2-thread-3" [_thread_in_vm, id=8884, stack(0x00000000181f0000,0x00000000182f0000)]
  0x00000000174dd800 JavaThread "pool-2-thread-2" [_thread_blocked, id=8108, stack(0x00000000180f0000,0x00000000181f0000)]
  0x00000000174ca000 JavaThread "pool-3-thread-1" [_thread_blocked, id=11004, stack(0x0000000017ff0000,0x00000000180f0000)]
  0x00000000174c9800 JavaThread "pool-2-thread-1" [_thread_blocked, id=9140, stack(0x0000000017ef0000,0x0000000017ff0000)]
  0x00000000173b1000 JavaThread "Service Thread" daemon [_thread_blocked, id=3948, stack(0x0000000017cf0000,0x0000000017df0000)]
  0x0000000017326800 JavaThread "C1 CompilerThread3" daemon [_thread_blocked, id=11224, stack(0x0000000017bf0000,0x0000000017cf0000)]
  0x000000001731d800 JavaThread "C2 CompilerThread2" daemon [_thread_blocked, id=8948, stack(0x0000000017af0000,0x0000000017bf0000)]
  0x0000000017319800 JavaThread "C2 CompilerThread1" daemon [_thread_in_native, id=1080, stack(0x00000000179f0000,0x0000000017af0000)]
=>0x0000000017317800 JavaThread "C2 CompilerThread0" daemon [_thread_in_native, id=9744, stack(0x00000000178f0000,0x00000000179f0000)]
  0x0000000017315000 JavaThread "Attach Listener" daemon [_thread_blocked, id=2916, stack(0x00000000177f0000,0x00000000178f0000)]
  0x0000000017314800 JavaThread "Signal Dispatcher" daemon [_thread_blocked, id=11240, stack(0x00000000176f0000,0x00000000177f0000)]
  0x00000000027f7800 JavaThread "Finalizer" daemon [_thread_blocked, id=9440, stack(0x00000000171f0000,0x00000000172f0000)]
  0x000000001531b800 JavaThread "Reference Handler" daemon [_thread_blocked, id=5228, stack(0x00000000170f0000,0x00000000171f0000)]
  0x000000000257e000 JavaThread "main" [_thread_blocked, id=9572, stack(0x0000000002600000,0x0000000002700000)]

Other Threads:
  0x0000000015317800 VMThread [stack: 0x0000000016ff0000,0x00000000170f0000] [id=3560]
  0x00000000173b2000 WatcherThread [stack: 0x0000000017df0000,0x0000000017ef0000] [id=10756]

VM state:not at safepoint (normal execution)

VM Mutex/Monitor currently owned by a thread:  ([mutex/lock_event])
[0x000000000257cf50] CompiledIC_lock - owner thread: 0x00000000174da000

Heap:
 PSYoungGen      total 38400K, used 26008K [0x00000000eab00000, 0x00000000ed580000, 0x0000000100000000)
  eden space 33280K, 78% used [0x00000000eab00000,0x00000000ec466128,0x00000000ecb80000)
  from space 5120K, 0% used [0x00000000ed080000,0x00000000ed080000,0x00000000ed580000)
  to   space 5120K, 0% used [0x00000000ecb80000,0x00000000ecb80000,0x00000000ed080000)
 ParOldGen       total 87552K, used 0K [0x00000000c0000000, 0x00000000c5580000, 0x00000000eab00000)
  object space 87552K, 0% used [0x00000000c0000000,0x00000000c0000000,0x00000000c5580000)
 Metaspace       used 5879K, capacity 6896K, committed 7040K, reserved 1056768K
  class space    used 593K, capacity 616K, committed 640K, reserved 1048576K

Card table byte_map: [0x0000000011bc0000,0x0000000011dd0000] byte_map_base: 0x00000000115c0000

Marking Bits: (ParMarkBitMap*) 0x0000000050d3d4f0
 Begin Bits: [0x0000000012730000, 0x0000000013730000)
 End Bits:   [0x0000000013730000, 0x0000000014730000)

Polling page: 0x00000000024b0000

CodeCache: size=245760Kb used=4234Kb max_used=4245Kb free=241525Kb
 bounds [0x0000000002800000, 0x0000000002c30000, 0x0000000011800000]
 total_blobs=1348 nmethods=1083 adapters=179
 compilation: enabled

Compilation events (10 events):
Event: 0.980 Thread 0x0000000017319800 nmethod 965 0x0000000002c230d0 code [0x0000000002c23360, 0x0000000002c24790]
Event: 0.980 Thread 0x0000000017326800 nmethod 1084 0x0000000002c20510 code [0x0000000002c20760, 0x0000000002c21ff8]
Event: 0.980 Thread 0x0000000017326800 1082       3       com.android.dx.ssa.SsaMethod::onInsnRemoved (43 bytes)
Event: 0.980 Thread 0x0000000017319800 1060       4       com.android.dx.ssa.Dominators::eval (29 bytes)
Event: 0.980 Thread 0x0000000017326800 nmethod 1082 0x0000000002c1fbd0 code [0x0000000002c1fd60, 0x0000000002c20318]
Event: 0.987 Thread 0x000000001731d800 nmethod 1072 0x0000000002c28b90 code [0x0000000002c28d40, 0x0000000002c29748]
Event: 0.987 Thread 0x000000001731d800 1078       4       java.util.Collections$UnmodifiableCollection::iterator (9 bytes)
Event: 0.991 Thread 0x000000001731d800 nmethod 1078 0x0000000002c26a50 code [0x0000000002c26bc0, 0x0000000002c26e78]
Event: 0.991 Thread 0x000000001731d800 1073       4       com.android.dx.ssa.SsaMethod$2::visitNonMoveInsn (6 bytes)
Event: 0.991 Thread 0x000000001731d800 nmethod 1073 0x0000000002c1f950 code [0x0000000002c1faa0, 0x0000000002c1fb28]

GC Heap History (0 events):
No events

Deoptimization events (7 events):
Event: 0.652 Thread 0x000000000257e000 Uncommon trap: reason=class_check action=maybe_recompile pc=0x0000000002a32930 method=com.android.dx.ssa.NormalSsaInsn.accept(Lcom/android/dx/ssa/SsaInsn$Visitor;)V @ 9
Event: 0.652 Thread 0x000000000257e000 Uncommon trap: reason=class_check action=maybe_recompile pc=0x0000000002a32930 method=com.android.dx.ssa.NormalSsaInsn.accept(Lcom/android/dx/ssa/SsaInsn$Visitor;)V @ 9
Event: 0.652 Thread 0x000000000257e000 Uncommon trap: reason=class_check action=maybe_recompile pc=0x0000000002a32930 method=com.android.dx.ssa.NormalSsaInsn.accept(Lcom/android/dx/ssa/SsaInsn$Visitor;)V @ 9
Event: 0.652 Thread 0x000000000257e000 Uncommon trap: reason=class_check action=maybe_recompile pc=0x0000000002a32930 method=com.android.dx.ssa.NormalSsaInsn.accept(Lcom/android/dx/ssa/SsaInsn$Visitor;)V @ 9
Event: 0.714 Thread 0x000000000257e000 Uncommon trap: reason=unreached action=reinterpret pc=0x0000000002a3581c method=com.android.dx.rop.cst.Constant.compareTo(Lcom/android/dx/rop/cst/Constant;)I @ 12
Event: 0.802 Thread 0x00000000174da000 Uncommon trap: reason=unreached action=reinterpret pc=0x0000000002a9c150 method=com.android.dx.rop.code.LocalItem.hashCode()I @ 25
Event: 0.802 Thread 0x00000000174da000 Uncommon trap: reason=unreached action=reinterpret pc=0x0000000002aa0bd8 method=com.android.dx.rop.code.LocalItem.hashCode()I @ 25

Internal exceptions (10 events):
Event: 0.619 Thread 0x000000000257e000 Exception <a 'java/security/PrivilegedActionException'> (0x00000000eb20fd80) thrown at [C:\workspace\8-2-build-windows-amd64-cygwin\jdk8u31\2394\hotspot\src\share\vm\prims\jvm.cpp, line 1312]
Event: 0.620 Thread 0x00000000174c9800 Exception <a 'java/security/PrivilegedActionException'> (0x00000000eb477a50) thrown at [C:\workspace\8-2-build-windows-amd64-cygwin\jdk8u31\2394\hotspot\src\share\vm\prims\jvm.cpp, line 1312]
Event: 0.630 Thread 0x00000000174dd800 Exception <a 'java/security/PrivilegedActionException'> (0x00000000eb5f6bb8) thrown at [C:\workspace\8-2-build-windows-amd64-cygwin\jdk8u31\2394\hotspot\src\share\vm\prims\jvm.cpp, line 1312]
Event: 0.631 Thread 0x00000000174dd800 Exception <a 'java/security/PrivilegedActionException'> (0x00000000eb5fce40) thrown at [C:\workspace\8-2-build-windows-amd64-cygwin\jdk8u31\2394\hotspot\src\share\vm\prims\jvm.cpp, line 1312]
Event: 0.639 Thread 0x00000000174da000 Exception <a 'java/security/PrivilegedActionException'> (0x00000000eb6df4d0) thrown at [C:\workspace\8-2-build-windows-amd64-cygwin\jdk8u31\2394\hotspot\src\share\vm\prims\jvm.cpp, line 1312]
Event: 0.644 Thread 0x00000000175a3800 Exception <a 'java/security/PrivilegedActionException'> (0x00000000eb54a2c8) thrown at [C:\workspace\8-2-build-windows-amd64-cygwin\jdk8u31\2394\hotspot\src\share\vm\prims\jvm.cpp, line 1312]
Event: 0.656 Thread 0x00000000174dd800 Exception <a 'java/security/PrivilegedActionException'> (0x00000000eb7c3060) thrown at [C:\workspace\8-2-build-windows-amd64-cygwin\jdk8u31\2394\hotspot\src\share\vm\prims\jvm.cpp, line 1312]
Event: 0.668 Thread 0x00000000174dd800 Exception <a 'java/security/PrivilegedActionException'> (0x00000000eb7c8a68) thrown at [C:\workspace\8-2-build-windows-amd64-cygwin\jdk8u31\2394\hotspot\src\share\vm\prims\jvm.cpp, line 1312]
Event: 0.669 Thread 0x00000000174dd800 Exception <a 'java/security/PrivilegedActionException'> (0x00000000eb7ce1f0) thrown at [C:\workspace\8-2-build-windows-amd64-cygwin\jdk8u31\2394\hotspot\src\share\vm\prims\jvm.cpp, line 1312]
Event: 0.892 Thread 0x00000000174da000 Exception <a 'java/security/PrivilegedActionException'> (0x00000000ebc67b88) thrown at [C:\workspace\8-2-build-windows-amd64-cygwin\jdk8u31\2394\hotspot\src\share\vm\prims\jvm.cpp, line 1312]

Events (10 events):
Event: 0.802 Thread 0x00000000174da000 DEOPT UNPACKING pc=0x000000000284556a sp=0x00000000182ee1b8 mode 2
Event: 0.802 Thread 0x00000000174da000 Uncommon trap: trap_request=0xffffffad fr.pc=0x0000000002aa0bd8
Event: 0.802 Thread 0x00000000174da000 DEOPT PACKING pc=0x0000000002aa0bd8 sp=0x00000000182edd30
Event: 0.802 Thread 0x00000000174da000 DEOPT UNPACKING pc=0x000000000284556a sp=0x00000000182edc18 mode 2
Event: 0.892 loading class com/android/dx/dex/file/MethodAnnotationStruct
Event: 0.892 loading class com/android/dx/dex/file/MethodAnnotationStruct done
Event: 0.910 loading class java/util/HashMap$KeySet
Event: 0.910 loading class java/util/HashMap$KeySet done
Event: 0.911 loading class java/util/HashMap$KeyIterator
Event: 0.911 loading class java/util/HashMap$KeyIterator done


Dynamic libraries:
0x00007ff6ed6e0000 - 0x00007ff6ed714000 	C:\Program Files\Java\jdk1.8.0_31\bin\java.exe
0x00007ffc139a0000 - 0x00007ffc13b61000 	C:\WINDOWS\SYSTEM32\ntdll.dll
0x00007ffc13600000 - 0x00007ffc136ad000 	C:\WINDOWS\system32\KERNEL32.DLL
0x00007ffc10830000 - 0x00007ffc10a18000 	C:\WINDOWS\system32\KERNELBASE.dll
0x00007ffc10da0000 - 0x00007ffc10e47000 	C:\WINDOWS\system32\ADVAPI32.dll
0x00007ffc136d0000 - 0x00007ffc1376d000 	C:\WINDOWS\system32\msvcrt.dll
0x00007ffc12fd0000 - 0x00007ffc1302b000 	C:\WINDOWS\system32\sechost.dll
0x00007ffc137d0000 - 0x00007ffc138ec000 	C:\WINDOWS\system32\RPCRT4.dll
0x00007ffc12670000 - 0x00007ffc127c6000 	C:\WINDOWS\system32\USER32.dll
0x00007ffc131f0000 - 0x00007ffc13376000 	C:\WINDOWS\system32\GDI32.dll
0x00007ffc09990000 - 0x00007ffc09c04000 	C:\WINDOWS\WinSxS\amd64_microsoft.windows.common-controls_6595b64144ccf1df_6.0.10586.494_none_a2d8b04ea53e3145\COMCTL32.dll
0x00007ffc13380000 - 0x00007ffc135fd000 	C:\WINDOWS\system32\combase.dll
0x00007ffc10a20000 - 0x00007ffc10a8a000 	C:\WINDOWS\system32\bcryptPrimitives.dll
0x00007ffc12f10000 - 0x00007ffc12f4b000 	C:\WINDOWS\system32\IMM32.DLL
0x0000000050000000 - 0x00000000500d2000 	C:\Program Files\Java\jdk1.8.0_31\jre\bin\msvcr100.dll
0x0000000050560000 - 0x0000000050dba000 	C:\Program Files\Java\jdk1.8.0_31\jre\bin\server\jvm.dll
0x00007ffc12f50000 - 0x00007ffc12f58000 	C:\WINDOWS\system32\PSAPI.DLL
0x00007ffbf04b0000 - 0x00007ffbf04b9000 	C:\WINDOWS\SYSTEM32\WSOCK32.dll
0x00007ffc12f60000 - 0x00007ffc12fcb000 	C:\WINDOWS\system32\WS2_32.dll
0x00007ffc0e5e0000 - 0x00007ffc0e603000 	C:\WINDOWS\SYSTEM32\WINMM.dll
0x00007ffc0e2a0000 - 0x00007ffc0e2cc000 	C:\WINDOWS\SYSTEM32\WINMMBASE.dll
0x00007ffc107c0000 - 0x00007ffc10803000 	C:\WINDOWS\system32\cfgmgr32.dll
0x0000000050470000 - 0x000000005047f000 	C:\Program Files\Java\jdk1.8.0_31\jre\bin\verify.dll
0x0000000050440000 - 0x0000000050468000 	C:\Program Files\Java\jdk1.8.0_31\jre\bin\java.dll
0x0000000050420000 - 0x0000000050436000 	C:\Program Files\Java\jdk1.8.0_31\jre\bin\zip.dll
0x00007ffc10e50000 - 0x00007ffc123ac000 	C:\WINDOWS\system32\SHELL32.dll
0x00007ffc100b0000 - 0x00007ffc106f5000 	C:\WINDOWS\system32\windows.storage.dll
0x00007ffc12d50000 - 0x00007ffc12da2000 	C:\WINDOWS\system32\shlwapi.dll
0x00007ffc10010000 - 0x00007ffc1001f000 	C:\WINDOWS\system32\kernel.appcore.dll
0x00007ffc10700000 - 0x00007ffc107b5000 	C:\WINDOWS\system32\shcore.dll
0x00007ffc0ffc0000 - 0x00007ffc1000b000 	C:\WINDOWS\system32\powrprof.dll
0x00007ffc10020000 - 0x00007ffc10034000 	C:\WINDOWS\system32\profapi.dll
0x00007ffbdd300000 - 0x00007ffbdd48c000 	C:\WINDOWS\SYSTEM32\dbghelp.dll

VM Arguments:
jvm_args: -Djava.awt.headless=true -Xmx1024M -Dfile.encoding=windows-1252 -Duser.country=FR -Duser.language=fr -Duser.variant 
java_command: com.android.dx.command.Main --dex --force-jumbo --num-threads=4 --multi-dex --output C:\Users\Morgan\AndroidStudioProjects\BrainFuck\app\build\intermediates\transforms\dex\debug\folders\1000\10\com.android.support-support-vector-drawable-24.2.1_ef0f2f1fe1b78e9d6badd64d06ab93687956d76c C:\Users\Morgan\AndroidStudioProjects\BrainFuck\app\build\intermediates\exploded-aar\com.android.support\support-vector-drawable\24.2.1\jars\classes.jar
java_class_path (initial): C:\Users\Morgan\AppData\Local\Android\Sdk\build-tools\24.0.2\lib\dx.jar
Launcher Type: SUN_STANDARD

Environment Variables:
JAVA_HOME=C:\Program Files\Java\jdk1.8.0_31
PATH=C:\Program Files (x86)\Intel\iCLS Client\;C:\Program Files\Intel\iCLS Client\;C:\Windows\system32;C:\Windows;C:\Windows\System32\Wbem;C:\Windows\System32\WindowsPowerShell\v1.0\;C:\Program Files (x86)\Windows Live\Shared;C:\adb;C:\Program Files (x86)\NVIDIA Corporation\PhysX\Common;C:\WINDOWS\system32;C:\WINDOWS;C:\WINDOWS\System32\Wbem;C:\WINDOWS\System32\WindowsPowerShell\v1.0\;C:\MinGW\bin;C:\WINDOWS\system32\config\systemprofile\.dnx\bin;C:\Program Files\Microsoft DNX\Dnvm\;C:\Program Files\Microsoft SQL Server\120\Tools\Binn\;C:\Program Files\Microsoft SQL Server\130\Tools\Binn\;C:\Program Files (x86)\Windows Kits\10\Windows Performance Toolkit\;C:\Program Files\Microsoft\Web Platform Installer\;C:\Program Files (x86)\MySQL\MySQL Fabric 1.5 & MySQL Utilities 1.5\;C:\Program Files (x86)\MySQL\MySQL Fabric 1.5 & MySQL Utilities 1.5\Doctrine extensions for PHP\;C:\Program Files\Git\cmd;C:\Users\Morgan\AppData\Local\Programs\Python\Python35-32\Scripts\;C:\Users\Morgan\AppData\Local\Programs\Python\Python35-32\;C:\Users\Morgan\.dnx\bin;C:\Program Files\Java\jdk1.8.0_31;C:\Program Files (x86)\Java\jre7\bin
USERNAME=Morgan
OS=Windows_NT
PROCESSOR_IDENTIFIER=Intel64 Family 6 Model 60 Stepping 3, GenuineIntel



---------------  S Y S T E M  ---------------

OS: Windows 8.1 , 64 bit Build 9600 

CPU:total 8 (4 cores per cpu, 2 threads per core) family 6 model 60 stepping 3, cmov, cx8, fxsr, mmx, sse, sse2, sse3, ssse3, sse4.1, sse4.2, popcnt, avx, avx2, aes, clmul, erms, lzcnt, ht, tsc, tscinvbit, bmi1, bmi2

Memory: 4k page, physical 8304352k(1302704k free), swap 8304352k(2280k free)

vm_info: Java HotSpot(TM) 64-Bit Server VM (25.31-b07) for windows-amd64 JRE (1.8.0_31-b13), built on Dec 17 2014 21:00:28 by "java_re" with MS VC++ 10.0 (VS2010)

time: Tue Sep 13 22:32:35 2016
elapsed time: 1 seconds (0d 0h 0m 1s)

