#
# There is insufficient memory for the Java Runtime Environment to continue.
# Native memory allocation (malloc) failed to allocate 682512 bytes for Chunk::new
# Possible reasons:
#   The system is out of physical RAM or swap space
#   In 32 bit mode, the process size limit was hit
# Possible solutions:
#   Reduce memory load on the system
#   Increase physical memory or swap space
#   Check if swap backing store is full
#   Use 64 bit Java on a 64 bit OS
#   Decrease Java heap size (-Xmx/-Xms)
#   Decrease number of Java threads
#   Decrease Java thread stack sizes (-Xss)
#   Set larger code cache with -XX:ReservedCodeCacheSize=
# This output file may be truncated or incomplete.
#
#  Out of Memory Error (allocation.cpp:390), pid=3684, tid=1416
#
# JRE version: Java(TM) SE Runtime Environment (8.0_31-b13) (build 1.8.0_31-b13)
# Java VM: Java HotSpot(TM) 64-Bit Server VM (25.31-b07 mixed mode windows-amd64 compressed oops)
# Failed to write core dump. Minidumps are not enabled by default on client versions of Windows
#

---------------  T H R E A D  ---------------

Current thread (0x0000000017a67800):  JavaThread "C2 CompilerThread0" daemon [_thread_in_native, id=1416, stack(0x0000000018040000,0x0000000018140000)]

Stack: [0x0000000018040000,0x0000000018140000]
Native frames: (J=compiled Java code, j=interpreted, Vv=VM code, C=native code)
V  [jvm.dll+0x3169ba]
V  [jvm.dll+0x2674c3]
V  [jvm.dll+0x268103]
V  [jvm.dll+0x25f8f5]
V  [jvm.dll+0xbf025]
V  [jvm.dll+0xbf4cc]
V  [jvm.dll+0x44b7f2]
V  [jvm.dll+0x4bedb0]
V  [jvm.dll+0x4c19ec]
V  [jvm.dll+0x4519e1]
V  [jvm.dll+0x4541b8]
V  [jvm.dll+0x437c62]
V  [jvm.dll+0x988e2]
V  [jvm.dll+0x990d3]
V  [jvm.dll+0x22c194]
V  [jvm.dll+0x28576a]
C  [msvcr100.dll+0x21d9f]
C  [msvcr100.dll+0x21e3b]
C  [KERNEL32.DLL+0x18102]
C  [ntdll.dll+0x5c5b4]


Current CompileTask:
C2:   1799 1153   !   4       com.android.dx.cf.code.BytecodeArray::parseInstruction (2764 bytes)


---------------  P R O C E S S  ---------------

Java Threads: ( => current thread )
  0x0000000017de2800 JavaThread "pool-2-thread-4" [_thread_blocked, id=4676, stack(0x0000000019240000,0x0000000019340000)]
  0x0000000017ddd800 JavaThread "pool-2-thread-3" [_thread_blocked, id=6784, stack(0x0000000019140000,0x0000000019240000)]
  0x0000000017ddd000 JavaThread "pool-2-thread-2" [_thread_blocked, id=10208, stack(0x0000000019040000,0x0000000019140000)]
  0x0000000017dda800 JavaThread "pool-3-thread-1" [_thread_blocked, id=1412, stack(0x0000000018f40000,0x0000000019040000)]
  0x0000000018702000 JavaThread "pool-2-thread-1" [_thread_blocked, id=7580, stack(0x0000000018e40000,0x0000000018f40000)]
  0x0000000017ac9000 JavaThread "Service Thread" daemon [_thread_blocked, id=5792, stack(0x0000000018440000,0x0000000018540000)]
  0x0000000017ac1000 JavaThread "C1 CompilerThread3" daemon [_thread_blocked, id=6060, stack(0x0000000018340000,0x0000000018440000)]
  0x0000000017abd800 JavaThread "C2 CompilerThread2" daemon [_thread_in_native, id=9124, stack(0x0000000018240000,0x0000000018340000)]
  0x0000000017abc000 JavaThread "C2 CompilerThread1" daemon [_thread_in_native, id=9556, stack(0x0000000018140000,0x0000000018240000)]
=>0x0000000017a67800 JavaThread "C2 CompilerThread0" daemon [_thread_in_native, id=1416, stack(0x0000000018040000,0x0000000018140000)]
  0x0000000017a65000 JavaThread "Attach Listener" daemon [_thread_blocked, id=2268, stack(0x0000000017f40000,0x0000000018040000)]
  0x0000000017a64800 JavaThread "Signal Dispatcher" daemon [_thread_blocked, id=7308, stack(0x0000000017e40000,0x0000000017f40000)]
  0x0000000002f42000 JavaThread "Finalizer" daemon [_thread_blocked, id=7004, stack(0x0000000017940000,0x0000000017a40000)]
  0x0000000002f41000 JavaThread "Reference Handler" daemon [_thread_blocked, id=9544, stack(0x0000000017840000,0x0000000017940000)]
  0x0000000002d4d800 JavaThread "main" [_thread_in_Java, id=8264, stack(0x0000000002b50000,0x0000000002c50000)]

Other Threads:
  0x0000000015a68800 VMThread [stack: 0x0000000017740000,0x0000000017840000] [id=3716]
  0x0000000017aca000 WatcherThread [stack: 0x0000000018540000,0x0000000018640000] [id=3608]

VM state:not at safepoint (normal execution)

VM Mutex/Monitor currently owned by a thread: None

Heap:
 PSYoungGen      total 38400K, used 9470K [0x00000000eab00000, 0x00000000ef600000, 0x0000000100000000)
  eden space 33280K, 13% used [0x00000000eab00000,0x00000000eaf45be8,0x00000000ecb80000)
  from space 5120K, 99% used [0x00000000ecb80000,0x00000000ed079c80,0x00000000ed080000)
  to   space 5120K, 0% used [0x00000000ef100000,0x00000000ef100000,0x00000000ef600000)
 ParOldGen       total 87552K, used 2080K [0x00000000c0000000, 0x00000000c5580000, 0x00000000eab00000)
  object space 87552K, 2% used [0x00000000c0000000,0x00000000c02083c0,0x00000000c5580000)
 Metaspace       used 5945K, capacity 6896K, committed 7040K, reserved 1056768K
  class space    used 585K, capacity 616K, committed 640K, reserved 1048576K

Card table byte_map: [0x0000000012310000,0x0000000012520000] byte_map_base: 0x0000000011d10000

Marking Bits: (ParMarkBitMap*) 0x000000005f5dd4f0
 Begin Bits: [0x0000000012e80000, 0x0000000013e80000)
 End Bits:   [0x0000000013e80000, 0x0000000014e80000)

Polling page: 0x0000000002b30000

CodeCache: size=245760Kb used=5237Kb max_used=5237Kb free=240522Kb
 bounds [0x0000000002f50000, 0x0000000003480000, 0x0000000011f50000]
 total_blobs=1567 nmethods=1303 adapters=178
 compilation: enabled

Compilation events (10 events):
Event: 1.517 Thread 0x0000000017ac1000 1271       3       com.android.dx.ssa.back.FirstFitLocalCombiningAllocator::getLocalItemForReg (97 bytes)
Event: 1.735 Thread 0x0000000017ac1000 nmethod 1271 0x000000000344a3d0 code [0x000000000344a620, 0x000000000344b598]
Event: 1.735 Thread 0x0000000017ac1000 1274       3       sun.misc.VM::addFinalRefCount (24 bytes)
Event: 1.735 Thread 0x0000000017ac1000 nmethod 1274 0x000000000344c0d0 code [0x000000000344c220, 0x000000000344c3d0]
Event: 1.735 Thread 0x0000000017ac1000 1276       3       java.lang.ref.Reference::access$100 (4 bytes)
Event: 1.735 Thread 0x0000000017ac1000 nmethod 1276 0x000000000344c450 code [0x000000000344c5a0, 0x000000000344c6d0]
Event: 1.735 Thread 0x0000000017ac1000 1277   !   3       java.lang.ref.ReferenceQueue::enqueue (119 bytes)
Event: 1.736 Thread 0x0000000017ac1000 nmethod 1277 0x000000000344f590 code [0x000000000344f720, 0x000000000344fe88]
Event: 1.736 Thread 0x0000000017ac1000 1273   !   3       java.util.zip.ZipFile$ZipFileInflaterInputStream::close (67 bytes)
Event: 1.736 Thread 0x0000000017ac1000 nmethod 1273 0x00000000034528d0 code [0x0000000003452aa0, 0x0000000003453298]

GC Heap History (2 events):
Event: 1.518 GC heap before
{Heap before GC invocations=1 (full 0):
 PSYoungGen      total 38400K, used 33280K [0x00000000eab00000, 0x00000000ed580000, 0x0000000100000000)
  eden space 33280K, 100% used [0x00000000eab00000,0x00000000ecb80000,0x00000000ecb80000)
  from space 5120K, 0% used [0x00000000ed080000,0x00000000ed080000,0x00000000ed580000)
  to   space 5120K, 0% used [0x00000000ecb80000,0x00000000ecb80000,0x00000000ed080000)
 ParOldGen       total 87552K, used 0K [0x00000000c0000000, 0x00000000c5580000, 0x00000000eab00000)
  object space 87552K, 0% used [0x00000000c0000000,0x00000000c0000000,0x00000000c5580000)
 Metaspace       used 5927K, capacity 6896K, committed 7040K, reserved 1056768K
  class space    used 585K, capacity 616K, committed 640K, reserved 1048576K
Event: 1.733 GC heap after
Heap after GC invocations=1 (full 0):
 PSYoungGen      total 38400K, used 5095K [0x00000000eab00000, 0x00000000ef600000, 0x0000000100000000)
  eden space 33280K, 0% used [0x00000000eab00000,0x00000000eab00000,0x00000000ecb80000)
  from space 5120K, 99% used [0x00000000ecb80000,0x00000000ed079c80,0x00000000ed080000)
  to   space 5120K, 0% used [0x00000000ef100000,0x00000000ef100000,0x00000000ef600000)
 ParOldGen       total 87552K, used 2080K [0x00000000c0000000, 0x00000000c5580000, 0x00000000eab00000)
  object space 87552K, 2% used [0x00000000c0000000,0x00000000c02083c0,0x00000000c5580000)
 Metaspace       used 5927K, capacity 6896K, committed 7040K, reserved 1056768K
  class space    used 585K, capacity 616K, committed 640K, reserved 1048576K
}

Deoptimization events (10 events):
Event: 0.987 Thread 0x0000000017ddd000 Uncommon trap: reason=class_check action=maybe_recompile pc=0x000000000331a67c method=com.android.dx.ssa.NormalSsaInsn.accept(Lcom/android/dx/ssa/SsaInsn$Visitor;)V @ 9
Event: 0.987 Thread 0x0000000017ddd000 Uncommon trap: reason=bimorphic action=maybe_recompile pc=0x000000000331f0e4 method=com.android.dx.ssa.NormalSsaInsn.accept(Lcom/android/dx/ssa/SsaInsn$Visitor;)V @ 9
Event: 0.987 Thread 0x0000000017ddd000 Uncommon trap: reason=bimorphic action=maybe_recompile pc=0x000000000331f0e4 method=com.android.dx.ssa.NormalSsaInsn.accept(Lcom/android/dx/ssa/SsaInsn$Visitor;)V @ 9
Event: 0.987 Thread 0x0000000017ddd000 Uncommon trap: reason=bimorphic action=maybe_recompile pc=0x000000000331f0e4 method=com.android.dx.ssa.NormalSsaInsn.accept(Lcom/android/dx/ssa/SsaInsn$Visitor;)V @ 9
Event: 1.032 Thread 0x0000000017de2800 Uncommon trap: reason=bimorphic action=maybe_recompile pc=0x000000000331f0e4 method=com.android.dx.ssa.NormalSsaInsn.accept(Lcom/android/dx/ssa/SsaInsn$Visitor;)V @ 9
Event: 1.310 Thread 0x0000000002d4d800 Uncommon trap: reason=class_check action=maybe_recompile pc=0x00000000033a9e1c method=com.android.dx.cf.code.BytecodeArray.parseInstruction(ILcom/android/dx/cf/code/BytecodeArray$Visitor;)I @ 1287
Event: 1.310 Thread 0x0000000002d4d800 Uncommon trap: reason=class_check action=maybe_recompile pc=0x00000000033a9e1c method=com.android.dx.cf.code.BytecodeArray.parseInstruction(ILcom/android/dx/cf/code/BytecodeArray$Visitor;)I @ 1287
Event: 1.310 Thread 0x0000000002d4d800 Uncommon trap: reason=class_check action=maybe_recompile pc=0x00000000033a9e1c method=com.android.dx.cf.code.BytecodeArray.parseInstruction(ILcom/android/dx/cf/code/BytecodeArray$Visitor;)I @ 1287
Event: 1.310 Thread 0x0000000002d4d800 Uncommon trap: reason=class_check action=maybe_recompile pc=0x00000000033a9e1c method=com.android.dx.cf.code.BytecodeArray.parseInstruction(ILcom/android/dx/cf/code/BytecodeArray$Visitor;)I @ 1287
Event: 1.502 Thread 0x0000000002d4d800 Uncommon trap: reason=bimorphic action=maybe_recompile pc=0x0000000003219610 method=java.util.HashMap.getNode(ILjava/lang/Object;)Ljava/util/HashMap$Node; @ 126

Internal exceptions (10 events):
Event: 0.716 Thread 0x0000000017ddd000 Exception <a 'java/security/PrivilegedActionException'> (0x00000000eb677038) thrown at [C:\workspace\8-2-build-windows-amd64-cygwin\jdk8u31\2394\hotspot\src\share\vm\prims\jvm.cpp, line 1312]
Event: 0.717 Thread 0x0000000017ddd000 Exception <a 'java/security/PrivilegedActionException'> (0x00000000eb67c178) thrown at [C:\workspace\8-2-build-windows-amd64-cygwin\jdk8u31\2394\hotspot\src\share\vm\prims\jvm.cpp, line 1312]
Event: 0.717 Thread 0x0000000017ddd000 Exception <a 'java/security/PrivilegedActionException'> (0x00000000eb681710) thrown at [C:\workspace\8-2-build-windows-amd64-cygwin\jdk8u31\2394\hotspot\src\share\vm\prims\jvm.cpp, line 1312]
Event: 0.718 Thread 0x0000000017ddd000 Exception <a 'java/security/PrivilegedActionException'> (0x00000000eb685010) thrown at [C:\workspace\8-2-build-windows-amd64-cygwin\jdk8u31\2394\hotspot\src\share\vm\prims\jvm.cpp, line 1312]
Event: 0.721 Thread 0x0000000017ddd000 Exception <a 'java/security/PrivilegedActionException'> (0x00000000eb6918d8) thrown at [C:\workspace\8-2-build-windows-amd64-cygwin\jdk8u31\2394\hotspot\src\share\vm\prims\jvm.cpp, line 1312]
Event: 0.721 Thread 0x0000000017ddd000 Exception <a 'java/security/PrivilegedActionException'> (0x00000000eb697b58) thrown at [C:\workspace\8-2-build-windows-amd64-cygwin\jdk8u31\2394\hotspot\src\share\vm\prims\jvm.cpp, line 1312]
Event: 0.722 Thread 0x0000000017ddd000 Exception <a 'java/security/PrivilegedActionException'> (0x00000000eb69c460) thrown at [C:\workspace\8-2-build-windows-amd64-cygwin\jdk8u31\2394\hotspot\src\share\vm\prims\jvm.cpp, line 1312]
Event: 0.735 Thread 0x0000000017ddd800 Exception <a 'java/security/PrivilegedActionException'> (0x00000000eb7baf90) thrown at [C:\workspace\8-2-build-windows-amd64-cygwin\jdk8u31\2394\hotspot\src\share\vm\prims\jvm.cpp, line 1312]
Event: 0.894 Thread 0x0000000002d4d800 Exception <a 'java/security/PrivilegedActionException'> (0x00000000ebc5e190) thrown at [C:\workspace\8-2-build-windows-amd64-cygwin\jdk8u31\2394\hotspot\src\share\vm\prims\jvm.cpp, line 1312]
Event: 0.901 Thread 0x0000000002d4d800 Implicit null exception at 0x00000000032bbff7 to 0x00000000032be09d

Events (10 events):
Event: 1.310 Thread 0x0000000002d4d800 DEOPT PACKING pc=0x00000000033a9e1c sp=0x0000000002c4e1b0
Event: 1.310 Thread 0x0000000002d4d800 DEOPT UNPACKING pc=0x0000000002f9556a sp=0x0000000002c4e140 mode 2
Event: 1.310 Thread 0x0000000002d4d800 Uncommon trap: trap_request=0xffffffde fr.pc=0x00000000033a9e1c
Event: 1.310 Thread 0x0000000002d4d800 DEOPT PACKING pc=0x00000000033a9e1c sp=0x0000000002c4e1b0
Event: 1.310 Thread 0x0000000002d4d800 DEOPT UNPACKING pc=0x0000000002f9556a sp=0x0000000002c4e140 mode 2
Event: 1.502 Thread 0x0000000002d4d800 Uncommon trap: trap_request=0xffffffc6 fr.pc=0x0000000003219610
Event: 1.502 Thread 0x0000000002d4d800 DEOPT PACKING pc=0x0000000003219610 sp=0x0000000002c4e330
Event: 1.502 Thread 0x0000000002d4d800 DEOPT UNPACKING pc=0x0000000002f9556a sp=0x0000000002c4e258 mode 2
Event: 1.517 Executing VM operation: ParallelGCFailedAllocation
Event: 1.733 Executing VM operation: ParallelGCFailedAllocation done


Dynamic libraries:
0x00007ff7efb40000 - 0x00007ff7efb74000 	C:\Program Files\Java\jdk1.8.0_31\bin\java.exe
0x00007ffaccb40000 - 0x00007ffaccd01000 	C:\WINDOWS\SYSTEM32\ntdll.dll
0x00007ffaca320000 - 0x00007ffaca3cd000 	C:\WINDOWS\system32\KERNEL32.DLL
0x00007ffac92b0000 - 0x00007ffac9498000 	C:\WINDOWS\system32\KERNELBASE.dll
0x00007ffacaf00000 - 0x00007ffacafa7000 	C:\WINDOWS\system32\ADVAPI32.dll
0x00007ffacaba0000 - 0x00007ffacac3d000 	C:\WINDOWS\system32\msvcrt.dll
0x00007ffacc520000 - 0x00007ffacc57b000 	C:\WINDOWS\system32\sechost.dll
0x00007ffaca3d0000 - 0x00007ffaca4ec000 	C:\WINDOWS\system32\RPCRT4.dll
0x00007ffaca010000 - 0x00007ffaca166000 	C:\WINDOWS\system32\USER32.dll
0x00007ffaca190000 - 0x00007ffaca316000 	C:\WINDOWS\system32\GDI32.dll
0x00007ffac4e60000 - 0x00007ffac50d4000 	C:\WINDOWS\WinSxS\amd64_microsoft.windows.common-controls_6595b64144ccf1df_6.0.10586.589_none_a2ddb3caa539acce\COMCTL32.dll
0x00007ffacc7b0000 - 0x00007ffacca2d000 	C:\WINDOWS\system32\combase.dll
0x00007ffac94a0000 - 0x00007ffac950a000 	C:\WINDOWS\system32\bcryptPrimitives.dll
0x00007ffacae50000 - 0x00007ffacae8b000 	C:\WINDOWS\system32\IMM32.DLL
0x000000005f660000 - 0x000000005f732000 	C:\Program Files\Java\jdk1.8.0_31\jre\bin\msvcr100.dll
0x000000005ee00000 - 0x000000005f65a000 	C:\Program Files\Java\jdk1.8.0_31\jre\bin\server\jvm.dll
0x00007ffacae90000 - 0x00007ffacae98000 	C:\WINDOWS\system32\PSAPI.DLL
0x00007ffaaa340000 - 0x00007ffaaa349000 	C:\WINDOWS\SYSTEM32\WSOCK32.dll
0x00007ffaca4f0000 - 0x00007ffaca55b000 	C:\WINDOWS\system32\WS2_32.dll
0x00007ffac70f0000 - 0x00007ffac7113000 	C:\WINDOWS\SYSTEM32\WINMM.dll
0x00007ffac70a0000 - 0x00007ffac70cc000 	C:\WINDOWS\SYSTEM32\WINMMBASE.dll
0x00007ffac9510000 - 0x00007ffac9553000 	C:\WINDOWS\system32\cfgmgr32.dll
0x000000005edf0000 - 0x000000005edff000 	C:\Program Files\Java\jdk1.8.0_31\jre\bin\verify.dll
0x000000005edc0000 - 0x000000005ede8000 	C:\Program Files\Java\jdk1.8.0_31\jre\bin\java.dll
0x000000005eda0000 - 0x000000005edb6000 	C:\Program Files\Java\jdk1.8.0_31\jre\bin\zip.dll
0x00007ffacafb0000 - 0x00007ffacc50c000 	C:\WINDOWS\system32\SHELL32.dll
0x00007ffac9800000 - 0x00007ffac9e45000 	C:\WINDOWS\system32\windows.storage.dll
0x00007ffac9f40000 - 0x00007ffac9f92000 	C:\WINDOWS\system32\shlwapi.dll
0x00007ffac91e0000 - 0x00007ffac91ef000 	C:\WINDOWS\system32\kernel.appcore.dll
0x00007ffac91f0000 - 0x00007ffac92a5000 	C:\WINDOWS\system32\shcore.dll
0x00007ffac9160000 - 0x00007ffac91ab000 	C:\WINDOWS\system32\powrprof.dll
0x00007ffac91b0000 - 0x00007ffac91c4000 	C:\WINDOWS\system32\profapi.dll
0x00007ffaaffb0000 - 0x00007ffab013c000 	C:\WINDOWS\SYSTEM32\dbghelp.dll

VM Arguments:
jvm_args: -Djava.awt.headless=true -Xmx1024M -Dfile.encoding=windows-1252 -Duser.country=FR -Duser.language=fr -Duser.variant 
java_command: com.android.dx.command.Main --dex --force-jumbo --num-threads=4 --multi-dex --output C:\Users\Morgan\AndroidStudioProjects\BrainFuck\app\build\intermediates\transforms\dex\debug\folders\1000\10\okhttp-3.2.0_e292692cd6a29bc12dca37591308a33b694d2261 C:\Users\Morgan\.gradle\caches\modules-2\files-2.1\com.squareup.okhttp3\okhttp\3.2.0\f7873a2ebde246a45c2a8d6f3247108b4c88a879\okhttp-3.2.0.jar
java_class_path (initial): C:\Users\Morgan\AppData\Local\Android\Sdk\build-tools\24.0.2\lib\dx.jar
Launcher Type: SUN_STANDARD

Environment Variables:
JAVA_HOME=C:\Program Files\Java\jdk1.8.0_31
PATH=C:\Program Files (x86)\Intel\iCLS Client\;C:\Program Files\Intel\iCLS Client\;C:\Windows\system32;C:\Windows;C:\Windows\System32\Wbem;C:\Windows\System32\WindowsPowerShell\v1.0\;C:\Program Files (x86)\Windows Live\Shared;C:\adb;C:\Program Files (x86)\NVIDIA Corporation\PhysX\Common;C:\WINDOWS\system32;C:\WINDOWS;C:\WINDOWS\System32\Wbem;C:\WINDOWS\System32\WindowsPowerShell\v1.0\;C:\MinGW\bin;C:\WINDOWS\system32\config\systemprofile\.dnx\bin;C:\Program Files\Microsoft DNX\Dnvm\;C:\Program Files\Microsoft SQL Server\120\Tools\Binn\;C:\Program Files\Microsoft SQL Server\130\Tools\Binn\;C:\Program Files (x86)\Windows Kits\10\Windows Performance Toolkit\;C:\Program Files\Microsoft\Web Platform Installer\;C:\Program Files (x86)\MySQL\MySQL Fabric 1.5 & MySQL Utilities 1.5\;C:\Program Files (x86)\MySQL\MySQL Fabric 1.5 & MySQL Utilities 1.5\Doctrine extensions for PHP\;C:\Program Files\Git\cmd;C:\Users\Morgan\AppData\Local\Programs\Python\Python35-32\Scripts\;C:\Users\Morgan\AppData\Local\Programs\Python\Python35-32\;C:\Users\Morgan\.dnx\bin;C:\Program Files\Java\jdk1.8.0_31;C:\Program Files (x86)\Java\jre7\bin
USERNAME=Morgan
OS=Windows_NT
PROCESSOR_IDENTIFIER=Intel64 Family 6 Model 60 Stepping 3, GenuineIntel



---------------  S Y S T E M  ---------------

OS: Windows 8.1 , 64 bit Build 9600 

CPU:total 8 (4 cores per cpu, 2 threads per core) family 6 model 60 stepping 3, cmov, cx8, fxsr, mmx, sse, sse2, sse3, ssse3, sse4.1, sse4.2, popcnt, avx, avx2, aes, clmul, erms, lzcnt, ht, tsc, tscinvbit, bmi1, bmi2

Memory: 4k page, physical 8304352k(1352260k free), swap 8304352k(3084k free)

vm_info: Java HotSpot(TM) 64-Bit Server VM (25.31-b07) for windows-amd64 JRE (1.8.0_31-b13), built on Dec 17 2014 21:00:28 by "java_re" with MS VC++ 10.0 (VS2010)

time: Mon Sep 19 22:12:46 2016
elapsed time: 1 seconds (0d 0h 0m 1s)

