#
# There is insufficient memory for the Java Runtime Environment to continue.
# Native memory allocation (malloc) failed to allocate 169296 bytes for Chunk::new
# Possible reasons:
#   The system is out of physical RAM or swap space
#   In 32 bit mode, the process size limit was hit
# Possible solutions:
#   Reduce memory load on the system
#   Increase physical memory or swap space
#   Check if swap backing store is full
#   Use 64 bit Java on a 64 bit OS
#   Decrease Java heap size (-Xmx/-Xms)
#   Decrease number of Java threads
#   Decrease Java thread stack sizes (-Xss)
#   Set larger code cache with -XX:ReservedCodeCacheSize=
# This output file may be truncated or incomplete.
#
#  Out of Memory Error (allocation.cpp:390), pid=4976, tid=9840
#
# JRE version: Java(TM) SE Runtime Environment (8.0_31-b13) (build 1.8.0_31-b13)
# Java VM: Java HotSpot(TM) 64-Bit Server VM (25.31-b07 mixed mode windows-amd64 compressed oops)
# Failed to write core dump. Minidumps are not enabled by default on client versions of Windows
#

---------------  T H R E A D  ---------------

Current thread (0x000000001719b800):  JavaThread "C2 CompilerThread2" daemon [_thread_in_native, id=9840, stack(0x0000000017970000,0x0000000017a70000)]

Stack: [0x0000000017970000,0x0000000017a70000]
Native frames: (J=compiled Java code, j=interpreted, Vv=VM code, C=native code)
V  [jvm.dll+0x3169ba]
V  [jvm.dll+0x2674c3]
V  [jvm.dll+0x268103]
V  [jvm.dll+0x25f8f5]
V  [jvm.dll+0xbf025]
V  [jvm.dll+0xbf4cc]
V  [jvm.dll+0x44b7f2]
V  [jvm.dll+0x4bedb0]
V  [jvm.dll+0x4c1a00]
V  [jvm.dll+0x4519e1]
V  [jvm.dll+0x4541b8]
V  [jvm.dll+0x437c62]
V  [jvm.dll+0x988e2]
V  [jvm.dll+0x990d3]
V  [jvm.dll+0x22c194]
V  [jvm.dll+0x28576a]
C  [msvcr100.dll+0x21d9f]
C  [msvcr100.dll+0x21e3b]
C  [KERNEL32.DLL+0x18102]
C  [ntdll.dll+0x5c5b4]


Current CompileTask:
C2:   4273 1930 %     4       com.android.dx.ssa.SsaMethod::mapRegisters @ 8 (87 bytes)


---------------  P R O C E S S  ---------------

Java Threads: ( => current thread )
  0x000000001747e800 JavaThread "pool-2-thread-4" [_thread_blocked, id=8736, stack(0x0000000018970000,0x0000000018a70000)]
  0x0000000017520800 JavaThread "pool-2-thread-3" [_thread_blocked, id=7068, stack(0x0000000018870000,0x0000000018970000)]
  0x000000001751e000 JavaThread "pool-2-thread-2" [_thread_blocked, id=8588, stack(0x0000000018770000,0x0000000018870000)]
  0x0000000017518800 JavaThread "pool-3-thread-1" [_thread_blocked, id=2872, stack(0x0000000018670000,0x0000000018770000)]
  0x000000001744d800 JavaThread "pool-2-thread-1" [_thread_blocked, id=8112, stack(0x0000000018570000,0x0000000018670000)]
  0x00000000171aa800 JavaThread "Service Thread" daemon [_thread_blocked, id=3832, stack(0x0000000017b70000,0x0000000017c70000)]
  0x00000000171a0800 JavaThread "C1 CompilerThread3" daemon [_thread_blocked, id=3756, stack(0x0000000017a70000,0x0000000017b70000)]
=>0x000000001719b800 JavaThread "C2 CompilerThread2" daemon [_thread_in_native, id=9840, stack(0x0000000017970000,0x0000000017a70000)]
  0x0000000017199800 JavaThread "C2 CompilerThread1" daemon [_thread_in_native, id=4536, stack(0x0000000017870000,0x0000000017970000)]
  0x0000000017197000 JavaThread "C2 CompilerThread0" daemon [_thread_in_native, id=108, stack(0x0000000017770000,0x0000000017870000)]
  0x0000000017195000 JavaThread "Attach Listener" daemon [_thread_blocked, id=1028, stack(0x0000000017670000,0x0000000017770000)]
  0x0000000017194000 JavaThread "Signal Dispatcher" daemon [_thread_blocked, id=9996, stack(0x0000000017570000,0x0000000017670000)]
  0x0000000002677800 JavaThread "Finalizer" daemon [_thread_blocked, id=3664, stack(0x0000000017070000,0x0000000017170000)]
  0x0000000002671000 JavaThread "Reference Handler" daemon [_thread_blocked, id=6004, stack(0x0000000016f70000,0x0000000017070000)]
  0x000000000237e000 JavaThread "main" [_thread_blocked, id=1000, stack(0x0000000002480000,0x0000000002580000)]

Other Threads:
  0x0000000015198800 VMThread [stack: 0x0000000016e70000,0x0000000016f70000] [id=4356]
  0x00000000171ab800 WatcherThread [stack: 0x0000000017c70000,0x0000000017d70000] [id=9360]

VM state:not at safepoint (normal execution)

VM Mutex/Monitor currently owned by a thread: None

Heap:
 PSYoungGen      total 71680K, used 13527K [0x00000000eab00000, 0x00000000f3700000, 0x0000000100000000)
  eden space 66560K, 12% used [0x00000000eab00000,0x00000000eb33c8d0,0x00000000eec00000)
  from space 5120K, 99% used [0x00000000eec00000,0x00000000ef0f9350,0x00000000ef100000)
  to   space 5120K, 0% used [0x00000000f3200000,0x00000000f3200000,0x00000000f3700000)
 ParOldGen       total 87552K, used 14901K [0x00000000c0000000, 0x00000000c5580000, 0x00000000eab00000)
  object space 87552K, 17% used [0x00000000c0000000,0x00000000c0e8d468,0x00000000c5580000)
 Metaspace       used 6261K, capacity 7128K, committed 7424K, reserved 1056768K
  class space    used 607K, capacity 656K, committed 768K, reserved 1048576K

Card table byte_map: [0x0000000011a40000,0x0000000011c50000] byte_map_base: 0x0000000011440000

Marking Bits: (ParMarkBitMap*) 0x0000000057c8d4f0
 Begin Bits: [0x00000000125b0000, 0x00000000135b0000)
 End Bits:   [0x00000000135b0000, 0x00000000145b0000)

Polling page: 0x0000000000a40000

CodeCache: size=245760Kb used=7504Kb max_used=7504Kb free=238255Kb
 bounds [0x0000000002680000, 0x0000000002df0000, 0x0000000011680000]
 total_blobs=2057 nmethods=1793 adapters=178
 compilation: enabled

Compilation events (10 events):
Event: 4.146 Thread 0x000000001719b800 nmethod 1906 0x0000000002d7f690 code [0x0000000002d7f7e0, 0x0000000002d7f9b8]
Event: 4.153 Thread 0x000000001719b800 1918       4       com.android.dx.rop.code.BasicBlockList::forEachInsn (39 bytes)
Event: 4.198 Thread 0x000000001719b800 nmethod 1918 0x0000000002d4b9d0 code [0x0000000002d4bb20, 0x0000000002d4bdd8]
Event: 4.198 Thread 0x000000001719b800 1930 %     4       com.android.dx.ssa.SsaMethod::mapRegisters @ 8 (87 bytes)
Event: 4.201 Thread 0x00000000171a0800 1944 % !   3       com.android.dx.cf.cst.ConstantPoolParser::determineOffsets @ 5 (285 bytes)
Event: 4.202 Thread 0x00000000171a0800 nmethod 1944% 0x0000000002dc2190 code [0x0000000002dc2500, 0x0000000002dc3fb8]
Event: 4.202 Thread 0x00000000171a0800 1945 %     3       com.android.dx.cf.cst.ConstantPoolParser::parse @ 96 (365 bytes)
Event: 4.205 Thread 0x0000000017197000 nmethod 1898 0x0000000002dd0490 code [0x0000000002dd0cc0, 0x0000000002dd59a0]
Event: 4.205 Thread 0x00000000171a0800 nmethod 1945% 0x0000000002ddd5d0 code [0x0000000002dddb40, 0x0000000002de10c8]
Event: 4.206 Thread 0x0000000017197000 1927       4       com.android.dx.ssa.DeadCodeRemover::pruneDeadInstructions (246 bytes)

GC Heap History (6 events):
Event: 1.047 GC heap before
{Heap before GC invocations=1 (full 0):
 PSYoungGen      total 38400K, used 33280K [0x00000000eab00000, 0x00000000ed580000, 0x0000000100000000)
  eden space 33280K, 100% used [0x00000000eab00000,0x00000000ecb80000,0x00000000ecb80000)
  from space 5120K, 0% used [0x00000000ed080000,0x00000000ed080000,0x00000000ed580000)
  to   space 5120K, 0% used [0x00000000ecb80000,0x00000000ecb80000,0x00000000ed080000)
 ParOldGen       total 87552K, used 0K [0x00000000c0000000, 0x00000000c5580000, 0x00000000eab00000)
  object space 87552K, 0% used [0x00000000c0000000,0x00000000c0000000,0x00000000c5580000)
 Metaspace       used 5831K, capacity 6832K, committed 7040K, reserved 1056768K
  class space    used 585K, capacity 616K, committed 640K, reserved 1048576K
Event: 1.125 GC heap after
Heap after GC invocations=1 (full 0):
 PSYoungGen      total 38400K, used 5092K [0x00000000eab00000, 0x00000000ef600000, 0x0000000100000000)
  eden space 33280K, 0% used [0x00000000eab00000,0x00000000eab00000,0x00000000ecb80000)
  from space 5120K, 99% used [0x00000000ecb80000,0x00000000ed079248,0x00000000ed080000)
  to   space 5120K, 0% used [0x00000000ef100000,0x00000000ef100000,0x00000000ef600000)
 ParOldGen       total 87552K, used 1445K [0x00000000c0000000, 0x00000000c5580000, 0x00000000eab00000)
  object space 87552K, 1% used [0x00000000c0000000,0x00000000c01696c0,0x00000000c5580000)
 Metaspace       used 5831K, capacity 6832K, committed 7040K, reserved 1056768K
  class space    used 585K, capacity 616K, committed 640K, reserved 1048576K
}
Event: 1.553 GC heap before
{Heap before GC invocations=2 (full 0):
 PSYoungGen      total 38400K, used 38372K [0x00000000eab00000, 0x00000000ef600000, 0x0000000100000000)
  eden space 33280K, 100% used [0x00000000eab00000,0x00000000ecb80000,0x00000000ecb80000)
  from space 5120K, 99% used [0x00000000ecb80000,0x00000000ed079248,0x00000000ed080000)
  to   space 5120K, 0% used [0x00000000ef100000,0x00000000ef100000,0x00000000ef600000)
 ParOldGen       total 87552K, used 1445K [0x00000000c0000000, 0x00000000c5580000, 0x00000000eab00000)
  object space 87552K, 1% used [0x00000000c0000000,0x00000000c01696c0,0x00000000c5580000)
 Metaspace       used 6119K, capacity 7000K, committed 7168K, reserved 1056768K
  class space    used 606K, capacity 656K, committed 768K, reserved 1048576K
Event: 1.793 GC heap after
Heap after GC invocations=2 (full 0):
 PSYoungGen      total 71680K, used 5114K [0x00000000eab00000, 0x00000000ef600000, 0x0000000100000000)
  eden space 66560K, 0% used [0x00000000eab00000,0x00000000eab00000,0x00000000eec00000)
  from space 5120K, 99% used [0x00000000ef100000,0x00000000ef5feaa8,0x00000000ef600000)
  to   space 5120K, 0% used [0x00000000eec00000,0x00000000eec00000,0x00000000ef100000)
 ParOldGen       total 87552K, used 4961K [0x00000000c0000000, 0x00000000c5580000, 0x00000000eab00000)
  object space 87552K, 5% used [0x00000000c0000000,0x00000000c04d84f8,0x00000000c5580000)
 Metaspace       used 6119K, capacity 7000K, committed 7168K, reserved 1056768K
  class space    used 606K, capacity 656K, committed 768K, reserved 1048576K
}
Event: 3.563 GC heap before
{Heap before GC invocations=3 (full 0):
 PSYoungGen      total 71680K, used 71674K [0x00000000eab00000, 0x00000000ef600000, 0x0000000100000000)
  eden space 66560K, 100% used [0x00000000eab00000,0x00000000eec00000,0x00000000eec00000)
  from space 5120K, 99% used [0x00000000ef100000,0x00000000ef5feaa8,0x00000000ef600000)
  to   space 5120K, 0% used [0x00000000eec00000,0x00000000eec00000,0x00000000ef100000)
 ParOldGen       total 87552K, used 4961K [0x00000000c0000000, 0x00000000c5580000, 0x00000000eab00000)
  object space 87552K, 5% used [0x00000000c0000000,0x00000000c04d84f8,0x00000000c5580000)
 Metaspace       used 6260K, capacity 7128K, committed 7424K, reserved 1056768K
  class space    used 606K, capacity 656K, committed 768K, reserved 1048576K
Event: 3.769 GC heap after
Heap after GC invocations=3 (full 0):
 PSYoungGen      total 71680K, used 5092K [0x00000000eab00000, 0x00000000f3700000, 0x0000000100000000)
  eden space 66560K, 0% used [0x00000000eab00000,0x00000000eab00000,0x00000000eec00000)
  from space 5120K, 99% used [0x00000000eec00000,0x00000000ef0f9350,0x00000000ef100000)
  to   space 5120K, 0% used [0x00000000f3200000,0x00000000f3200000,0x00000000f3700000)
 ParOldGen       total 87552K, used 14901K [0x00000000c0000000, 0x00000000c5580000, 0x00000000eab00000)
  object space 87552K, 17% used [0x00000000c0000000,0x00000000c0e8d468,0x00000000c5580000)
 Metaspace       used 6260K, capacity 7128K, committed 7424K, reserved 1056768K
  class space    used 606K, capacity 656K, committed 768K, reserved 1048576K
}

Deoptimization events (10 events):
Event: 1.494 Thread 0x0000000017520800 Uncommon trap: reason=unreached action=reinterpret pc=0x00000000029333fc method=java.util.HashMap.getNode(ILjava/lang/Object;)Ljava/util/HashMap$Node; @ 84
Event: 1.823 Thread 0x000000000237e000 Uncommon trap: reason=bimorphic action=maybe_recompile pc=0x0000000002c5654c method=com.android.dx.cf.code.BytecodeArray.parseInstruction(ILcom/android/dx/cf/code/BytecodeArray$Visitor;)I @ 907
Event: 1.823 Thread 0x000000000237e000 Uncommon trap: reason=bimorphic action=maybe_recompile pc=0x0000000002c565cc method=com.android.dx.cf.code.BytecodeArray.parseInstruction(ILcom/android/dx/cf/code/BytecodeArray$Visitor;)I @ 923
Event: 1.823 Thread 0x000000000237e000 Uncommon trap: reason=bimorphic action=maybe_recompile pc=0x0000000002c5664c method=com.android.dx.cf.code.BytecodeArray.parseInstruction(ILcom/android/dx/cf/code/BytecodeArray$Visitor;)I @ 939
Event: 1.824 Thread 0x000000000237e000 Uncommon trap: reason=class_check action=maybe_recompile pc=0x0000000002c5669c method=com.android.dx.cf.code.BytecodeArray.parseInstruction(ILcom/android/dx/cf/code/BytecodeArray$Visitor;)I @ 955
Event: 1.824 Thread 0x000000000237e000 Uncommon trap: reason=bimorphic action=maybe_recompile pc=0x0000000002c5671c method=com.android.dx.cf.code.BytecodeArray.parseInstruction(ILcom/android/dx/cf/code/BytecodeArray$Visitor;)I @ 971
Event: 1.824 Thread 0x000000000237e000 Uncommon trap: reason=bimorphic action=maybe_recompile pc=0x0000000002c5679c method=com.android.dx.cf.code.BytecodeArray.parseInstruction(ILcom/android/dx/cf/code/BytecodeArray$Visitor;)I @ 987
Event: 1.824 Thread 0x000000000237e000 Uncommon trap: reason=bimorphic action=maybe_recompile pc=0x0000000002c5654c method=com.android.dx.cf.code.BytecodeArray.parseInstruction(ILcom/android/dx/cf/code/BytecodeArray$Visitor;)I @ 907
Event: 1.936 Thread 0x0000000017520800 Uncommon trap: reason=unreached action=reinterpret pc=0x00000000029756a0 method=java.util.HashMap.putVal(ILjava/lang/Object;Ljava/lang/Object;ZZ)Ljava/lang/Object; @ 109
Event: 2.075 Thread 0x000000001747e800 Uncommon trap: reason=unreached action=reinterpret pc=0x0000000002c537a4 method=java.util.HashMap.putVal(ILjava/lang/Object;Ljava/lang/Object;ZZ)Ljava/lang/Object; @ 109

Internal exceptions (10 events):
Event: 0.471 Thread 0x000000000237e000 Exception <a 'java/security/PrivilegedActionException'> (0x00000000eb650f60) thrown at [C:\workspace\8-2-build-windows-amd64-cygwin\jdk8u31\2394\hotspot\src\share\vm\prims\jvm.cpp, line 1312]
Event: 0.483 Thread 0x0000000017520800 Exception <a 'java/security/PrivilegedActionException'> (0x00000000eb4b4148) thrown at [C:\workspace\8-2-build-windows-amd64-cygwin\jdk8u31\2394\hotspot\src\share\vm\prims\jvm.cpp, line 1312]
Event: 0.516 Thread 0x000000000237e000 Exception <a 'java/security/PrivilegedActionException'> (0x00000000eba307e0) thrown at [C:\workspace\8-2-build-windows-amd64-cygwin\jdk8u31\2394\hotspot\src\share\vm\prims\jvm.cpp, line 1312]
Event: 0.848 Thread 0x000000000237e000 Implicit null exception at 0x00000000029c1221 to 0x00000000029c34f1
Event: 1.491 Thread 0x0000000017520800 Exception <a 'java/lang/ArrayIndexOutOfBoundsException': 18> (0x00000000ec114840) thrown at [C:\workspace\8-2-build-windows-amd64-cygwin\jdk8u31\2394\hotspot\src\share\vm\interpreter\interpreterRuntime.cpp, line 366]
Event: 1.491 Thread 0x0000000017520800 Exception <a 'java/lang/ArrayIndexOutOfBoundsException': 145> (0x00000000ec1162d8) thrown at [C:\workspace\8-2-build-windows-amd64-cygwin\jdk8u31\2394\hotspot\src\share\vm\interpreter\interpreterRuntime.cpp, line 366]
Event: 1.493 Thread 0x0000000017520800 Exception <a 'java/lang/ArrayIndexOutOfBoundsException'> (0x00000000ec1174f0) thrown at [C:\workspace\8-2-build-windows-amd64-cygwin\jdk8u31\2394\hotspot\src\share\vm\runtime\sharedRuntime.cpp, line 604]
Event: 1.516 Thread 0x000000000237e000 Exception <a 'java/security/PrivilegedActionException'> (0x00000000ec691720) thrown at [C:\workspace\8-2-build-windows-amd64-cygwin\jdk8u31\2394\hotspot\src\share\vm\prims\jvm.cpp, line 1312]
Event: 1.823 Thread 0x000000000237e000 Exception <a 'java/security/PrivilegedActionException'> (0x00000000eacdd200) thrown at [C:\workspace\8-2-build-windows-amd64-cygwin\jdk8u31\2394\hotspot\src\share\vm\prims\jvm.cpp, line 1312]
Event: 3.955 Thread 0x0000000017520800 Exception <a 'java/security/PrivilegedActionException'> (0x00000000eaf8a3b0) thrown at [C:\workspace\8-2-build-windows-amd64-cygwin\jdk8u31\2394\hotspot\src\share\vm\prims\jvm.cpp, line 1312]

Events (10 events):
Event: 3.955 loading class com/android/dx/rop/code/RegisterSpec$1
Event: 3.955 loading class com/android/dx/rop/code/RegisterSpec$1 done
Event: 4.153 Executing VM operation: EnableBiasedLocking
Event: 4.161 Executing VM operation: EnableBiasedLocking done
Event: 4.186 Thread 0x0000000017520800 DEOPT PACKING pc=0x0000000002b0a071 sp=0x000000001896e550
Event: 4.186 Thread 0x0000000017520800 DEOPT UNPACKING pc=0x00000000026c75bf sp=0x000000001896e2e0 mode 0
Event: 4.187 Thread 0x0000000017520800 DEOPT PACKING pc=0x0000000002ad61c7 sp=0x000000001896e3f0
Event: 4.187 Thread 0x0000000017520800 DEOPT UNPACKING pc=0x00000000026c75bf sp=0x000000001896e1a0 mode 0
Event: 4.191 Thread 0x0000000017520800 DEOPT PACKING pc=0x0000000002ace71f sp=0x000000001896e2f0
Event: 4.191 Thread 0x0000000017520800 DEOPT UNPACKING pc=0x00000000026c75bf sp=0x000000001896e0b8 mode 0


Dynamic libraries:
0x00007ff65e8c0000 - 0x00007ff65e8f4000 	C:\Program Files\Java\jdk1.8.0_31\bin\java.exe
0x00007ffc3d8f0000 - 0x00007ffc3dab1000 	C:\WINDOWS\SYSTEM32\ntdll.dll
0x00007ffc3c650000 - 0x00007ffc3c6fd000 	C:\WINDOWS\system32\KERNEL32.DLL
0x00007ffc3a0c0000 - 0x00007ffc3a2a8000 	C:\WINDOWS\system32\KERNELBASE.dll
0x00007ffc3cb20000 - 0x00007ffc3cbc7000 	C:\WINDOWS\system32\ADVAPI32.dll
0x00007ffc3aec0000 - 0x00007ffc3af5d000 	C:\WINDOWS\system32\msvcrt.dll
0x00007ffc3cac0000 - 0x00007ffc3cb1b000 	C:\WINDOWS\system32\sechost.dll
0x00007ffc3d310000 - 0x00007ffc3d42c000 	C:\WINDOWS\system32\RPCRT4.dll
0x00007ffc3c960000 - 0x00007ffc3cab6000 	C:\WINDOWS\system32\USER32.dll
0x00007ffc3c4c0000 - 0x00007ffc3c646000 	C:\WINDOWS\system32\GDI32.dll
0x00007ffc348f0000 - 0x00007ffc34b64000 	C:\WINDOWS\WinSxS\amd64_microsoft.windows.common-controls_6595b64144ccf1df_6.0.10586.589_none_a2ddb3caa539acce\COMCTL32.dll
0x00007ffc3d090000 - 0x00007ffc3d30d000 	C:\WINDOWS\system32\combase.dll
0x00007ffc3a050000 - 0x00007ffc3a0ba000 	C:\WINDOWS\system32\bcryptPrimitives.dll
0x00007ffc3cc40000 - 0x00007ffc3cc7b000 	C:\WINDOWS\system32\IMM32.DLL
0x0000000057d10000 - 0x0000000057de2000 	C:\Program Files\Java\jdk1.8.0_31\jre\bin\msvcr100.dll
0x00000000574b0000 - 0x0000000057d0a000 	C:\Program Files\Java\jdk1.8.0_31\jre\bin\server\jvm.dll
0x00007ffc3d4a0000 - 0x00007ffc3d4a8000 	C:\WINDOWS\system32\PSAPI.DLL
0x00007ffc19850000 - 0x00007ffc19859000 	C:\WINDOWS\SYSTEM32\WSOCK32.dll
0x00007ffc3cbd0000 - 0x00007ffc3cc3b000 	C:\WINDOWS\system32\WS2_32.dll
0x00007ffc38250000 - 0x00007ffc38273000 	C:\WINDOWS\SYSTEM32\WINMM.dll
0x00007ffc38130000 - 0x00007ffc3815c000 	C:\WINDOWS\SYSTEM32\WINMMBASE.dll
0x00007ffc3a2b0000 - 0x00007ffc3a2f3000 	C:\WINDOWS\system32\cfgmgr32.dll
0x00000000574a0000 - 0x00000000574af000 	C:\Program Files\Java\jdk1.8.0_31\jre\bin\verify.dll
0x0000000057470000 - 0x0000000057498000 	C:\Program Files\Java\jdk1.8.0_31\jre\bin\java.dll
0x0000000057450000 - 0x0000000057466000 	C:\Program Files\Java\jdk1.8.0_31\jre\bin\zip.dll
0x00007ffc3af60000 - 0x00007ffc3c4bc000 	C:\WINDOWS\system32\SHELL32.dll
0x00007ffc3a5e0000 - 0x00007ffc3ac25000 	C:\WINDOWS\system32\windows.storage.dll
0x00007ffc3d030000 - 0x00007ffc3d082000 	C:\WINDOWS\system32\shlwapi.dll
0x00007ffc39f20000 - 0x00007ffc39f2f000 	C:\WINDOWS\system32\kernel.appcore.dll
0x00007ffc3ac30000 - 0x00007ffc3ace5000 	C:\WINDOWS\system32\shcore.dll
0x00007ffc39f30000 - 0x00007ffc39f7b000 	C:\WINDOWS\system32\powrprof.dll
0x00007ffc39f80000 - 0x00007ffc39f94000 	C:\WINDOWS\system32\profapi.dll
0x00007ffc082c0000 - 0x00007ffc0844c000 	C:\WINDOWS\SYSTEM32\dbghelp.dll

VM Arguments:
jvm_args: -Djava.awt.headless=true -Xmx1024M -Dfile.encoding=windows-1252 -Duser.country=FR -Duser.language=fr -Duser.variant 
java_command: com.android.dx.command.Main --dex --force-jumbo --num-threads=4 --multi-dex --output C:\Users\Morgan\AndroidStudioProjects\BrainFuck\app\build\intermediates\transforms\dex\debug\folders\1000\10\okhttp-3.2.0_e292692cd6a29bc12dca37591308a33b694d2261 C:\Users\Morgan\.gradle\caches\modules-2\files-2.1\com.squareup.okhttp3\okhttp\3.2.0\f7873a2ebde246a45c2a8d6f3247108b4c88a879\okhttp-3.2.0.jar
java_class_path (initial): C:\Users\Morgan\AppData\Local\Android\Sdk\build-tools\24.0.2\lib\dx.jar
Launcher Type: SUN_STANDARD

Environment Variables:
JAVA_HOME=C:\Program Files\Java\jdk1.8.0_31
PATH=C:\Program Files (x86)\Intel\iCLS Client\;C:\Program Files\Intel\iCLS Client\;C:\Windows\system32;C:\Windows;C:\Windows\System32\Wbem;C:\Windows\System32\WindowsPowerShell\v1.0\;C:\Program Files (x86)\Windows Live\Shared;C:\adb;C:\Program Files (x86)\NVIDIA Corporation\PhysX\Common;C:\WINDOWS\system32;C:\WINDOWS;C:\WINDOWS\System32\Wbem;C:\WINDOWS\System32\WindowsPowerShell\v1.0\;C:\MinGW\bin;C:\WINDOWS\system32\config\systemprofile\.dnx\bin;C:\Program Files\Microsoft DNX\Dnvm\;C:\Program Files\Microsoft SQL Server\120\Tools\Binn\;C:\Program Files\Microsoft SQL Server\130\Tools\Binn\;C:\Program Files (x86)\Windows Kits\10\Windows Performance Toolkit\;C:\Program Files\Microsoft\Web Platform Installer\;C:\Program Files (x86)\MySQL\MySQL Fabric 1.5 & MySQL Utilities 1.5\;C:\Program Files (x86)\MySQL\MySQL Fabric 1.5 & MySQL Utilities 1.5\Doctrine extensions for PHP\;C:\Program Files\Git\cmd;C:\Users\Morgan\AppData\Local\Programs\Python\Python35-32\Scripts\;C:\Users\Morgan\AppData\Local\Programs\Python\Python35-32\;C:\Users\Morgan\.dnx\bin;C:\Program Files\Java\jdk1.8.0_31;C:\Program Files (x86)\Java\jre7\bin
USERNAME=Morgan
OS=Windows_NT
PROCESSOR_IDENTIFIER=Intel64 Family 6 Model 60 Stepping 3, GenuineIntel



---------------  S Y S T E M  ---------------

OS: Windows 8.1 , 64 bit Build 9600 

CPU:total 8 (4 cores per cpu, 2 threads per core) family 6 model 60 stepping 3, cmov, cx8, fxsr, mmx, sse, sse2, sse3, ssse3, sse4.1, sse4.2, popcnt, avx, avx2, aes, clmul, erms, lzcnt, ht, tsc, tscinvbit, bmi1, bmi2

Memory: 4k page, physical 8304352k(1168716k free), swap 8304352k(4116k free)

vm_info: Java HotSpot(TM) 64-Bit Server VM (25.31-b07) for windows-amd64 JRE (1.8.0_31-b13), built on Dec 17 2014 21:00:28 by "java_re" with MS VC++ 10.0 (VS2010)

time: Thu Sep 22 13:06:39 2016
elapsed time: 4 seconds (0d 0h 0m 4s)

