#
# There is insufficient memory for the Java Runtime Environment to continue.
# Native memory allocation (malloc) failed to allocate 1690176 bytes for Chunk::new
# Possible reasons:
#   The system is out of physical RAM or swap space
#   In 32 bit mode, the process size limit was hit
# Possible solutions:
#   Reduce memory load on the system
#   Increase physical memory or swap space
#   Check if swap backing store is full
#   Use 64 bit Java on a 64 bit OS
#   Decrease Java heap size (-Xmx/-Xms)
#   Decrease number of Java threads
#   Decrease Java thread stack sizes (-Xss)
#   Set larger code cache with -XX:ReservedCodeCacheSize=
# This output file may be truncated or incomplete.
#
#  Out of Memory Error (allocation.cpp:390), pid=5836, tid=3012
#
# JRE version: Java(TM) SE Runtime Environment (8.0_31-b13) (build 1.8.0_31-b13)
# Java VM: Java HotSpot(TM) 64-Bit Server VM (25.31-b07 mixed mode windows-amd64 compressed oops)
# Failed to write core dump. Minidumps are not enabled by default on client versions of Windows
#

---------------  T H R E A D  ---------------

Current thread (0x000000001763d800):  JavaThread "C2 CompilerThread1" daemon [_thread_in_native, id=3012, stack(0x0000000017d10000,0x0000000017e10000)]

Stack: [0x0000000017d10000,0x0000000017e10000]
Native frames: (J=compiled Java code, j=interpreted, Vv=VM code, C=native code)
V  [jvm.dll+0x3169ba]
V  [jvm.dll+0x2674c3]
V  [jvm.dll+0x268103]
V  [jvm.dll+0x25f8f5]
V  [jvm.dll+0xbf025]
V  [jvm.dll+0xbf4cc]
V  [jvm.dll+0x45df82]
V  [jvm.dll+0x49f21f]
V  [jvm.dll+0x453401]
V  [jvm.dll+0x454124]
V  [jvm.dll+0x437c62]
V  [jvm.dll+0x988e2]
V  [jvm.dll+0x990d3]
V  [jvm.dll+0x22c194]
V  [jvm.dll+0x28576a]
C  [msvcr100.dll+0x21d9f]
C  [msvcr100.dll+0x21e3b]
C  [KERNEL32.DLL+0x18102]
C  [ntdll.dll+0x5c5b4]


Current CompileTask:
C2:   1482 1394   !   4       com.android.dx.cf.code.BytecodeArray::parseInstruction (2764 bytes)


---------------  P R O C E S S  ---------------

Java Threads: ( => current thread )
  0x0000000017a06000 JavaThread "pool-2-thread-4" [_thread_in_Java, id=9220, stack(0x0000000018e10000,0x0000000018f10000)]
  0x000000001798d800 JavaThread "pool-2-thread-3" [_thread_blocked, id=4136, stack(0x0000000018d10000,0x0000000018e10000)]
  0x000000001798a800 JavaThread "pool-2-thread-2" [_thread_blocked, id=8460, stack(0x0000000018c10000,0x0000000018d10000)]
  0x00000000179bf000 JavaThread "pool-3-thread-1" [_thread_blocked, id=3564, stack(0x0000000018b10000,0x0000000018c10000)]
  0x000000001795e000 JavaThread "pool-2-thread-1" [_thread_in_Java, id=7688, stack(0x0000000018a10000,0x0000000018b10000)]
  0x00000000176e1000 JavaThread "Service Thread" daemon [_thread_blocked, id=5812, stack(0x0000000018010000,0x0000000018110000)]
  0x0000000017646000 JavaThread "C1 CompilerThread3" daemon [_thread_in_native, id=10140, stack(0x0000000017f10000,0x0000000018010000)]
  0x0000000017641800 JavaThread "C2 CompilerThread2" daemon [_thread_in_native, id=9676, stack(0x0000000017e10000,0x0000000017f10000)]
=>0x000000001763d800 JavaThread "C2 CompilerThread1" daemon [_thread_in_native, id=3012, stack(0x0000000017d10000,0x0000000017e10000)]
  0x000000001763b800 JavaThread "C2 CompilerThread0" daemon [_thread_in_native, id=3876, stack(0x0000000017c10000,0x0000000017d10000)]
  0x0000000017635800 JavaThread "Attach Listener" daemon [_thread_blocked, id=7212, stack(0x0000000017b10000,0x0000000017c10000)]
  0x0000000017634800 JavaThread "Signal Dispatcher" daemon [_thread_blocked, id=9368, stack(0x0000000017a10000,0x0000000017b10000)]
  0x0000000002b28800 JavaThread "Finalizer" daemon [_thread_blocked, id=248, stack(0x0000000017510000,0x0000000017610000)]
  0x000000001564c000 JavaThread "Reference Handler" daemon [_thread_blocked, id=7460, stack(0x0000000017410000,0x0000000017510000)]
  0x000000000292e000 JavaThread "main" [_thread_in_native, id=8840, stack(0x0000000002930000,0x0000000002a30000)]

Other Threads:
  0x0000000015647800 VMThread [stack: 0x0000000017310000,0x0000000017410000] [id=9040]
  0x00000000176e2000 WatcherThread [stack: 0x0000000018110000,0x0000000018210000] [id=7560]

VM state:not at safepoint (normal execution)

VM Mutex/Monitor currently owned by a thread: None

Heap:
 PSYoungGen      total 38400K, used 23011K [0x00000000eab00000, 0x00000000ef600000, 0x0000000100000000)
  eden space 33280K, 53% used [0x00000000eab00000,0x00000000ebc7e9e8,0x00000000ecb80000)
  from space 5120K, 99% used [0x00000000ecb80000,0x00000000ed07a460,0x00000000ed080000)
  to   space 5120K, 0% used [0x00000000ef100000,0x00000000ef100000,0x00000000ef600000)
 ParOldGen       total 87552K, used 1084K [0x00000000c0000000, 0x00000000c5580000, 0x00000000eab00000)
  object space 87552K, 1% used [0x00000000c0000000,0x00000000c010f0d0,0x00000000c5580000)
 Metaspace       used 6087K, capacity 7024K, committed 7296K, reserved 1056768K
  class space    used 591K, capacity 616K, committed 640K, reserved 1048576K

Card table byte_map: [0x0000000011ef0000,0x0000000012100000] byte_map_base: 0x00000000118f0000

Marking Bits: (ParMarkBitMap*) 0x0000000057c8d4f0
 Begin Bits: [0x0000000012a60000, 0x0000000013a60000)
 End Bits:   [0x0000000013a60000, 0x0000000014a60000)

Polling page: 0x0000000002700000

CodeCache: size=245760Kb used=5794Kb max_used=5794Kb free=239965Kb
 bounds [0x0000000002b30000, 0x00000000030f0000, 0x0000000011b30000]
 total_blobs=1712 nmethods=1447 adapters=179
 compilation: enabled

Compilation events (10 events):
Event: 1.428 Thread 0x0000000017646000 nmethod 1445 0x00000000030c5590 code [0x00000000030c57c0, 0x00000000030c6508]
Event: 1.430 Thread 0x000000001763b800 1446   !   4       com.android.dx.rop.code.BasicBlock::<init> (273 bytes)
Event: 1.432 Thread 0x0000000017646000 1447       3       com.android.dx.ssa.ConstCollector::updateConstUses (248 bytes)
Event: 1.434 Thread 0x0000000017646000 nmethod 1447 0x00000000030c6ad0 code [0x00000000030c6ea0, 0x00000000030c9498]
Event: 1.435 Thread 0x0000000017646000 1448       3       com.android.dx.ssa.ConstCollector::getConstsSortedByCountUse (386 bytes)
Event: 1.439 Thread 0x000000001763b800 nmethod 1446 0x00000000030c32d0 code [0x00000000030c3440, 0x00000000030c3958]
Event: 1.439 Thread 0x0000000017646000 nmethod 1448 0x00000000030cc7d0 code [0x00000000030cce00, 0x00000000030d17e8]
Event: 1.447 Thread 0x000000001763b800 1449       4       com.android.dx.ssa.SsaConverter::needsNewSuccessor (53 bytes)
Event: 1.450 Thread 0x000000001763b800 nmethod 1449 0x00000000030a87d0 code [0x00000000030a8920, 0x00000000030a8af8]
Event: 1.451 Thread 0x000000001763b800 1450       4       com.android.dx.ssa.LocalVariableExtractor::processBlock (383 bytes)

GC Heap History (2 events):
Event: 0.859 GC heap before
{Heap before GC invocations=1 (full 0):
 PSYoungGen      total 38400K, used 33280K [0x00000000eab00000, 0x00000000ed580000, 0x0000000100000000)
  eden space 33280K, 100% used [0x00000000eab00000,0x00000000ecb80000,0x00000000ecb80000)
  from space 5120K, 0% used [0x00000000ed080000,0x00000000ed080000,0x00000000ed580000)
  to   space 5120K, 0% used [0x00000000ecb80000,0x00000000ecb80000,0x00000000ed080000)
 ParOldGen       total 87552K, used 0K [0x00000000c0000000, 0x00000000c5580000, 0x00000000eab00000)
  object space 87552K, 0% used [0x00000000c0000000,0x00000000c0000000,0x00000000c5580000)
 Metaspace       used 5907K, capacity 6896K, committed 7040K, reserved 1056768K
  class space    used 590K, capacity 616K, committed 640K, reserved 1048576K
Event: 0.931 GC heap after
Heap after GC invocations=1 (full 0):
 PSYoungGen      total 38400K, used 5097K [0x00000000eab00000, 0x00000000ef600000, 0x0000000100000000)
  eden space 33280K, 0% used [0x00000000eab00000,0x00000000eab00000,0x00000000ecb80000)
  from space 5120K, 99% used [0x00000000ecb80000,0x00000000ed07a460,0x00000000ed080000)
  to   space 5120K, 0% used [0x00000000ef100000,0x00000000ef100000,0x00000000ef600000)
 ParOldGen       total 87552K, used 1084K [0x00000000c0000000, 0x00000000c5580000, 0x00000000eab00000)
  object space 87552K, 1% used [0x00000000c0000000,0x00000000c010f0d0,0x00000000c5580000)
 Metaspace       used 5907K, capacity 6896K, committed 7040K, reserved 1056768K
  class space    used 590K, capacity 616K, committed 640K, reserved 1048576K
}

Deoptimization events (7 events):
Event: 0.523 Thread 0x0000000017a06000 Uncommon trap: reason=class_check action=maybe_recompile pc=0x0000000002db2dd8 method=com.android.dx.rop.type.Type.equals(Ljava/lang/Object;)Z @ 8
Event: 0.523 Thread 0x0000000017a06000 Uncommon trap: reason=class_check action=maybe_recompile pc=0x0000000002db2dd8 method=com.android.dx.rop.type.Type.equals(Ljava/lang/Object;)Z @ 8
Event: 0.524 Thread 0x0000000017a06000 Uncommon trap: reason=class_check action=maybe_recompile pc=0x0000000002db2dd8 method=com.android.dx.rop.type.Type.equals(Ljava/lang/Object;)Z @ 8
Event: 0.524 Thread 0x0000000017a06000 Uncommon trap: reason=class_check action=maybe_recompile pc=0x0000000002db2dd8 method=com.android.dx.rop.type.Type.equals(Ljava/lang/Object;)Z @ 8
Event: 0.526 Thread 0x0000000017a06000 Uncommon trap: reason=class_check action=maybe_recompile pc=0x0000000002da9a90 method=com.android.dx.rop.type.Type.equals(Ljava/lang/Object;)Z @ 8
Event: 0.584 Thread 0x000000001798a800 Uncommon trap: reason=unreached action=reinterpret pc=0x0000000002dae15c method=com.android.dx.rop.cst.Constant.compareTo(Lcom/android/dx/rop/cst/Constant;)I @ 12
Event: 0.585 Thread 0x000000001798a800 Uncommon trap: reason=unreached action=reinterpret pc=0x0000000002df063c method=com.android.dx.ssa.SsaMethod.onSourcesChanged(Lcom/android/dx/ssa/SsaInsn;Lcom/android/dx/rop/code/RegisterSpecList;)V @ 4

Internal exceptions (10 events):
Event: 0.477 Thread 0x000000000292e000 Exception <a 'java/security/PrivilegedActionException'> (0x00000000ebee1038) thrown at [C:\workspace\8-2-build-windows-amd64-cygwin\jdk8u31\2394\hotspot\src\share\vm\prims\jvm.cpp, line 1312]
Event: 0.478 Thread 0x000000000292e000 Exception <a 'java/security/PrivilegedActionException'> (0x00000000ebee39a8) thrown at [C:\workspace\8-2-build-windows-amd64-cygwin\jdk8u31\2394\hotspot\src\share\vm\prims\jvm.cpp, line 1312]
Event: 0.493 Thread 0x000000000292e000 Exception <a 'java/security/PrivilegedActionException'> (0x00000000ebefb4d0) thrown at [C:\workspace\8-2-build-windows-amd64-cygwin\jdk8u31\2394\hotspot\src\share\vm\prims\jvm.cpp, line 1312]
Event: 0.505 Thread 0x000000001798d800 Exception <a 'java/security/PrivilegedActionException'> (0x00000000ec087f50) thrown at [C:\workspace\8-2-build-windows-amd64-cygwin\jdk8u31\2394\hotspot\src\share\vm\prims\jvm.cpp, line 1312]
Event: 0.506 Thread 0x000000001798d800 Exception <a 'java/security/PrivilegedActionException'> (0x00000000ec08d958) thrown at [C:\workspace\8-2-build-windows-amd64-cygwin\jdk8u31\2394\hotspot\src\share\vm\prims\jvm.cpp, line 1312]
Event: 0.507 Thread 0x000000001798d800 Exception <a 'java/security/PrivilegedActionException'> (0x00000000ec0930e0) thrown at [C:\workspace\8-2-build-windows-amd64-cygwin\jdk8u31\2394\hotspot\src\share\vm\prims\jvm.cpp, line 1312]
Event: 0.529 Thread 0x000000001798a800 Exception <a 'java/security/PrivilegedActionException'> (0x00000000ebbe9938) thrown at [C:\workspace\8-2-build-windows-amd64-cygwin\jdk8u31\2394\hotspot\src\share\vm\prims\jvm.cpp, line 1312]
Event: 1.236 Thread 0x000000001798a800 Exception <a 'java/security/PrivilegedActionException'> (0x00000000eb825430) thrown at [C:\workspace\8-2-build-windows-amd64-cygwin\jdk8u31\2394\hotspot\src\share\vm\prims\jvm.cpp, line 1312]
Event: 1.406 Thread 0x000000000292e000 Exception <a 'java/security/PrivilegedActionException'> (0x00000000eba34bd8) thrown at [C:\workspace\8-2-build-windows-amd64-cygwin\jdk8u31\2394\hotspot\src\share\vm\prims\jvm.cpp, line 1312]
Event: 1.406 Thread 0x000000000292e000 Exception <a 'java/security/PrivilegedActionException'> (0x00000000eba37328) thrown at [C:\workspace\8-2-build-windows-amd64-cygwin\jdk8u31\2394\hotspot\src\share\vm\prims\jvm.cpp, line 1312]

Events (10 events):
Event: 0.743 Executing VM operation: Deoptimize
Event: 0.743 Executing VM operation: Deoptimize done
Event: 0.856 Executing VM operation: ParallelGCFailedAllocation
Event: 0.931 Executing VM operation: ParallelGCFailedAllocation done
Event: 1.236 loading class com/android/dx/rop/code/RegisterSpec$1
Event: 1.236 loading class com/android/dx/rop/code/RegisterSpec$1 done
Event: 1.406 loading class com/android/dx/cf/attrib/AttRuntimeInvisibleAnnotations
Event: 1.406 loading class com/android/dx/cf/attrib/AttRuntimeInvisibleAnnotations done
Event: 1.406 loading class com/android/dx/cf/attrib/BaseAnnotations
Event: 1.406 loading class com/android/dx/cf/attrib/BaseAnnotations done


Dynamic libraries:
0x00007ff65e8c0000 - 0x00007ff65e8f4000 	C:\Program Files\Java\jdk1.8.0_31\bin\java.exe
0x00007ffc3d8f0000 - 0x00007ffc3dab1000 	C:\WINDOWS\SYSTEM32\ntdll.dll
0x00007ffc3c650000 - 0x00007ffc3c6fd000 	C:\WINDOWS\system32\KERNEL32.DLL
0x00007ffc3a0c0000 - 0x00007ffc3a2a8000 	C:\WINDOWS\system32\KERNELBASE.dll
0x00007ffc3cb20000 - 0x00007ffc3cbc7000 	C:\WINDOWS\system32\ADVAPI32.dll
0x00007ffc3aec0000 - 0x00007ffc3af5d000 	C:\WINDOWS\system32\msvcrt.dll
0x00007ffc3cac0000 - 0x00007ffc3cb1b000 	C:\WINDOWS\system32\sechost.dll
0x00007ffc3d310000 - 0x00007ffc3d42c000 	C:\WINDOWS\system32\RPCRT4.dll
0x00007ffc3c960000 - 0x00007ffc3cab6000 	C:\WINDOWS\system32\USER32.dll
0x00007ffc3c4c0000 - 0x00007ffc3c646000 	C:\WINDOWS\system32\GDI32.dll
0x00007ffc348f0000 - 0x00007ffc34b64000 	C:\WINDOWS\WinSxS\amd64_microsoft.windows.common-controls_6595b64144ccf1df_6.0.10586.589_none_a2ddb3caa539acce\COMCTL32.dll
0x00007ffc3d090000 - 0x00007ffc3d30d000 	C:\WINDOWS\system32\combase.dll
0x00007ffc3a050000 - 0x00007ffc3a0ba000 	C:\WINDOWS\system32\bcryptPrimitives.dll
0x00007ffc3cc40000 - 0x00007ffc3cc7b000 	C:\WINDOWS\system32\IMM32.DLL
0x0000000057d10000 - 0x0000000057de2000 	C:\Program Files\Java\jdk1.8.0_31\jre\bin\msvcr100.dll
0x00000000574b0000 - 0x0000000057d0a000 	C:\Program Files\Java\jdk1.8.0_31\jre\bin\server\jvm.dll
0x00007ffc3d4a0000 - 0x00007ffc3d4a8000 	C:\WINDOWS\system32\PSAPI.DLL
0x00007ffc38250000 - 0x00007ffc38273000 	C:\WINDOWS\SYSTEM32\WINMM.dll
0x00007ffc19850000 - 0x00007ffc19859000 	C:\WINDOWS\SYSTEM32\WSOCK32.dll
0x00007ffc3cbd0000 - 0x00007ffc3cc3b000 	C:\WINDOWS\system32\WS2_32.dll
0x00007ffc38130000 - 0x00007ffc3815c000 	C:\WINDOWS\SYSTEM32\WINMMBASE.dll
0x00007ffc3a2b0000 - 0x00007ffc3a2f3000 	C:\WINDOWS\system32\cfgmgr32.dll
0x00000000574a0000 - 0x00000000574af000 	C:\Program Files\Java\jdk1.8.0_31\jre\bin\verify.dll
0x0000000057470000 - 0x0000000057498000 	C:\Program Files\Java\jdk1.8.0_31\jre\bin\java.dll
0x0000000057450000 - 0x0000000057466000 	C:\Program Files\Java\jdk1.8.0_31\jre\bin\zip.dll
0x00007ffc3af60000 - 0x00007ffc3c4bc000 	C:\WINDOWS\system32\SHELL32.dll
0x00007ffc3a5e0000 - 0x00007ffc3ac25000 	C:\WINDOWS\system32\windows.storage.dll
0x00007ffc3d030000 - 0x00007ffc3d082000 	C:\WINDOWS\system32\shlwapi.dll
0x00007ffc39f20000 - 0x00007ffc39f2f000 	C:\WINDOWS\system32\kernel.appcore.dll
0x00007ffc3ac30000 - 0x00007ffc3ace5000 	C:\WINDOWS\system32\shcore.dll
0x00007ffc39f30000 - 0x00007ffc39f7b000 	C:\WINDOWS\system32\powrprof.dll
0x00007ffc39f80000 - 0x00007ffc39f94000 	C:\WINDOWS\system32\profapi.dll
0x00007ffc082c0000 - 0x00007ffc0844c000 	C:\WINDOWS\SYSTEM32\dbghelp.dll

VM Arguments:
jvm_args: -Djava.awt.headless=true -Xmx1024M -Dfile.encoding=windows-1252 -Duser.country=FR -Duser.language=fr -Duser.variant 
java_command: com.android.dx.command.Main --dex --force-jumbo --num-threads=4 --multi-dex --output C:\Users\Morgan\AndroidStudioProjects\BrainFuck\app\build\intermediates\transforms\dex\debug\folders\1000\10\internal_impl-24.2.1_571cc90249c2bfda26f7fce4507cb5d36482ea69 C:\Users\Morgan\AndroidStudioProjects\BrainFuck\app\build\intermediates\exploded-aar\com.android.support\support-compat\24.2.1\jars\libs\internal_impl-24.2.1.jar
java_class_path (initial): C:\Users\Morgan\AppData\Local\Android\Sdk\build-tools\24.0.2\lib\dx.jar
Launcher Type: SUN_STANDARD

Environment Variables:
JAVA_HOME=C:\Program Files\Java\jdk1.8.0_31
PATH=C:\Program Files (x86)\Intel\iCLS Client\;C:\Program Files\Intel\iCLS Client\;C:\Windows\system32;C:\Windows;C:\Windows\System32\Wbem;C:\Windows\System32\WindowsPowerShell\v1.0\;C:\Program Files (x86)\Windows Live\Shared;C:\adb;C:\Program Files (x86)\NVIDIA Corporation\PhysX\Common;C:\WINDOWS\system32;C:\WINDOWS;C:\WINDOWS\System32\Wbem;C:\WINDOWS\System32\WindowsPowerShell\v1.0\;C:\MinGW\bin;C:\WINDOWS\system32\config\systemprofile\.dnx\bin;C:\Program Files\Microsoft DNX\Dnvm\;C:\Program Files\Microsoft SQL Server\120\Tools\Binn\;C:\Program Files\Microsoft SQL Server\130\Tools\Binn\;C:\Program Files (x86)\Windows Kits\10\Windows Performance Toolkit\;C:\Program Files\Microsoft\Web Platform Installer\;C:\Program Files (x86)\MySQL\MySQL Fabric 1.5 & MySQL Utilities 1.5\;C:\Program Files (x86)\MySQL\MySQL Fabric 1.5 & MySQL Utilities 1.5\Doctrine extensions for PHP\;C:\Program Files\Git\cmd;C:\Users\Morgan\AppData\Local\Programs\Python\Python35-32\Scripts\;C:\Users\Morgan\AppData\Local\Programs\Python\Python35-32\;C:\Users\Morgan\.dnx\bin;C:\Program Files\Java\jdk1.8.0_31;C:\Program Files (x86)\Java\jre7\bin
USERNAME=Morgan
OS=Windows_NT
PROCESSOR_IDENTIFIER=Intel64 Family 6 Model 60 Stepping 3, GenuineIntel



---------------  S Y S T E M  ---------------

OS: Windows 8.1 , 64 bit Build 9600 

CPU:total 8 (4 cores per cpu, 2 threads per core) family 6 model 60 stepping 3, cmov, cx8, fxsr, mmx, sse, sse2, sse3, ssse3, sse4.1, sse4.2, popcnt, avx, avx2, aes, clmul, erms, lzcnt, ht, tsc, tscinvbit, bmi1, bmi2

Memory: 4k page, physical 8304352k(1122584k free), swap 8304352k(4468k free)

vm_info: Java HotSpot(TM) 64-Bit Server VM (25.31-b07) for windows-amd64 JRE (1.8.0_31-b13), built on Dec 17 2014 21:00:28 by "java_re" with MS VC++ 10.0 (VS2010)

time: Thu Sep 22 13:06:46 2016
elapsed time: 1 seconds (0d 0h 0m 1s)

