, stack(0x00000000175b0000,0x00000000176b0000)]

Stack: [0x00000000175b0000,0x00000000176b0000]
Native frames: (J=compiled Java code, j=interpreted, Vv=VM code, C=native code)
V  [jvm.dll+0x3169ba]
V  [jvm.dll+0x2674c3]
V  [jvm.dll+0x268103]
V  [jvm.dll+0x25f8f5]
V  [jvm.dll+0xbed81]
V  [jvm.dll+0xbf4cc]
V  [jvm.dll+0x4bbb59]
V  [jvm.dll+0x4bbc66]
V  [jvm.dll+0x4bbc66]
V  [jvm.dll+0x4bfd0a]
V  [jvm.dll+0x4c1174]
V  [jvm.dll+0x4c1bdf]
V  [jvm.dll+0x4519e1]
V  [jvm.dll+0x45273d]
V  [jvm.dll+0x4f1d2a]
V  [jvm.dll+0x4f1ff9]
V  [jvm.dll+0x437a51]
V  [jvm.dll+0x437a87]
V  [jvm.dll+0x97630]
V  [jvm.dll+0x98ec4]
V  [jvm.dll+0x22c194]
V  [jvm.dll+0x28576a]
C  [msvcr100.dll+0x21d9f]
C  [msvcr100.dll+0x21e3b]
C  [KERNEL32.DLL+0x18102]
C  [ntdll.dll+0x5c5b4]


---------------  P R O C E S S  ---------------

Java Threads: ( => current thread )
  0x0000000017069800 JavaThread "Service Thread" daemon [_thread_blocked, id=10096, stack(0x00000000179b0000,0x0000000017ab0000)]
  0x0000000017004000 JavaThread "C1 CompilerThread3" daemon [_thread_in_native, id=1384, stack(0x00000000178b0000,0x00000000179b0000)]
  0x0000000016fde800 JavaThread "C2 CompilerThread2" daemon [_thread_blocked, id=4588, stack(0x00000000177b0000,0x00000000178b0000)]
  0x0000000016fda800 JavaThread "C2 CompilerThread1" daemon [_thread_blocked, id=3208, stack(0x00000000176b0000,0x00000000177b0000)]
=>0x0000000016fd8800 JavaThread "C2 CompilerThread0" daemon [_thread_in_vm, id=228, stack(0x00000000175b0000,0x00000000176b0000)]
  0x0000000016fd6000 JavaThread "Attach Listener" daemon [_thread_blocked, id=8620, stack(0x00000000174b0000,0x00000000175b0000)]
  0x0000000016fd5000 JavaThread "Signal Dispatcher" daemon [_thread_blocked, id=9364, stack(0x00000000173b0000,0x00000000174b0000)]
  0x0000000002492000 JavaThread "Finalizer" daemon [_thread_blocked, id=3924, stack(0x0000000016eb0000,0x0000000016fb0000)]
  0x0000000014fbb800 JavaThread "Reference Handler" daemon [_thread_blocked, id=3480, stack(0x0000000016db0000,0x0000000016eb0000)]
  0x00000000009de000 JavaThread "main" [_thread_in_Java, id=8372, stack(0x00000000021c0000,0x00000000022c0000)]

Other Threads:
  0x0000000014fb7800 VMThread [stack: 0x0000000016cb0000,0x0000000016db0000] [id=6416]
  0x000000001706a000 WatcherThread [stack: 0x0000000017ab0000,0x0000000017bb0000] [id=9452]

VM state:not at safepoint (normal execution)

VM Mutex/Monitor currently owned by a thread: None

Heap:
 PSYoungGen      total 38400K, used 1996K [0x00000000eab00000, 0x00000000ed580000, 0x0000000100000000)
  eden space 33280K, 6% used [0x00000000eab00000,0x00000000eacf33f0,0x00000000ecb80000)
  from space 5120K, 0% used [0x00000000ed080000,0x00000000ed080000,0x00000000ed580000)
  to   space 5120K, 0% used [0x00000000ecb80000,0x00000000ecb80000,0x00000000ed080000)
 ParOldGen       total 87552K, used 0K [0x00000000c0000000, 0x00000000c5580000, 0x00000000eab00000)
  object space 87552K, 0% used [0x00000000c0000000,0x00000000c0000000,0x00000000c5580000)
 Metaspace       used 2533K, capacity 4480K, committed 4480K, reserved 1056768K
  class space    used 274K, capacity 384K, committed 384K, reserved 1048576K

Card table byte_map: [0x0000000011860000,0x0000000011a70000] byte_map_base: 0x0000000011260000

Marking Bits: (ParMarkBitMap*) 0x0000000057c8d4f0
 Begin Bits: [0x00000000123d0000, 0x00000000133d0000)
 End Bits:   [0x00000000133d0000, 0x00000000143d0000)

Polling page: 0x00000000009c0000

CodeCache: size=245760Kb used=1115Kb max_used=1115Kb free=244644Kb
 bounds [0x00000000024a0000, 0x0000000002710000, 0x00000000114a0000]
 total_blobs=250 nmethods=25 adapters=146
 compilation: enabled

Compilation events (0 events):
No events

GC Heap History (0 events):
No events

Deoptimization events (0 events):
No events

Internal exceptions (2 events):
Event: 0.044 Thread 0x00000000009de000 Exception <a 'java/lang/NoSuchMethodError': Method sun.misc.Unsafe.defineClass(Ljava/lang/String;[BII)Ljava/lang/Class; name or signature does not match> (0x00000000eab0cb98) thrown at [C:\workspace\8-2-build-windows-amd64-cygwin\jdk8u31\2394\hotspot\src\s×ÃÏ¦¼¦?
Event: 0.044 Thread 0x00000000009de000 Exception <a 'java/lang/NoSuchMethodError': Method sun.misc.Unsafe.prefetchRead(Ljava/lang/Object;J)V name or signature does not match> (0x00000000eab0ce28) thrown at [C:\workspace\8-2-build-windows-amd64-cygwin\jdk8u31\2394\hotspot\src\share\vm\prims\jni.

Events (10 events):
Event: 0.086 loading class java/lang/invoke/MethodHandleStatics$1 done
Event: 0.086 loading class java/lang/invoke/MethodTypeForm
Event: 0.086 loading class java/lang/invoke/MethodTypeForm done
Event: 0.086 loading class java/lang/invoke/Invokers
Event: 0.086 loading class java/lang/invoke/Invokers done
Event: 0.087 loading class java/lang/invoke/MethodType$ConcurrentWeakInternSet$WeakEntry
Event: 0.087 loading class java/lang/invoke/MethodType$ConcurrentWeakInternSet$WeakEntry done
Event: 0.087 loading class java/lang/Void
Event: 0.087 loading class java/lang/Void done
Event: 0.087 loading class java/lang/IllegalAccessException


Dynamic libraries:
0x00007ff65e8c0000 - 0x00007ff65e8f4000 	C:\Program Files\Java\jdk1.8.0_31\bin\java.exe
0x00007ffc3d8f0000 - 0x00007ffc3dab1000 	C:\WINDOWS\SYSTEM32\ntdll.dll
0x00007ffc3c650000 - 0x00007ffc3c6fd000 	C:\WINDOWS\system32\KERNEL32.DLL
0x00007ffc3a0c0000 - 0x00007ffc3a2a8000 	C:\WINDOWS\system32\KERNELBASE.dll
0x00007ffc3cb20000 - 0x00007ffc3cbc7000 	C:\WINDOWS\system32\ADVAPI32.dll
0x00007ffc3aec0000 - 0x00007ffc3af5d000 	C:\WINDOWS\system32\msvcrt.dll
0x00007ffc3cac0000 - 0x00007ffc3cb1b000 	C:\WINDOWS\system32\sechost.dll
0x00007ffc3d310000 - 0x00007ffc3d42c000 	C:\WINDOWS\system32\RPCRT4.dll
0x00007ffc3c960000 - 0x00007ffc3cab6000 	C:\WINDOWS\system32\USER32.dll
0x00007ffc3c4c0000 - 0x00007ffc3c646000 	C:\WINDOWS\system32\GDI32.dll
0x00007ffc348f0000 - 0x00007ffc34b64000 	C:\WINDOWS\WinSxS\amd64_microsoft.windows.common-controls_6595b64144ccf1df_6.0.10586.589_none_a2ddb3caa539acce\COMCTL32.dll
0x00007ffc3d090000 - 0x00007ffc3d30d000 	C:\WINDOWS\system32\combase.dll
0x00007ffc3a050000 - 0x00007ffc3a0ba000 	C:\WINDOWS\system32\bcryptPrimitives.dll
0x00007ffc3cc40000 - 0x00007ffc3cc7b000 	C:\WINDOWS\system32\IMM32.DLL
0x0000000057d10000 - 0x0000000057de2000 	C:\Program Files\Java\jdk1.8.0_31\jre\bin\msvcr100.dll
0x00000000574b0000 - 0x0000000057d0a000 	C:\Program Files\Java\jdk1.8.0_31\jre\bin\server\jvm.dll
0x00007ffc3d4a0000 - 0x00007ffc3d4a8000 	C:\WINDOWS\system32\PSAPI.DLL
0x00007ffc19850000 - 0x00007ffc19859000 	C:\WINDOWS\SYSTEM32\WSOCK32.dll
0x00007ffc3cbd0000 - 0x00007ffc3cc3b000 	C:\WINDOWS\system32\WS2_32.dll
0x00007ffc38250000 - 0x00007ffc38273000 	C:\WINDOWS\SYSTEM32\WINMM.dll
0x00007ffc38130000 - 0x00007ffc3815c000 	C:\WINDOWS\SYSTEM32\WINMMBASE.dll
0x00007ffc3a2b0000 - 0x00007ffc3a2f3000 	C:\WINDOWS\system32\cfgmgr32.dll
0x00000000574a0000 - 0x00000000574af000 	C:\Program Files\Java\jdk1.8.0_31\jre\bin\verify.dll
0x0000000057470000 - 0x0000000057498000 	C:\Program Files\Java\jdk1.8.0_31\jre\bin\java.dll
0x0000000057450000 - 0x0000000057466000 	C:\Program Files\Java\jdk1.8.0_31\jre\bin\zip.dll
0x00007ffc3af60000 - 0x00007ffc3c4bc000 	C:\WINDOWS\system32\SHELL32.dll
0x00007ffc3a5e0000 - 0x00007ffc3ac25000 	C:\WINDOWS\system32\windows.storage.dll
0x00007ffc3d030000 - 0x00007ffc3d082000 	C:\WINDOWS\system32\shlwapi.dll
0x00007ffc39f20000 - 0x00007ffc39f2f000 	C:\WINDOWS\system32\kernel.appcore.dll
0x00007ffc3ac30000 - 0x00007ffc3ace5000 	C:\WINDOWS\system32\shcore.dll
0x00007ffc39f30000 - 0x00007ffc39f7b000 	C:\WINDOWS\system32\powrprof.dll
0x00007ffc39f80000 - 0x00007ffc39f94000 	C:\WINDOWS\system32\profapi.dll
0x00007ffc082c0000 - 0x00007ffc0844c000 	C:\WINDOWS\SYSTEM32\dbghelp.dll

VM Arguments:
jvm_args: -Djava.awt.headless=true -Xmx1024M -Dfile.encoding=windows-1252 -Duser.country=FR -Duser.language=fr -Duser.variant 
java_command: com.android.dx.command.Main --dex --force-jumbo --num-threads=4 --multi-dex --output C:\Users\Morgan\AndroidStudioProjects\BrainFuck\app\build\intermediates\transforms\dex\debug\folders\1000\10\com.android.support-support-compat-24.2.1_7967eb01068333a4e5bf313509fb47abb9c06de5 C:\Users\Morgan\AndroidStudioProjects\BrainFuck\app\build\intermediates\exploded-aar\com.android.support\support-compat\24.2.1\jars\classes.jar
java_class_path (initial): C:\Users\Morgan\AppData\Local\Android\Sdk\build-tools\24.0.2\lib\dx.jar
Launcher Type: SUN_STANDARD

Environment Variables:
JAVA_HOME=C:\Program Files\Java\jdk1.8.0_31
PATH=C:\Program Files (x86)\Intel\iCLS Client\;C:\Program Files\Intel\iCLS Client\;C:\Windows\system32;C:\Windows;C:\Windows\System32\Wbem;C:\Windows\System32\WindowsPowerShell\v1.0\;C:\Program Files (x86)\Windows Live\Shared;C:\adb;C:\Program Files (x86)\NVIDIA Corporation\PhysX\Common;C:\WINDOWS\system32;C:\WINDOWS;C:\WINDOWS\System32\Wbem;C:\WINDOWS\System32\WindowsPowerShell\v1.0\;C:\MinGW\bin;C:\WINDOWS\system32\config\systemprofile\.dnx\bin;C:\Program Files\Microsoft DNX\Dnvm\;C:\Program Files\Microsoft SQL Server\120\Tools\Binn\;C:\Program Files\Microsoft SQL Server\130\Tools\Binn\;C:\Program Files (x86)\Windows Kits\10\Windows Performance Toolkit\;C:\Program Files\Microsoft\Web Platform Installer\;C:\Program Files (x86)\MySQL\MySQL Fabric 1.5 & MySQL Utilities 1.5\;C:\Program Files (x86)\MySQL\MySQL Fabric 1.5 & MySQL Utilities 1.5\Doctrine extensions for PHP\;C:\Program Files\Git\cmd;C:\Users\Morgan\AppData\Local\Programs\Python\Python35-32\Scripts\;C:\Users\Morgan\AppData\Local\Programs\Python\Python35-32\;C:\Users\Morgan\.dnx\bin;C:\Program Files\Java\jdk1.8.0_31;C:\Program Files (x86)\Java\jre7\bin
USERNAME=Morgan
OS=Windows_NT
PROCESSOR_IDENTIFIER=Intel64 Family 6 Model 60 Stepping 3, GenuineIntel



---------------  S Y S T E M  ---------------

OS: Windows 8.1 , 64 bit Build 9600 

CPU:total 8 (4 cores per cpu, 2 threads per core) family 6 model 60 stepping 3, cmov, cx8, fxsr, mmx, sse, sse2, sse3, ssse3, sse4.1, sse4.2, popcnt, avx, avx2, aes, clmul, erms, lzcnt, ht, tsc, tscinvbit, bmi1, bmi2

Memory: 4k page, physical 8304352k(1278348k free), swap 8304352k(7176k free)

vm_info: Java HotSpot(TM) 64-Bit Server VM (25.31-b07) for windows-amd64 JRE (1.8.0_31-b13), built on Dec 17 2014 21:00:28 by "java_re" with MS VC++ 10.0 (VS2010)

time: Thu Sep 22 13:06:35 2016
elapsed time: 0 seconds (0d 0h 0m 0s)

