#
# There is insufficient memory for the Java Runtime Environment to continue.
# Native memory allocation (malloc) failed to allocate 48608 bytes for Chunk::new
# Possible reasons:
#   The system is out of physical RAM or swap space
#   In 32 bit mode, the process size limit was hit
# Possible solutions:
#   Reduce memory load on the system
#   Increase physical memory or swap space
#   Check if swap backing store is full
#   Use 64 bit Java on a 64 bit OS
#   Decrease Java heap size (-Xmx/-Xms)
#   Decrease number of Java threads
#   Decrease Java thread stack sizes (-Xss)
#   Set larger code cache with -XX:ReservedCodeCacheSize=
# This output file may be truncated or incomplete.
#
#  Out of Memory Error (allocation.cpp:390), pid=11584, tid=8144
#
# JRE version: Java(TM) SE Runtime Environment (8.0_31-b13) (build 1.8.0_31-b13)
# Java VM: Java HotSpot(TM) 64-Bit Server VM (25.31-b07 mixed mode windows-amd64 compressed oops)
# Failed to write core dump. Minidumps are not enabled by default on client versions of Windows
#

---------------  T H R E A D  ---------------

Current thread (0x00000000018de000):  JavaThread "main" [_thread_in_native, id=8144, stack(0x0000000003030000,0x0000000003130000)]

Stack: [0x0000000003030000,0x0000000003130000]
Native frames: (J=compiled Java code, j=interpreted, Vv=VM code, C=native code)
V  [jvm.dll+0x3169ba]

Java frames: (J=compiled Java code, j=interpreted, Vv=VM code)
j  sun.util.locale.LocaleObjectCache.<init>(IFI)V+16
j  sun.util.locale.LocaleObjectCache.<init>()V+7
j  java.util.Locale$Cache.<init>()V+1
j  java.util.Locale$Cache.<init>(Ljava/util/Locale$1;)V+1
j  java.util.Locale.<clinit>()V+21
v  ~StubRoutines::call_stub
j  java.io.WinNTFileSystem.hashCode(Ljava/io/File;)I+4
j  java.io.File.hashCode()I+4
j  java.util.HashMap.hash(Ljava/lang/Object;)I+9
j  java.util.HashMap.put(Ljava/lang/Object;Ljava/lang/Object;)Ljava/lang/Object;+2
j  sun.misc.MetaIndex.registerDirectory(Ljava/io/File;)V+178
j  sun.misc.Launcher$ExtClassLoader$1.run()Lsun/misc/Launcher$ExtClassLoader;+19
j  sun.misc.Launcher$ExtClassLoader$1.run()Ljava/lang/Object;+1
v  ~StubRoutines::call_stub
j  java.security.AccessController.doPrivileged(Ljava/security/PrivilegedExceptionAction;)Ljava/lang/Object;+0
j  sun.misc.Launcher$ExtClassLoader.getExtClassLoader()Lsun/misc/Launcher$ExtClassLoader;+12
j  sun.misc.Launcher.<init>()V+4
j  sun.misc.Launcher.<clinit>()V+15
v  ~StubRoutines::call_stub
j  java.lang.ClassLoader.initSystemClassLoader()V+22
j  java.lang.ClassLoader.getSystemClassLoader()Ljava/lang/ClassLoader;+0
v  ~StubRoutines::call_stub

---------------  P R O C E S S  ---------------

Java Threads: ( => current thread )
  0x0000000003223000 JavaThread "Finalizer" daemon [_thread_blocked, id=4520, stack(0x0000000017c70000,0x0000000017d70000)]
  0x0000000015d6c000 JavaThread "Reference Handler" daemon [_thread_blocked, id=8076, stack(0x0000000017b70000,0x0000000017c70000)]
=>0x00000000018de000 JavaThread "main" [_thread_in_native, id=8144, stack(0x0000000003030000,0x0000000003130000)]

Other Threads:
  0x0000000015d67800 VMThread [stack: 0x0000000017a70000,0x0000000017b70000] [id=11332]

VM state:not at safepoint (normal execution)

VM Mutex/Monitor currently owned by a thread: None

Heap:
 PSYoungGen      total 38400K, used 1331K [0x00000000eab00000, 0x00000000ed580000, 0x0000000100000000)
  eden space 33280K, 4% used [0x00000000eab00000,0x00000000eac4cd78,0x00000000ecb80000)
  from space 5120K, 0% used [0x00000000ed080000,0x00000000ed080000,0x00000000ed580000)
  to   space 5120K, 0% used [0x00000000ecb80000,0x00000000ecb80000,0x00000000ed080000)
 ParOldGen       total 87552K, used 0K [0x00000000c0000000, 0x00000000c5580000, 0x00000000eab00000)
  object space 87552K, 0% used [0x00000000c0000000,0x00000000c0000000,0x00000000c5580000)
 Metaspace       used 1755K, capacity 4480K, committed 4480K, reserved 1056768K
  class space    used 196K, capacity 384K, committed 384K, reserved 1048576K

Card table byte_map: [0x00000000125f0000,0x0000000012800000] byte_map_base: 0x0000000011ff0000

Marking Bits: (ParMarkBitMap*) 0x000000005f5dd4f0
 Begin Bits: [0x0000000013160000, 0x0000000014160000)
 End Bits:   [0x0000000014160000, 0x0000000015160000)

Polling page: 0x00000000018b0000

CodeCache: size=245760Kb used=424Kb max_used=424Kb free=245336Kb
 bounds [0x0000000003230000, 0x00000000034a0000, 0x0000000012230000]
 total_blobs=145 nmethods=0 adapters=112
 compilation: enabled

Compilation events (0 events):
No events

GC Heap History (0 events):
No events

Deoptimization events (0 events):
No events

Internal exceptions (2 events):
Event: 0.037 Thread 0x00000000018de000 Exception <a 'java/lang/NoSuchMethodError': Method sun.misc.Unsafe.defineClass(Ljava/lang/String;[BII)Ljava/lang/Class; name or signature does not match> (0x00000000eab0cae0) thrown at [C:\workspace\8-2-build-windows-amd64-cygwin\jdk8u31\2394\hotspot\src\s‚}W“MÙ¢?
Event: 0.037 Thread 0x00000000018de000 Exception <a 'java/lang/NoSuchMethodError': Method sun.misc.Unsafe.prefetchRead(Ljava/lang/Object;J)V name or signature does not match> (0x00000000eab0cd70) thrown at [C:\workspace\8-2-build-windows-amd64-cygwin\jdk8u31\2394\hotspot\src\share\vm\prims\jni.

Events (10 events):
Event: 0.052 loading class java/nio/charset/CoderResult$2 done
Event: 0.053 loading class java/lang/reflect/Array
Event: 0.053 loading class java/lang/reflect/Array done
Event: 0.053 loading class java/util/Locale
Event: 0.053 loading class java/util/Locale done
Event: 0.053 loading class java/util/Locale$Cache
Event: 0.053 loading class sun/util/locale/LocaleObjectCache
Event: 0.053 loading class sun/util/locale/LocaleObjectCache done
Event: 0.053 loading class java/util/Locale$Cache done
Event: 0.053 loading class java/util/concurrent/ConcurrentHashMap


Dynamic libraries:
0x00007ff7cceb0000 - 0x00007ff7ccee4000 	C:\Program Files\Java\jdk1.8.0_31\bin\java.exe
0x00007ffaccb40000 - 0x00007ffaccd01000 	C:\WINDOWS\SYSTEM32\ntdll.dll
0x00007ffaca320000 - 0x00007ffaca3cd000 	C:\WINDOWS\system32\KERNEL32.DLL
0x00007ffac92b0000 - 0x00007ffac9498000 	C:\WINDOWS\system32\KERNELBASE.dll
0x00007ffacaf00000 - 0x00007ffacafa7000 	C:\WINDOWS\system32\ADVAPI32.dll
0x00007ffacaba0000 - 0x00007ffacac3d000 	C:\WINDOWS\system32\msvcrt.dll
0x00007ffacc520000 - 0x00007ffacc57b000 	C:\WINDOWS\system32\sechost.dll
0x00007ffaca3d0000 - 0x00007ffaca4ec000 	C:\WINDOWS\system32\RPCRT4.dll
0x00007ffaca010000 - 0x00007ffaca166000 	C:\WINDOWS\system32\USER32.dll
0x00007ffaca190000 - 0x00007ffaca316000 	C:\WINDOWS\system32\GDI32.dll
0x00007ffac4e60000 - 0x00007ffac50d4000 	C:\WINDOWS\WinSxS\amd64_microsoft.windows.common-controls_6595b64144ccf1df_6.0.10586.589_none_a2ddb3caa539acce\COMCTL32.dll
0x00007ffacc7b0000 - 0x00007ffacca2d000 	C:\WINDOWS\system32\combase.dll
0x00007ffac94a0000 - 0x00007ffac950a000 	C:\WINDOWS\system32\bcryptPrimitives.dll
0x00007ffacae50000 - 0x00007ffacae8b000 	C:\WINDOWS\system32\IMM32.DLL
0x000000005f660000 - 0x000000005f732000 	C:\Program Files\Java\jdk1.8.0_31\jre\bin\msvcr100.dll
0x000000005ee00000 - 0x000000005f65a000 	C:\Program Files\Java\jdk1.8.0_31\jre\bin\server\jvm.dll
0x00007ffacae90000 - 0x00007ffacae98000 	C:\WINDOWS\system32\PSAPI.DLL
0x00007ffac70f0000 - 0x00007ffac7113000 	C:\WINDOWS\SYSTEM32\WINMM.dll
0x00007ffaaa340000 - 0x00007ffaaa349000 	C:\WINDOWS\SYSTEM32\WSOCK32.dll
0x00007ffaca4f0000 - 0x00007ffaca55b000 	C:\WINDOWS\system32\WS2_32.dll
0x00007ffac70a0000 - 0x00007ffac70cc000 	C:\WINDOWS\SYSTEM32\WINMMBASE.dll
0x00007ffac9510000 - 0x00007ffac9553000 	C:\WINDOWS\system32\cfgmgr32.dll
0x000000005edf0000 - 0x000000005edff000 	C:\Program Files\Java\jdk1.8.0_31\jre\bin\verify.dll
0x000000005edc0000 - 0x000000005ede8000 	C:\Program Files\Java\jdk1.8.0_31\jre\bin\java.dll
0x000000005eda0000 - 0x000000005edb6000 	C:\Program Files\Java\jdk1.8.0_31\jre\bin\zip.dll
0x00007ffacafb0000 - 0x00007ffacc50c000 	C:\WINDOWS\system32\SHELL32.dll
0x00007ffac9800000 - 0x00007ffac9e45000 	C:\WINDOWS\system32\windows.storage.dll
0x00007ffac9f40000 - 0x00007ffac9f92000 	C:\WINDOWS\system32\shlwapi.dll
0x00007ffac91e0000 - 0x00007ffac91ef000 	C:\WINDOWS\system32\kernel.appcore.dll
0x00007ffac91f0000 - 0x00007ffac92a5000 	C:\WINDOWS\system32\shcore.dll
0x00007ffac9160000 - 0x00007ffac91ab000 	C:\WINDOWS\system32\powrprof.dll
0x00007ffac91b0000 - 0x00007ffac91c4000 	C:\WINDOWS\system32\profapi.dll
0x00007ffaa6420000 - 0x00007ffaa65ac000 	C:\WINDOWS\SYSTEM32\dbghelp.dll

VM Arguments:
jvm_args: -Djava.awt.headless=true -Xmx1024M -Dfile.encoding=windows-1252 -Duser.country=FR -Duser.language=fr -Duser.variant 
java_command: com.android.dx.command.Main --dex --force-jumbo --num-threads=4 --multi-dex --output C:\Users\Morgan\AndroidStudioProjects\BrainFuck\app\build\intermediates\transforms\dex\debug\folders\1000\5\slice_9 C:\Users\Morgan\AndroidStudioProjects\BrainFuck\app\build\intermediates\transforms\instantRunSlicer\debug\folders\1\5\slice_9
java_class_path (initial): C:\Users\Morgan\AppData\Local\Android\Sdk\build-tools\24.0.2\lib\dx.jar
Launcher Type: SUN_STANDARD

Environment Variables:
JAVA_HOME=C:\Program Files\Java\jdk1.8.0_31
PATH=C:\Program Files (x86)\Intel\iCLS Client\;C:\Program Files\Intel\iCLS Client\;C:\Windows\system32;C:\Windows;C:\Windows\System32\Wbem;C:\Windows\System32\WindowsPowerShell\v1.0\;C:\Program Files (x86)\Windows Live\Shared;C:\adb;C:\Program Files (x86)\NVIDIA Corporation\PhysX\Common;C:\WINDOWS\system32;C:\WINDOWS;C:\WINDOWS\System32\Wbem;C:\WINDOWS\System32\WindowsPowerShell\v1.0\;C:\MinGW\bin;C:\WINDOWS\system32\config\systemprofile\.dnx\bin;C:\Program Files\Microsoft DNX\Dnvm\;C:\Program Files\Microsoft SQL Server\120\Tools\Binn\;C:\Program Files\Microsoft SQL Server\130\Tools\Binn\;C:\Program Files (x86)\Windows Kits\10\Windows Performance Toolkit\;C:\Program Files\Microsoft\Web Platform Installer\;C:\Program Files (x86)\MySQL\MySQL Fabric 1.5 & MySQL Utilities 1.5\;C:\Program Files (x86)\MySQL\MySQL Fabric 1.5 & MySQL Utilities 1.5\Doctrine extensions for PHP\;C:\Program Files\Git\cmd;C:\Users\Morgan\AppData\Local\Programs\Python\Python35-32\Scripts\;C:\Users\Morgan\AppData\Local\Programs\Python\Python35-32\;C:\Users\Morgan\.dnx\bin;C:\Program Files\Java\jdk1.8.0_31;C:\Program Files (x86)\Java\jre7\bin
USERNAME=Morgan
OS=Windows_NT
PROCESSOR_IDENTIFIER=Intel64 Family 6 Model 60 Stepping 3, GenuineIntel



---------------  S Y S T E M  ---------------

OS: Windows 8.1 , 64 bit Build 9600 

CPU:total 8 (4 cores per cpu, 2 threads per core) family 6 model 60 stepping 3, cmov, cx8, fxsr, mmx, sse, sse2, sse3, ssse3, sse4.1, sse4.2, popcnt, avx, avx2, aes, clmul, erms, lzcnt, ht, tsc, tscinvbit, bmi1, bmi2

Memory: 4k page, physical 8304352k(1048144k free), swap 8304352k(3520k free)

vm_info: Java HotSpot(TM) 64-Bit Server VM (25.31-b07) for windows-amd64 JRE (1.8.0_31-b13), built on Dec 17 2014 21:00:28 by "java_re" with MS VC++ 10.0 (VS2010)

time: Wed Sep 21 18:23:32 2016
elapsed time: 0 seconds (0d 0h 0m 0s)

