#
# There is insufficient memory for the Java Runtime Environment to continue.
# Native memory allocation (malloc) failed to allocate 1805136 bytes for Chunk::new
# Possible reasons:
#   The system is out of physical RAM or swap space
#   In 32 bit mode, the process size limit was hit
# Possible solutions:
#   Reduce memory load on the system
#   Increase physical memory or swap space
#   Check if swap backing store is full
#   Use 64 bit Java on a 64 bit OS
#   Decrease Java heap size (-Xmx/-Xms)
#   Decrease number of Java threads
#   Decrease Java thread stack sizes (-Xss)
#   Set larger code cache with -XX:ReservedCodeCacheSize=
# This output file may be truncated or incomplete.
#
#  Out of Memory Error (allocation.cpp:390), pid=4988, tid=9128
#
# JRE version: Java(TM) SE Runtime Environment (8.0_31-b13) (build 1.8.0_31-b13)
# Java VM: Java HotSpot(TM) 64-Bit Server VM (25.31-b07 mixed mode windows-amd64 compressed oops)
# Failed to write core dump. Minidumps are not enabled by default on client versions of Windows
#

---------------  T H R E A D  ---------------

Current thread (0x0000000017c47800):  JavaThread "C2 CompilerThread0" daemon [_thread_in_native, id=9128, stack(0x0000000018220000,0x0000000018320000)]

Stack: [0x0000000018220000,0x0000000018320000]
Native frames: (J=compiled Java code, j=interpreted, Vv=VM code, C=native code)
V  [jvm.dll+0x3169ba]


Current CompileTask:
C2:   4336 2030   !   4       com.android.dx.cf.code.BytecodeArray::parseInstruction (2764 bytes)


---------------  P R O C E S S  ---------------

Java Threads: ( => current thread )
  0x000000001801c000 JavaThread "pool-1-thread-1" [_thread_in_Java, id=4980, stack(0x000000001b5e0000,0x000000001b6e0000)]
  0x0000000017c5a800 JavaThread "Service Thread" daemon [_thread_blocked, id=3108, stack(0x0000000018620000,0x0000000018720000)]
  0x0000000017c50800 JavaThread "C1 CompilerThread3" daemon [_thread_blocked, id=5328, stack(0x0000000018520000,0x0000000018620000)]
  0x0000000017c4b800 JavaThread "C2 CompilerThread2" daemon [_thread_in_native, id=9480, stack(0x0000000018420000,0x0000000018520000)]
  0x0000000017c49800 JavaThread "C2 CompilerThread1" daemon [_thread_in_native, id=7340, stack(0x0000000018320000,0x0000000018420000)]
=>0x0000000017c47800 JavaThread "C2 CompilerThread0" daemon [_thread_in_native, id=9128, stack(0x0000000018220000,0x0000000018320000)]
  0x0000000017c45000 JavaThread "Attach Listener" daemon [_thread_blocked, id=5544, stack(0x0000000018120000,0x0000000018220000)]
  0x0000000017c44000 JavaThread "Signal Dispatcher" daemon [_thread_blocked, id=5164, stack(0x0000000018020000,0x0000000018120000)]
  0x0000000003078000 JavaThread "Finalizer" daemon [_thread_blocked, id=5552, stack(0x0000000017b20000,0x0000000017c20000)]
  0x0000000015c3c000 JavaThread "Reference Handler" daemon [_thread_blocked, id=9772, stack(0x0000000017a20000,0x0000000017b20000)]
  0x000000000311e000 JavaThread "main" [_thread_blocked, id=9276, stack(0x0000000002e30000,0x0000000002f30000)]

Other Threads:
  0x0000000015c37800 VMThread [stack: 0x0000000017920000,0x0000000017a20000] [id=4000]
  0x0000000017c97800 WatcherThread [stack: 0x0000000018720000,0x0000000018820000] [id=7584]

VM state:not at safepoint (normal execution)

VM Mutex/Monitor currently owned by a thread: None

Heap:
 PSYoungGen      total 138240K, used 23476K [0x00000000eab00000, 0x00000000fe300000, 0x0000000100000000)
  eden space 133120K, 13% used [0x00000000eab00000,0x00000000ebcf0ec0,0x00000000f2d00000)
  from space 5120K, 99% used [0x00000000f2d00000,0x00000000f31fc240,0x00000000f3200000)
  to   space 26624K, 0% used [0x00000000fc900000,0x00000000fc900000,0x00000000fe300000)
 ParOldGen       total 87552K, used 44238K [0x00000000c0000000, 0x00000000c5580000, 0x00000000eab00000)
  object space 87552K, 50% used [0x00000000c0000000,0x00000000c2b33868,0x00000000c5580000)
 Metaspace       used 6515K, capacity 7320K, committed 7680K, reserved 1056768K
  class space    used 620K, capacity 656K, committed 768K, reserved 1048576K

Card table byte_map: [0x00000000124e0000,0x00000000126f0000] byte_map_base: 0x0000000011ee0000

Marking Bits: (ParMarkBitMap*) 0x0000000057c8d4f0
 Begin Bits: [0x0000000013050000, 0x0000000014050000)
 End Bits:   [0x0000000014050000, 0x0000000015050000)

Polling page: 0x0000000001320000

CodeCache: size=245760Kb used=8668Kb max_used=8668Kb free=237091Kb
 bounds [0x0000000003120000, 0x00000000039a0000, 0x0000000012120000]
 total_blobs=2305 nmethods=2037 adapters=179
 compilation: enabled

Compilation events (10 events):
Event: 4.297 Thread 0x0000000017c50800 2107       2       com.android.dx.dex.file.DebugInfoItem::<init> (36 bytes)
Event: 4.298 Thread 0x0000000017c50800 nmethod 2107 0x0000000003991cd0 code [0x0000000003991e40, 0x0000000003992098]
Event: 4.300 Thread 0x0000000017c50800 2108 %     3       com.android.dx.dex.code.OutputFinisher::addConstants @ 47 (93 bytes)
Event: 4.301 Thread 0x0000000017c50800 nmethod 2108% 0x0000000003992190 code [0x00000000039923e0, 0x0000000003993638]
Event: 4.302 Thread 0x0000000017c50800 2109       3       com.android.dx.dex.code.OutputFinisher::addConstants (93 bytes)
Event: 4.303 Thread 0x0000000017c50800 nmethod 2109 0x0000000003993c90 code [0x0000000003993ee0, 0x0000000003995078]
Event: 4.303 Thread 0x0000000017c50800 2110       3       com.android.dx.dex.code.OutputFinisher::getAllConstants (47 bytes)
Event: 4.304 Thread 0x0000000017c50800 nmethod 2110 0x0000000003995690 code [0x00000000039958c0, 0x0000000003996228]
Event: 4.324 Thread 0x0000000017c50800 2113 %     3       com.android.dx.dex.code.StdCatchBuilder::hasAnyCatches @ 15 (57 bytes)
Event: 4.325 Thread 0x0000000017c50800 nmethod 2113% 0x0000000003996790 code [0x0000000003996980, 0x00000000039976f8]

GC Heap History (10 events):
Event: 0.779 GC heap before
{Heap before GC invocations=1 (full 0):
 PSYoungGen      total 38400K, used 33280K [0x00000000eab00000, 0x00000000ed580000, 0x0000000100000000)
  eden space 33280K, 100% used [0x00000000eab00000,0x00000000ecb80000,0x00000000ecb80000)
  from space 5120K, 0% used [0x00000000ed080000,0x00000000ed080000,0x00000000ed580000)
  to   space 5120K, 0% used [0x00000000ecb80000,0x00000000ecb80000,0x00000000ed080000)
 ParOldGen       total 87552K, used 0K [0x00000000c0000000, 0x00000000c5580000, 0x00000000eab00000)
  object space 87552K, 0% used [0x00000000c0000000,0x00000000c0000000,0x00000000c5580000)
 Metaspace       used 5876K, capacity 6832K, committed 7040K, reserved 1056768K
  class space    used 592K, capacity 616K, committed 640K, reserved 1048576K
Event: 0.788 GC heap after
Heap after GC invocations=1 (full 0):
 PSYoungGen      total 38400K, used 5109K [0x00000000eab00000, 0x00000000ef600000, 0x0000000100000000)
  eden space 33280K, 0% used [0x00000000eab00000,0x00000000eab00000,0x00000000ecb80000)
  from space 5120K, 99% used [0x00000000ecb80000,0x00000000ed07d640,0x00000000ed080000)
  to   space 5120K, 0% used [0x00000000ef100000,0x00000000ef100000,0x00000000ef600000)
 ParOldGen       total 87552K, used 1081K [0x00000000c0000000, 0x00000000c5580000, 0x00000000eab00000)
  object space 87552K, 1% used [0x00000000c0000000,0x00000000c010e638,0x00000000c5580000)
 Metaspace       used 5876K, capacity 6832K, committed 7040K, reserved 1056768K
  class space    used 592K, capacity 616K, committed 640K, reserved 1048576K
}
Event: 1.398 GC heap before
{Heap before GC invocations=2 (full 0):
 PSYoungGen      total 38400K, used 38389K [0x00000000eab00000, 0x00000000ef600000, 0x0000000100000000)
  eden space 33280K, 100% used [0x00000000eab00000,0x00000000ecb80000,0x00000000ecb80000)
  from space 5120K, 99% used [0x00000000ecb80000,0x00000000ed07d640,0x00000000ed080000)
  to   space 5120K, 0% used [0x00000000ef100000,0x00000000ef100000,0x00000000ef600000)
 ParOldGen       total 87552K, used 1081K [0x00000000c0000000, 0x00000000c5580000, 0x00000000eab00000)
  object space 87552K, 1% used [0x00000000c0000000,0x00000000c010e638,0x00000000c5580000)
 Metaspace       used 6115K, capacity 7088K, committed 7296K, reserved 1056768K
  class space    used 593K, capacity 616K, committed 640K, reserved 1048576K
Event: 1.438 GC heap after
Heap after GC invocations=2 (full 0):
 PSYoungGen      total 71680K, used 5102K [0x00000000eab00000, 0x00000000ef600000, 0x0000000100000000)
  eden space 66560K, 0% used [0x00000000eab00000,0x00000000eab00000,0x00000000eec00000)
  from space 5120K, 99% used [0x00000000ef100000,0x00000000ef5fb9a8,0x00000000ef600000)
  to   space 5120K, 0% used [0x00000000eec00000,0x00000000eec00000,0x00000000ef100000)
 ParOldGen       total 87552K, used 5233K [0x00000000c0000000, 0x00000000c5580000, 0x00000000eab00000)
  object space 87552K, 5% used [0x00000000c0000000,0x00000000c051c7c0,0x00000000c5580000)
 Metaspace       used 6115K, capacity 7088K, committed 7296K, reserved 1056768K
  class space    used 593K, capacity 616K, committed 640K, reserved 1048576K
}
Event: 2.061 GC heap before
{Heap before GC invocations=3 (full 0):
 PSYoungGen      total 71680K, used 71662K [0x00000000eab00000, 0x00000000ef600000, 0x0000000100000000)
  eden space 66560K, 100% used [0x00000000eab00000,0x00000000eec00000,0x00000000eec00000)
  from space 5120K, 99% used [0x00000000ef100000,0x00000000ef5fb9a8,0x00000000ef600000)
  to   space 5120K, 0% used [0x00000000eec00000,0x00000000eec00000,0x00000000ef100000)
 ParOldGen       total 87552K, used 5233K [0x00000000c0000000, 0x00000000c5580000, 0x00000000eab00000)
  object space 87552K, 5% used [0x00000000c0000000,0x00000000c051c7c0,0x00000000c5580000)
 Metaspace       used 6206K, capacity 7152K, committed 7296K, reserved 1056768K
  class space    used 593K, capacity 616K, committed 640K, reserved 1048576K
Event: 2.098 GC heap after
Heap after GC invocations=3 (full 0):
 PSYoungGen      total 71680K, used 5088K [0x00000000eab00000, 0x00000000f3700000, 0x0000000100000000)
  eden space 66560K, 0% used [0x00000000eab00000,0x00000000eab00000,0x00000000eec00000)
  from space 5120K, 99% used [0x00000000eec00000,0x00000000ef0f8110,0x00000000ef100000)
  to   space 5120K, 0% used [0x00000000f3200000,0x00000000f3200000,0x00000000f3700000)
 ParOldGen       total 87552K, used 15353K [0x00000000c0000000, 0x00000000c5580000, 0x00000000eab00000)
  object space 87552K, 17% used [0x00000000c0000000,0x00000000c0efe670,0x00000000c5580000)
 Metaspace       used 6206K, capacity 7152K, committed 7296K, reserved 1056768K
  class space    used 593K, capacity 616K, committed 640K, reserved 1048576K
}
Event: 2.906 GC heap before
{Heap before GC invocations=4 (full 0):
 PSYoungGen      total 71680K, used 71648K [0x00000000eab00000, 0x00000000f3700000, 0x0000000100000000)
  eden space 66560K, 100% used [0x00000000eab00000,0x00000000eec00000,0x00000000eec00000)
  from space 5120K, 99% used [0x00000000eec00000,0x00000000ef0f8110,0x00000000ef100000)
  to   space 5120K, 0% used [0x00000000f3200000,0x00000000f3200000,0x00000000f3700000)
 ParOldGen       total 87552K, used 15353K [0x00000000c0000000, 0x00000000c5580000, 0x00000000eab00000)
  object space 87552K, 17% used [0x00000000c0000000,0x00000000c0efe670,0x00000000c5580000)
 Metaspace       used 6339K, capacity 7192K, committed 7424K, reserved 1056768K
  class space    used 614K, capacity 656K, committed 768K, reserved 1048576K
Event: 2.949 GC heap after
Heap after GC invocations=4 (full 0):
 PSYoungGen      total 138240K, used 5108K [0x00000000eab00000, 0x00000000f3700000, 0x0000000100000000)
  eden space 133120K, 0% used [0x00000000eab00000,0x00000000eab00000,0x00000000f2d00000)
  from space 5120K, 99% used [0x00000000f3200000,0x00000000f36fd3d8,0x00000000f3700000)
  to   space 5120K, 0% used [0x00000000f2d00000,0x00000000f2d00000,0x00000000f3200000)
 ParOldGen       total 87552K, used 24542K [0x00000000c0000000, 0x00000000c5580000, 0x00000000eab00000)
  object space 87552K, 28% used [0x00000000c0000000,0x00000000c17f7b30,0x00000000c5580000)
 Metaspace       used 6339K, capacity 7192K, committed 7424K, reserved 1056768K
  class space    used 614K, capacity 656K, committed 768K, reserved 1048576K
}
Event: 4.168 GC heap before
{Heap before GC invocations=5 (full 0):
 PSYoungGen      total 138240K, used 138228K [0x00000000eab00000, 0x00000000f3700000, 0x0000000100000000)
  eden space 133120K, 100% used [0x00000000eab00000,0x00000000f2d00000,0x00000000f2d00000)
  from space 5120K, 99% used [0x00000000f3200000,0x00000000f36fd3d8,0x00000000f3700000)
  to   space 5120K, 0% used [0x00000000f2d00000,0x00000000f2d00000,0x00000000f3200000)
 ParOldGen       total 87552K, used 24542K [0x00000000c0000000, 0x00000000c5580000, 0x00000000eab00000)
  object space 87552K, 28% used [0x00000000c0000000,0x00000000c17f7b30,0x00000000c5580000)
 Metaspace       used 6433K, capacity 7256K, committed 7424K, reserved 1056768K
  class space    used 615K, capacity 656K, committed 768K, reserved 1048576K
Event: 4.199 GC heap after
Heap after GC invocations=5 (full 0):
 PSYoungGen      total 138240K, used 5104K [0x00000000eab00000, 0x00000000fe300000, 0x0000000100000000)
  eden space 133120K, 0% used [0x00000000eab00000,0x00000000eab00000,0x00000000f2d00000)
  from space 5120K, 99% used [0x00000000f2d00000,0x00000000f31fc240,0x00000000f3200000)
  to   space 26624K, 0% used [0x00000000fc900000,0x00000000fc900000,0x00000000fe300000)
 ParOldGen       total 87552K, used 44238K [0x00000000c0000000, 0x00000000c5580000, 0x00000000eab00000)
  object space 87552K, 50% used [0x00000000c0000000,0x00000000c2b33868,0x00000000c5580000)
 Metaspace       used 6433K, capacity 7256K, committed 7424K, reserved 1056768K
  class space    used 615K, capacity 656K, committed 768K, reserved 1048576K
}

Deoptimization events (10 events):
Event: 3.314 Thread 0x0000000017fa3000 Uncommon trap: reason=unreached action=reinterpret pc=0x0000000003859d50 method=java.util.HashMap.resize()[Ljava/util/HashMap$Node; @ 206
Event: 3.376 Thread 0x000000000311e000 Uncommon trap: reason=bimorphic action=maybe_recompile pc=0x0000000003789308 method=com.android.dx.rop.code.RegisterSpec.withSimpleType()Lcom/android/dx/rop/code/RegisterSpec; @ 21
Event: 3.399 Thread 0x000000000311e000 Uncommon trap: reason=bimorphic action=maybe_recompile pc=0x0000000003789308 method=com.android.dx.rop.code.RegisterSpec.withSimpleType()Lcom/android/dx/rop/code/RegisterSpec; @ 21
Event: 4.084 Thread 0x0000000017eea800 Uncommon trap: reason=bimorphic action=maybe_recompile pc=0x000000000396f9c0 method=com.android.dx.cf.code.BytecodeArray.parseInstruction(ILcom/android/dx/cf/code/BytecodeArray$Visitor;)I @ 1287
Event: 4.084 Thread 0x0000000017eea800 Uncommon trap: reason=bimorphic action=maybe_recompile pc=0x000000000396f9c0 method=com.android.dx.cf.code.BytecodeArray.parseInstruction(ILcom/android/dx/cf/code/BytecodeArray$Visitor;)I @ 1287
Event: 4.269 Thread 0x000000001801c000 Uncommon trap: reason=class_check action=maybe_recompile pc=0x000000000354bda4 method=java.util.Arrays.hashCode([Ljava/lang/Object;)I @ 43
Event: 4.269 Thread 0x000000001801c000 Uncommon trap: reason=class_check action=maybe_recompile pc=0x000000000354bda4 method=java.util.Arrays.hashCode([Ljava/lang/Object;)I @ 43
Event: 4.269 Thread 0x000000001801c000 Uncommon trap: reason=class_check action=maybe_recompile pc=0x000000000354bda4 method=java.util.Arrays.hashCode([Ljava/lang/Object;)I @ 43
Event: 4.269 Thread 0x000000001801c000 Uncommon trap: reason=class_check action=maybe_recompile pc=0x000000000354bda4 method=java.util.Arrays.hashCode([Ljava/lang/Object;)I @ 43
Event: 4.269 Thread 0x000000001801c000 Uncommon trap: reason=class_check action=maybe_recompile pc=0x0000000003547c88 method=java.util.Arrays.hashCode([Ljava/lang/Object;)I @ 43

Internal exceptions (10 events):
Event: 1.310 Thread 0x0000000017eea800 Implicit null exception at 0x000000000354cdaf to 0x000000000354dd2d
Event: 1.318 Thread 0x000000000311e000 Exception <a 'java/security/PrivilegedActionException'> (0x00000000ebd43230) thrown at [C:\workspace\8-2-build-windows-amd64-cygwin\jdk8u31\2394\hotspot\src\share\vm\prims\jvm.cpp, line 1312]
Event: 1.690 Thread 0x000000000311e000 Exception <a 'java/security/PrivilegedActionException'> (0x00000000ec5bfe60) thrown at [C:\workspace\8-2-build-windows-amd64-cygwin\jdk8u31\2394\hotspot\src\share\vm\prims\jvm.cpp, line 1312]
Event: 1.948 Thread 0x0000000017eea800 Exception <a 'java/security/PrivilegedActionException'> (0x00000000edb14e40) thrown at [C:\workspace\8-2-build-windows-amd64-cygwin\jdk8u31\2394\hotspot\src\share\vm\prims\jvm.cpp, line 1312]
Event: 2.719 Thread 0x0000000017fa4000 Exception <a 'java/lang/ArrayIndexOutOfBoundsException': 18> (0x00000000edde6ae0) thrown at [C:\workspace\8-2-build-windows-amd64-cygwin\jdk8u31\2394\hotspot\src\share\vm\interpreter\interpreterRuntime.cpp, line 366]
Event: 2.720 Thread 0x0000000017fa4000 Exception <a 'java/lang/ArrayIndexOutOfBoundsException': 145> (0x00000000edde8578) thrown at [C:\workspace\8-2-build-windows-amd64-cygwin\jdk8u31\2394\hotspot\src\share\vm\interpreter\interpreterRuntime.cpp, line 366]
Event: 2.720 Thread 0x0000000017fa4000 Exception <a 'java/lang/ArrayIndexOutOfBoundsException'> (0x00000000edde9790) thrown at [C:\workspace\8-2-build-windows-amd64-cygwin\jdk8u31\2394\hotspot\src\share\vm\runtime\sharedRuntime.cpp, line 604]
Event: 4.265 Thread 0x000000000311e000 Exception <a 'java/security/PrivilegedActionException'> (0x00000000eba28190) thrown at [C:\workspace\8-2-build-windows-amd64-cygwin\jdk8u31\2394\hotspot\src\share\vm\prims\jvm.cpp, line 1312]
Event: 4.271 Thread 0x000000001801c000 Exception <a 'java/security/PrivilegedActionException'> (0x00000000ebae2b08) thrown at [C:\workspace\8-2-build-windows-amd64-cygwin\jdk8u31\2394\hotspot\src\share\vm\prims\jvm.cpp, line 1312]
Event: 4.289 Thread 0x000000001801c000 Exception <a 'java/security/PrivilegedActionException'> (0x00000000ebb391f0) thrown at [C:\workspace\8-2-build-windows-amd64-cygwin\jdk8u31\2394\hotspot\src\share\vm\prims\jvm.cpp, line 1312]

Events (10 events):
Event: 4.269 Thread 0x000000001801c000 DEOPT UNPACKING pc=0x000000000316556a sp=0x000000001b6dee00 mode 2
Event: 4.269 Thread 0x000000001801c000 Uncommon trap: trap_request=0xffffffde fr.pc=0x0000000003547c88
Event: 4.269 Thread 0x000000001801c000 DEOPT PACKING pc=0x0000000003547c88 sp=0x000000001b6deeb0
Event: 4.269 Thread 0x000000001801c000 DEOPT UNPACKING pc=0x000000000316556a sp=0x000000001b6dee38 mode 2
Event: 4.271 loading class com/android/dx/rop/cst/Zeroes
Event: 4.271 loading class com/android/dx/rop/cst/Zeroes done
Event: 4.289 loading class com/android/dx/dex/file/CatchStructs
Event: 4.289 loading class com/android/dx/dex/file/CatchStructs done
Event: 4.303 Thread 0x000000001801c000 DEOPT PACKING pc=0x000000000398e394 sp=0x000000001b6deff0
Event: 4.303 Thread 0x000000001801c000 DEOPT UNPACKING pc=0x00000000031675bf sp=0x000000001b6ded80 mode 0


Dynamic libraries:
0x00007ff65e8c0000 - 0x00007ff65e8f4000 	C:\Program Files\Java\jdk1.8.0_31\bin\java.exe
0x00007ffc3d8f0000 - 0x00007ffc3dab1000 	C:\WINDOWS\SYSTEM32\ntdll.dll
0x00007ffc3c650000 - 0x00007ffc3c6fd000 	C:\WINDOWS\system32\KERNEL32.DLL
0x00007ffc3a0c0000 - 0x00007ffc3a2a8000 	C:\WINDOWS\system32\KERNELBASE.dll
0x00007ffc3cb20000 - 0x00007ffc3cbc7000 	C:\WINDOWS\system32\ADVAPI32.dll
0x00007ffc3aec0000 - 0x00007ffc3af5d000 	C:\WINDOWS\system32\msvcrt.dll
0x00007ffc3cac0000 - 0x00007ffc3cb1b000 	C:\WINDOWS\system32\sechost.dll
0x00007ffc3d310000 - 0x00007ffc3d42c000 	C:\WINDOWS\system32\RPCRT4.dll
0x00007ffc3c960000 - 0x00007ffc3cab6000 	C:\WINDOWS\system32\USER32.dll
0x00007ffc3c4c0000 - 0x00007ffc3c646000 	C:\WINDOWS\system32\GDI32.dll
0x00007ffc348f0000 - 0x00007ffc34b64000 	C:\WINDOWS\WinSxS\amd64_microsoft.windows.common-controls_6595b64144ccf1df_6.0.10586.589_none_a2ddb3caa539acce\COMCTL32.dll
0x00007ffc3d090000 - 0x00007ffc3d30d000 	C:\WINDOWS\system32\combase.dll
0x00007ffc3a050000 - 0x00007ffc3a0ba000 	C:\WINDOWS\system32\bcryptPrimitives.dll
0x00007ffc3cc40000 - 0x00007ffc3cc7b000 	C:\WINDOWS\system32\IMM32.DLL
0x0000000057d10000 - 0x0000000057de2000 	C:\Program Files\Java\jdk1.8.0_31\jre\bin\msvcr100.dll
0x00000000574b0000 - 0x0000000057d0a000 	C:\Program Files\Java\jdk1.8.0_31\jre\bin\server\jvm.dll
0x00007ffc3d4a0000 - 0x00007ffc3d4a8000 	C:\WINDOWS\system32\PSAPI.DLL
0x00007ffc38250000 - 0x00007ffc38273000 	C:\WINDOWS\SYSTEM32\WINMM.dll
0x00007ffc19850000 - 0x00007ffc19859000 	C:\WINDOWS\SYSTEM32\WSOCK32.dll
0x00007ffc3cbd0000 - 0x00007ffc3cc3b000 	C:\WINDOWS\system32\WS2_32.dll
0x00007ffc38130000 - 0x00007ffc3815c000 	C:\WINDOWS\SYSTEM32\WINMMBASE.dll
0x00007ffc3a2b0000 - 0x00007ffc3a2f3000 	C:\WINDOWS\system32\cfgmgr32.dll
0x00000000574a0000 - 0x00000000574af000 	C:\Program Files\Java\jdk1.8.0_31\jre\bin\verify.dll
0x0000000057470000 - 0x0000000057498000 	C:\Program Files\Java\jdk1.8.0_31\jre\bin\java.dll
0x0000000057450000 - 0x0000000057466000 	C:\Program Files\Java\jdk1.8.0_31\jre\bin\zip.dll
0x00007ffc3af60000 - 0x00007ffc3c4bc000 	C:\WINDOWS\system32\SHELL32.dll
0x00007ffc3a5e0000 - 0x00007ffc3ac25000 	C:\WINDOWS\system32\windows.storage.dll
0x00007ffc3d030000 - 0x00007ffc3d082000 	C:\WINDOWS\system32\shlwapi.dll
0x00007ffc39f20000 - 0x00007ffc39f2f000 	C:\WINDOWS\system32\kernel.appcore.dll
0x00007ffc3ac30000 - 0x00007ffc3ace5000 	C:\WINDOWS\system32\shcore.dll
0x00007ffc39f30000 - 0x00007ffc39f7b000 	C:\WINDOWS\system32\powrprof.dll
0x00007ffc39f80000 - 0x00007ffc39f94000 	C:\WINDOWS\system32\profapi.dll

VM Arguments:
jvm_args: -Djava.awt.headless=true -Xmx1024M -Dfile.encoding=windows-1252 -Duser.country=FR -Duser.language=fr -Duser.variant 
java_command: com.android.dx.command.Main --dex --force-jumbo --num-threads=4 --multi-dex --output C:\Users\Morgan\AndroidStudioProjects\BrainFuck\app\build\intermediates\transforms\dex\debug\folders\1000\10\com.android.support-appcompat-v7-24.2.1_38b85ba8be90ca557ff6af95b5c3e3178f52d2ff C:\Users\Morgan\AndroidStudioProjects\BrainFuck\app\build\intermediates\exploded-aar\com.android.support\appcompat-v7\24.2.1\jars\classes.jar
java_class_path (initial): C:\Users\Morgan\AppData\Local\Android\Sdk\build-tools\24.0.2\lib\dx.jar
Launcher Type: SUN_STANDARD

Environment Variables:
JAVA_HOME=C:\Program Files\Java\jdk1.8.0_31
PATH=C:\Program Files (x86)\Intel\iCLS Client\;C:\Program Files\Intel\iCLS Client\;C:\Windows\system32;C:\Windows;C:\Windows\System32\Wbem;C:\Windows\System32\WindowsPowerShell\v1.0\;C:\Program Files (x86)\Windows Live\Shared;C:\adb;C:\Program Files (x86)\NVIDIA Corporation\PhysX\Common;C:\WINDOWS\system32;C:\WINDOWS;C:\WINDOWS\System32\Wbem;C:\WINDOWS\System32\WindowsPowerShell\v1.0\;C:\MinGW\bin;C:\WINDOWS\system32\config\systemprofile\.dnx\bin;C:\Program Files\Microsoft DNX\Dnvm\;C:\Program Files\Microsoft SQL Server\120\Tools\Binn\;C:\Program Files\Microsoft SQL Server\130\Tools\Binn\;C:\Program Files (x86)\Windows Kits\10\Windows Performance Toolkit\;C:\Program Files\Microsoft\Web Platform Installer\;C:\Program Files (x86)\MySQL\MySQL Fabric 1.5 & MySQL Utilities 1.5\;C:\Program Files (x86)\MySQL\MySQL Fabric 1.5 & MySQL Utilities 1.5\Doctrine extensions for PHP\;C:\Program Files\Git\cmd;C:\Users\Morgan\AppData\Local\Programs\Python\Python35-32\Scripts\;C:\Users\Morgan\AppData\Local\Programs\Python\Python35-32\;C:\Users\Morgan\.dnx\bin;C:\Program Files\Java\jdk1.8.0_31;C:\Program Files (x86)\Java\jre7\bin
USERNAME=Morgan
OS=Windows_NT
PROCESSOR_IDENTIFIER=Intel64 Family 6 Model 60 Stepping 3, GenuineIntel



---------------  S Y S T E M  ---------------

OS: Windows 8.1 , 64 bit Build 9600 

CPU:total 8 (4 cores per cpu, 2 threads per core) family 6 model 60 stepping 3, cmov, cx8, fxsr, mmx, sse, sse2, sse3, ssse3, sse4.1, sse4.2, popcnt, avx, avx2, aes, clmul, erms, lzcnt, ht, tsc, tscinvbit, bmi1, bmi2

Memory: 4k page, physical 8304352k(1276572k free), swap 8304352k(4504k free)

vm_info: Java HotSpot(TM) 64-Bit Server VM (25.31-b07) for windows-amd64 JRE (1.8.0_31-b13), built on Dec 17 2014 21:00:28 by "java_re" with MS VC++ 10.0 (VS2010)

time: Thu Sep 22 13:06:35 2016
elapsed time: 4 seconds (0d 0h 0m 4s)

